[0.291s] DEBUG:colcon:Command line arguments: ['/usr/bin/colcon', 'build', '--symlink-install']
[0.291s] DEBUG:colcon:Parsed command line arguments: Namespace(log_base=None, log_level=None, verb_name='build', build_base='build', install_base='install', merge_install=False, symlink_install=True, test_result_base=None, continue_on_error=False, executor='parallel', parallel_workers=4, event_handlers=None, ignore_user_meta=False, metas=['./colcon.meta'], base_paths=['.'], packages_ignore=None, packages_ignore_regex=None, paths=None, packages_up_to=None, packages_up_to_regex=None, packages_above=None, packages_above_and_dependencies=None, packages_above_depth=None, packages_select_by_dep=None, packages_skip_by_dep=None, packages_skip_up_to=None, packages_select_build_failed=False, packages_skip_build_finished=False, packages_select_test_failures=False, packages_skip_test_passed=False, packages_select=None, packages_skip=None, packages_select_regex=None, packages_skip_regex=None, packages_start=None, packages_end=None, allow_overriding=[], cmake_args=None, cmake_target=None, cmake_target_skip_unavailable=False, cmake_clean_cache=False, cmake_clean_first=False, cmake_force_configure=False, ament_cmake_args=None, catkin_cmake_args=None, catkin_skip_building_tests=False, verb_parser=<colcon_defaults.argument_parser.defaults.DefaultArgumentsDecorator object at 0x77910557da30>, verb_extension=<colcon_core.verb.build.BuildVerb object at 0x77910557d820>, main=<bound method BuildVerb.main of <colcon_core.verb.build.BuildVerb object at 0x77910557d820>>)
[0.329s] Level 1:colcon.colcon_core.package_discovery:discover_packages(colcon_meta) check parameters
[0.329s] Level 1:colcon.colcon_core.package_discovery:discover_packages(recursive) check parameters
[0.329s] Level 1:colcon.colcon_core.package_discovery:discover_packages(ignore) check parameters
[0.329s] Level 1:colcon.colcon_core.package_discovery:discover_packages(path) check parameters
[0.329s] Level 1:colcon.colcon_core.package_discovery:discover_packages(colcon_meta) discover
[0.329s] Level 1:colcon.colcon_core.package_discovery:discover_packages(recursive) discover
[0.329s] INFO:colcon.colcon_core.package_discovery:Crawling recursively for packages in '/home/max/github/VisionArm/ROS2'
[0.329s] Level 1:colcon.colcon_core.package_identification:_identify(.) by extensions ['ignore', 'ignore_ament_install']
[0.329s] Level 1:colcon.colcon_core.package_identification:_identify(.) by extension 'ignore'
[0.329s] Level 1:colcon.colcon_core.package_identification:_identify(.) by extension 'ignore_ament_install'
[0.329s] Level 1:colcon.colcon_core.package_identification:_identify(.) by extensions ['colcon_pkg']
[0.329s] Level 1:colcon.colcon_core.package_identification:_identify(.) by extension 'colcon_pkg'
[0.329s] Level 1:colcon.colcon_core.package_identification:_identify(.) by extensions ['colcon_meta']
[0.329s] Level 1:colcon.colcon_core.package_identification:_identify(.) by extension 'colcon_meta'
[0.329s] Level 1:colcon.colcon_core.package_identification:_identify(.) by extensions ['ros']
[0.329s] Level 1:colcon.colcon_core.package_identification:_identify(.) by extension 'ros'
[0.349s] Level 1:colcon.colcon_core.package_identification:_identify(.) by extensions ['cmake', 'python']
[0.349s] Level 1:colcon.colcon_core.package_identification:_identify(.) by extension 'cmake'
[0.349s] Level 1:colcon.colcon_core.package_identification:_identify(.) by extension 'python'
[0.349s] Level 1:colcon.colcon_core.package_identification:_identify(.) by extensions ['python_setup_py']
[0.349s] Level 1:colcon.colcon_core.package_identification:_identify(.) by extension 'python_setup_py'
[0.349s] Level 1:colcon.colcon_core.package_identification:_identify(ar4_ros_driver) by extensions ['ignore', 'ignore_ament_install']
[0.349s] Level 1:colcon.colcon_core.package_identification:_identify(ar4_ros_driver) by extension 'ignore'
[0.350s] Level 1:colcon.colcon_core.package_identification:_identify(ar4_ros_driver) by extension 'ignore_ament_install'
[0.350s] Level 1:colcon.colcon_core.package_identification:_identify(ar4_ros_driver) by extensions ['colcon_pkg']
[0.350s] Level 1:colcon.colcon_core.package_identification:_identify(ar4_ros_driver) by extension 'colcon_pkg'
[0.350s] Level 1:colcon.colcon_core.package_identification:_identify(ar4_ros_driver) by extensions ['colcon_meta']
[0.350s] Level 1:colcon.colcon_core.package_identification:_identify(ar4_ros_driver) by extension 'colcon_meta'
[0.350s] Level 1:colcon.colcon_core.package_identification:_identify(ar4_ros_driver) by extensions ['ros']
[0.350s] Level 1:colcon.colcon_core.package_identification:_identify(ar4_ros_driver) by extension 'ros'
[0.350s] Level 1:colcon.colcon_core.package_identification:_identify(ar4_ros_driver) by extensions ['cmake', 'python']
[0.350s] Level 1:colcon.colcon_core.package_identification:_identify(ar4_ros_driver) by extension 'cmake'
[0.350s] Level 1:colcon.colcon_core.package_identification:_identify(ar4_ros_driver) by extension 'python'
[0.350s] Level 1:colcon.colcon_core.package_identification:_identify(ar4_ros_driver) by extensions ['python_setup_py']
[0.350s] Level 1:colcon.colcon_core.package_identification:_identify(ar4_ros_driver) by extension 'python_setup_py'
[0.350s] Level 1:colcon.colcon_core.package_identification:_identify(ar4_ros_driver/annin_ar4_description) by extensions ['ignore', 'ignore_ament_install']
[0.350s] Level 1:colcon.colcon_core.package_identification:_identify(ar4_ros_driver/annin_ar4_description) by extension 'ignore'
[0.350s] Level 1:colcon.colcon_core.package_identification:_identify(ar4_ros_driver/annin_ar4_description) by extension 'ignore_ament_install'
[0.350s] Level 1:colcon.colcon_core.package_identification:_identify(ar4_ros_driver/annin_ar4_description) by extensions ['colcon_pkg']
[0.350s] Level 1:colcon.colcon_core.package_identification:_identify(ar4_ros_driver/annin_ar4_description) by extension 'colcon_pkg'
[0.350s] Level 1:colcon.colcon_core.package_identification:_identify(ar4_ros_driver/annin_ar4_description) by extensions ['colcon_meta']
[0.350s] Level 1:colcon.colcon_core.package_identification:_identify(ar4_ros_driver/annin_ar4_description) by extension 'colcon_meta'
[0.350s] Level 1:colcon.colcon_core.package_identification:_identify(ar4_ros_driver/annin_ar4_description) by extensions ['ros']
[0.350s] Level 1:colcon.colcon_core.package_identification:_identify(ar4_ros_driver/annin_ar4_description) by extension 'ros'
[0.352s] DEBUG:colcon.colcon_core.package_identification:Package 'ar4_ros_driver/annin_ar4_description' with type 'ros.ament_cmake' and name 'annin_ar4_description'
[0.352s] Level 1:colcon.colcon_core.package_identification:_identify(ar4_ros_driver/annin_ar4_driver) by extensions ['ignore', 'ignore_ament_install']
[0.352s] Level 1:colcon.colcon_core.package_identification:_identify(ar4_ros_driver/annin_ar4_driver) by extension 'ignore'
[0.352s] Level 1:colcon.colcon_core.package_identification:_identify(ar4_ros_driver/annin_ar4_driver) by extension 'ignore_ament_install'
[0.352s] Level 1:colcon.colcon_core.package_identification:_identify(ar4_ros_driver/annin_ar4_driver) by extensions ['colcon_pkg']
[0.352s] Level 1:colcon.colcon_core.package_identification:_identify(ar4_ros_driver/annin_ar4_driver) by extension 'colcon_pkg'
[0.352s] Level 1:colcon.colcon_core.package_identification:_identify(ar4_ros_driver/annin_ar4_driver) by extensions ['colcon_meta']
[0.352s] Level 1:colcon.colcon_core.package_identification:_identify(ar4_ros_driver/annin_ar4_driver) by extension 'colcon_meta'
[0.352s] Level 1:colcon.colcon_core.package_identification:_identify(ar4_ros_driver/annin_ar4_driver) by extensions ['ros']
[0.352s] Level 1:colcon.colcon_core.package_identification:_identify(ar4_ros_driver/annin_ar4_driver) by extension 'ros'
[0.353s] DEBUG:colcon.colcon_core.package_identification:Package 'ar4_ros_driver/annin_ar4_driver' with type 'ros.ament_cmake' and name 'annin_ar4_driver'
[0.353s] Level 1:colcon.colcon_core.package_identification:_identify(ar4_ros_driver/annin_ar4_firmware) by extensions ['ignore', 'ignore_ament_install']
[0.353s] Level 1:colcon.colcon_core.package_identification:_identify(ar4_ros_driver/annin_ar4_firmware) by extension 'ignore'
[0.353s] Level 1:colcon.colcon_core.package_identification:_identify(ar4_ros_driver/annin_ar4_firmware) by extension 'ignore_ament_install'
[0.353s] Level 1:colcon.colcon_core.package_identification:_identify(ar4_ros_driver/annin_ar4_firmware) by extensions ['colcon_pkg']
[0.353s] Level 1:colcon.colcon_core.package_identification:_identify(ar4_ros_driver/annin_ar4_firmware) by extension 'colcon_pkg'
[0.353s] Level 1:colcon.colcon_core.package_identification:_identify(ar4_ros_driver/annin_ar4_firmware) by extensions ['colcon_meta']
[0.353s] Level 1:colcon.colcon_core.package_identification:_identify(ar4_ros_driver/annin_ar4_firmware) by extension 'colcon_meta'
[0.353s] Level 1:colcon.colcon_core.package_identification:_identify(ar4_ros_driver/annin_ar4_firmware) by extensions ['ros']
[0.353s] Level 1:colcon.colcon_core.package_identification:_identify(ar4_ros_driver/annin_ar4_firmware) by extension 'ros'
[0.353s] Level 1:colcon.colcon_core.package_identification:_identify(ar4_ros_driver/annin_ar4_firmware) by extensions ['cmake', 'python']
[0.353s] Level 1:colcon.colcon_core.package_identification:_identify(ar4_ros_driver/annin_ar4_firmware) by extension 'cmake'
[0.353s] Level 1:colcon.colcon_core.package_identification:_identify(ar4_ros_driver/annin_ar4_firmware) by extension 'python'
[0.353s] Level 1:colcon.colcon_core.package_identification:_identify(ar4_ros_driver/annin_ar4_firmware) by extensions ['python_setup_py']
[0.353s] Level 1:colcon.colcon_core.package_identification:_identify(ar4_ros_driver/annin_ar4_firmware) by extension 'python_setup_py'
[0.353s] Level 1:colcon.colcon_core.package_identification:_identify(ar4_ros_driver/annin_ar4_firmware/AR4_nano) by extensions ['ignore', 'ignore_ament_install']
[0.353s] Level 1:colcon.colcon_core.package_identification:_identify(ar4_ros_driver/annin_ar4_firmware/AR4_nano) by extension 'ignore'
[0.353s] Level 1:colcon.colcon_core.package_identification:_identify(ar4_ros_driver/annin_ar4_firmware/AR4_nano) by extension 'ignore_ament_install'
[0.353s] Level 1:colcon.colcon_core.package_identification:_identify(ar4_ros_driver/annin_ar4_firmware/AR4_nano) by extensions ['colcon_pkg']
[0.353s] Level 1:colcon.colcon_core.package_identification:_identify(ar4_ros_driver/annin_ar4_firmware/AR4_nano) by extension 'colcon_pkg'
[0.353s] Level 1:colcon.colcon_core.package_identification:_identify(ar4_ros_driver/annin_ar4_firmware/AR4_nano) by extensions ['colcon_meta']
[0.353s] Level 1:colcon.colcon_core.package_identification:_identify(ar4_ros_driver/annin_ar4_firmware/AR4_nano) by extension 'colcon_meta'
[0.353s] Level 1:colcon.colcon_core.package_identification:_identify(ar4_ros_driver/annin_ar4_firmware/AR4_nano) by extensions ['ros']
[0.353s] Level 1:colcon.colcon_core.package_identification:_identify(ar4_ros_driver/annin_ar4_firmware/AR4_nano) by extension 'ros'
[0.353s] Level 1:colcon.colcon_core.package_identification:_identify(ar4_ros_driver/annin_ar4_firmware/AR4_nano) by extensions ['cmake', 'python']
[0.353s] Level 1:colcon.colcon_core.package_identification:_identify(ar4_ros_driver/annin_ar4_firmware/AR4_nano) by extension 'cmake'
[0.353s] Level 1:colcon.colcon_core.package_identification:_identify(ar4_ros_driver/annin_ar4_firmware/AR4_nano) by extension 'python'
[0.353s] Level 1:colcon.colcon_core.package_identification:_identify(ar4_ros_driver/annin_ar4_firmware/AR4_nano) by extensions ['python_setup_py']
[0.354s] Level 1:colcon.colcon_core.package_identification:_identify(ar4_ros_driver/annin_ar4_firmware/AR4_nano) by extension 'python_setup_py'
[0.354s] Level 1:colcon.colcon_core.package_identification:_identify(ar4_ros_driver/annin_ar4_firmware/AR4_teensy) by extensions ['ignore', 'ignore_ament_install']
[0.354s] Level 1:colcon.colcon_core.package_identification:_identify(ar4_ros_driver/annin_ar4_firmware/AR4_teensy) by extension 'ignore'
[0.354s] Level 1:colcon.colcon_core.package_identification:_identify(ar4_ros_driver/annin_ar4_firmware/AR4_teensy) by extension 'ignore_ament_install'
[0.354s] Level 1:colcon.colcon_core.package_identification:_identify(ar4_ros_driver/annin_ar4_firmware/AR4_teensy) by extensions ['colcon_pkg']
[0.354s] Level 1:colcon.colcon_core.package_identification:_identify(ar4_ros_driver/annin_ar4_firmware/AR4_teensy) by extension 'colcon_pkg'
[0.354s] Level 1:colcon.colcon_core.package_identification:_identify(ar4_ros_driver/annin_ar4_firmware/AR4_teensy) by extensions ['colcon_meta']
[0.354s] Level 1:colcon.colcon_core.package_identification:_identify(ar4_ros_driver/annin_ar4_firmware/AR4_teensy) by extension 'colcon_meta'
[0.354s] Level 1:colcon.colcon_core.package_identification:_identify(ar4_ros_driver/annin_ar4_firmware/AR4_teensy) by extensions ['ros']
[0.354s] Level 1:colcon.colcon_core.package_identification:_identify(ar4_ros_driver/annin_ar4_firmware/AR4_teensy) by extension 'ros'
[0.354s] Level 1:colcon.colcon_core.package_identification:_identify(ar4_ros_driver/annin_ar4_firmware/AR4_teensy) by extensions ['cmake', 'python']
[0.354s] Level 1:colcon.colcon_core.package_identification:_identify(ar4_ros_driver/annin_ar4_firmware/AR4_teensy) by extension 'cmake'
[0.354s] Level 1:colcon.colcon_core.package_identification:_identify(ar4_ros_driver/annin_ar4_firmware/AR4_teensy) by extension 'python'
[0.354s] Level 1:colcon.colcon_core.package_identification:_identify(ar4_ros_driver/annin_ar4_firmware/AR4_teensy) by extensions ['python_setup_py']
[0.354s] Level 1:colcon.colcon_core.package_identification:_identify(ar4_ros_driver/annin_ar4_firmware/AR4_teensy) by extension 'python_setup_py'
[0.354s] Level 1:colcon.colcon_core.package_identification:_identify(ar4_ros_driver/annin_ar4_gazebo) by extensions ['ignore', 'ignore_ament_install']
[0.354s] Level 1:colcon.colcon_core.package_identification:_identify(ar4_ros_driver/annin_ar4_gazebo) by extension 'ignore'
[0.354s] Level 1:colcon.colcon_core.package_identification:_identify(ar4_ros_driver/annin_ar4_gazebo) by extension 'ignore_ament_install'
[0.354s] Level 1:colcon.colcon_core.package_identification:_identify(ar4_ros_driver/annin_ar4_gazebo) by extensions ['colcon_pkg']
[0.354s] Level 1:colcon.colcon_core.package_identification:_identify(ar4_ros_driver/annin_ar4_gazebo) by extension 'colcon_pkg'
[0.354s] Level 1:colcon.colcon_core.package_identification:_identify(ar4_ros_driver/annin_ar4_gazebo) by extensions ['colcon_meta']
[0.354s] Level 1:colcon.colcon_core.package_identification:_identify(ar4_ros_driver/annin_ar4_gazebo) by extension 'colcon_meta'
[0.354s] Level 1:colcon.colcon_core.package_identification:_identify(ar4_ros_driver/annin_ar4_gazebo) by extensions ['ros']
[0.354s] Level 1:colcon.colcon_core.package_identification:_identify(ar4_ros_driver/annin_ar4_gazebo) by extension 'ros'
[0.355s] DEBUG:colcon.colcon_core.package_identification:Package 'ar4_ros_driver/annin_ar4_gazebo' with type 'ros.ament_cmake' and name 'annin_ar4_gazebo'
[0.355s] Level 1:colcon.colcon_core.package_identification:_identify(ar4_ros_driver/annin_ar4_moveit_config) by extensions ['ignore', 'ignore_ament_install']
[0.355s] Level 1:colcon.colcon_core.package_identification:_identify(ar4_ros_driver/annin_ar4_moveit_config) by extension 'ignore'
[0.355s] Level 1:colcon.colcon_core.package_identification:_identify(ar4_ros_driver/annin_ar4_moveit_config) by extension 'ignore_ament_install'
[0.355s] Level 1:colcon.colcon_core.package_identification:_identify(ar4_ros_driver/annin_ar4_moveit_config) by extensions ['colcon_pkg']
[0.355s] Level 1:colcon.colcon_core.package_identification:_identify(ar4_ros_driver/annin_ar4_moveit_config) by extension 'colcon_pkg'
[0.355s] Level 1:colcon.colcon_core.package_identification:_identify(ar4_ros_driver/annin_ar4_moveit_config) by extensions ['colcon_meta']
[0.355s] Level 1:colcon.colcon_core.package_identification:_identify(ar4_ros_driver/annin_ar4_moveit_config) by extension 'colcon_meta'
[0.355s] Level 1:colcon.colcon_core.package_identification:_identify(ar4_ros_driver/annin_ar4_moveit_config) by extensions ['ros']
[0.355s] Level 1:colcon.colcon_core.package_identification:_identify(ar4_ros_driver/annin_ar4_moveit_config) by extension 'ros'
[0.355s] DEBUG:colcon.colcon_core.package_identification:Package 'ar4_ros_driver/annin_ar4_moveit_config' with type 'ros.ament_cmake' and name 'annin_ar4_moveit_config'
[0.356s] Level 1:colcon.colcon_core.package_identification:_identify(ar4_ros_driver/docs) by extensions ['ignore', 'ignore_ament_install']
[0.356s] Level 1:colcon.colcon_core.package_identification:_identify(ar4_ros_driver/docs) by extension 'ignore'
[0.356s] Level 1:colcon.colcon_core.package_identification:_identify(ar4_ros_driver/docs) by extension 'ignore_ament_install'
[0.356s] Level 1:colcon.colcon_core.package_identification:_identify(ar4_ros_driver/docs) by extensions ['colcon_pkg']
[0.356s] Level 1:colcon.colcon_core.package_identification:_identify(ar4_ros_driver/docs) by extension 'colcon_pkg'
[0.356s] Level 1:colcon.colcon_core.package_identification:_identify(ar4_ros_driver/docs) by extensions ['colcon_meta']
[0.356s] Level 1:colcon.colcon_core.package_identification:_identify(ar4_ros_driver/docs) by extension 'colcon_meta'
[0.356s] Level 1:colcon.colcon_core.package_identification:_identify(ar4_ros_driver/docs) by extensions ['ros']
[0.356s] Level 1:colcon.colcon_core.package_identification:_identify(ar4_ros_driver/docs) by extension 'ros'
[0.356s] Level 1:colcon.colcon_core.package_identification:_identify(ar4_ros_driver/docs) by extensions ['cmake', 'python']
[0.356s] Level 1:colcon.colcon_core.package_identification:_identify(ar4_ros_driver/docs) by extension 'cmake'
[0.356s] Level 1:colcon.colcon_core.package_identification:_identify(ar4_ros_driver/docs) by extension 'python'
[0.356s] Level 1:colcon.colcon_core.package_identification:_identify(ar4_ros_driver/docs) by extensions ['python_setup_py']
[0.356s] Level 1:colcon.colcon_core.package_identification:_identify(ar4_ros_driver/docs) by extension 'python_setup_py'
[0.356s] Level 1:colcon.colcon_core.package_identification:_identify(build) by extensions ['ignore', 'ignore_ament_install']
[0.356s] Level 1:colcon.colcon_core.package_identification:_identify(build) by extension 'ignore'
[0.356s] Level 1:colcon.colcon_core.package_identification:_identify(build) ignored
[0.356s] Level 1:colcon.colcon_core.package_identification:_identify(install) by extensions ['ignore', 'ignore_ament_install']
[0.356s] Level 1:colcon.colcon_core.package_identification:_identify(install) by extension 'ignore'
[0.357s] Level 1:colcon.colcon_core.package_identification:_identify(install) ignored
[0.357s] Level 1:colcon.colcon_core.package_identification:_identify(log) by extensions ['ignore', 'ignore_ament_install']
[0.357s] Level 1:colcon.colcon_core.package_identification:_identify(log) by extension 'ignore'
[0.357s] Level 1:colcon.colcon_core.package_identification:_identify(log) ignored
[0.357s] Level 1:colcon.colcon_core.package_discovery:discover_packages(recursive) using defaults
[0.357s] Level 1:colcon.colcon_core.package_discovery:discover_packages(ignore) discover
[0.357s] Level 1:colcon.colcon_core.package_discovery:discover_packages(ignore) using defaults
[0.357s] Level 1:colcon.colcon_core.package_discovery:discover_packages(path) discover
[0.357s] Level 1:colcon.colcon_core.package_discovery:discover_packages(path) using defaults
[0.384s] Level 1:colcon.colcon_core.package_discovery:discover_packages(prefix_path) check parameters
[0.384s] Level 1:colcon.colcon_core.package_discovery:discover_packages(prefix_path) discover
[0.392s] DEBUG:colcon.colcon_installed_package_information.package_discovery:Found 391 installed packages in /opt/ros/jazzy
[0.393s] Level 1:colcon.colcon_core.package_discovery:discover_packages(prefix_path) using defaults
[0.475s] Level 5:colcon.colcon_core.verb:set package 'annin_ar4_description' build argument 'cmake_args' from command line to 'None'
[0.475s] Level 5:colcon.colcon_core.verb:set package 'annin_ar4_description' build argument 'cmake_target' from command line to 'None'
[0.475s] Level 5:colcon.colcon_core.verb:set package 'annin_ar4_description' build argument 'cmake_target_skip_unavailable' from command line to 'False'
[0.475s] Level 5:colcon.colcon_core.verb:set package 'annin_ar4_description' build argument 'cmake_clean_cache' from command line to 'False'
[0.475s] Level 5:colcon.colcon_core.verb:set package 'annin_ar4_description' build argument 'cmake_clean_first' from command line to 'False'
[0.475s] Level 5:colcon.colcon_core.verb:set package 'annin_ar4_description' build argument 'cmake_force_configure' from command line to 'False'
[0.476s] Level 5:colcon.colcon_core.verb:set package 'annin_ar4_description' build argument 'ament_cmake_args' from command line to 'None'
[0.476s] Level 5:colcon.colcon_core.verb:set package 'annin_ar4_description' build argument 'catkin_cmake_args' from command line to 'None'
[0.476s] Level 5:colcon.colcon_core.verb:set package 'annin_ar4_description' build argument 'catkin_skip_building_tests' from command line to 'False'
[0.476s] DEBUG:colcon.colcon_core.verb:Building package 'annin_ar4_description' with the following arguments: {'ament_cmake_args': None, 'build_base': '/home/max/github/VisionArm/ROS2/build/annin_ar4_description', 'catkin_cmake_args': None, 'catkin_skip_building_tests': False, 'cmake_args': None, 'cmake_clean_cache': False, 'cmake_clean_first': False, 'cmake_force_configure': False, 'cmake_target': None, 'cmake_target_skip_unavailable': False, 'install_base': '/home/max/github/VisionArm/ROS2/install/annin_ar4_description', 'merge_install': False, 'path': '/home/max/github/VisionArm/ROS2/ar4_ros_driver/annin_ar4_description', 'symlink_install': True, 'test_result_base': None}
[0.476s] Level 5:colcon.colcon_core.verb:set package 'annin_ar4_driver' build argument 'cmake_args' from command line to 'None'
[0.476s] Level 5:colcon.colcon_core.verb:set package 'annin_ar4_driver' build argument 'cmake_target' from command line to 'None'
[0.476s] Level 5:colcon.colcon_core.verb:set package 'annin_ar4_driver' build argument 'cmake_target_skip_unavailable' from command line to 'False'
[0.476s] Level 5:colcon.colcon_core.verb:set package 'annin_ar4_driver' build argument 'cmake_clean_cache' from command line to 'False'
[0.476s] Level 5:colcon.colcon_core.verb:set package 'annin_ar4_driver' build argument 'cmake_clean_first' from command line to 'False'
[0.476s] Level 5:colcon.colcon_core.verb:set package 'annin_ar4_driver' build argument 'cmake_force_configure' from command line to 'False'
[0.476s] Level 5:colcon.colcon_core.verb:set package 'annin_ar4_driver' build argument 'ament_cmake_args' from command line to 'None'
[0.476s] Level 5:colcon.colcon_core.verb:set package 'annin_ar4_driver' build argument 'catkin_cmake_args' from command line to 'None'
[0.476s] Level 5:colcon.colcon_core.verb:set package 'annin_ar4_driver' build argument 'catkin_skip_building_tests' from command line to 'False'
[0.476s] DEBUG:colcon.colcon_core.verb:Building package 'annin_ar4_driver' with the following arguments: {'ament_cmake_args': None, 'build_base': '/home/max/github/VisionArm/ROS2/build/annin_ar4_driver', 'catkin_cmake_args': None, 'catkin_skip_building_tests': False, 'cmake_args': None, 'cmake_clean_cache': False, 'cmake_clean_first': False, 'cmake_force_configure': False, 'cmake_target': None, 'cmake_target_skip_unavailable': False, 'install_base': '/home/max/github/VisionArm/ROS2/install/annin_ar4_driver', 'merge_install': False, 'path': '/home/max/github/VisionArm/ROS2/ar4_ros_driver/annin_ar4_driver', 'symlink_install': True, 'test_result_base': None}
[0.476s] Level 5:colcon.colcon_core.verb:set package 'annin_ar4_moveit_config' build argument 'cmake_args' from command line to 'None'
[0.476s] Level 5:colcon.colcon_core.verb:set package 'annin_ar4_moveit_config' build argument 'cmake_target' from command line to 'None'
[0.476s] Level 5:colcon.colcon_core.verb:set package 'annin_ar4_moveit_config' build argument 'cmake_target_skip_unavailable' from command line to 'False'
[0.476s] Level 5:colcon.colcon_core.verb:set package 'annin_ar4_moveit_config' build argument 'cmake_clean_cache' from command line to 'False'
[0.476s] Level 5:colcon.colcon_core.verb:set package 'annin_ar4_moveit_config' build argument 'cmake_clean_first' from command line to 'False'
[0.476s] Level 5:colcon.colcon_core.verb:set package 'annin_ar4_moveit_config' build argument 'cmake_force_configure' from command line to 'False'
[0.476s] Level 5:colcon.colcon_core.verb:set package 'annin_ar4_moveit_config' build argument 'ament_cmake_args' from command line to 'None'
[0.476s] Level 5:colcon.colcon_core.verb:set package 'annin_ar4_moveit_config' build argument 'catkin_cmake_args' from command line to 'None'
[0.476s] Level 5:colcon.colcon_core.verb:set package 'annin_ar4_moveit_config' build argument 'catkin_skip_building_tests' from command line to 'False'
[0.476s] DEBUG:colcon.colcon_core.verb:Building package 'annin_ar4_moveit_config' with the following arguments: {'ament_cmake_args': None, 'build_base': '/home/max/github/VisionArm/ROS2/build/annin_ar4_moveit_config', 'catkin_cmake_args': None, 'catkin_skip_building_tests': False, 'cmake_args': None, 'cmake_clean_cache': False, 'cmake_clean_first': False, 'cmake_force_configure': False, 'cmake_target': None, 'cmake_target_skip_unavailable': False, 'install_base': '/home/max/github/VisionArm/ROS2/install/annin_ar4_moveit_config', 'merge_install': False, 'path': '/home/max/github/VisionArm/ROS2/ar4_ros_driver/annin_ar4_moveit_config', 'symlink_install': True, 'test_result_base': None}
[0.477s] Level 5:colcon.colcon_core.verb:set package 'annin_ar4_gazebo' build argument 'cmake_args' from command line to 'None'
[0.477s] Level 5:colcon.colcon_core.verb:set package 'annin_ar4_gazebo' build argument 'cmake_target' from command line to 'None'
[0.477s] Level 5:colcon.colcon_core.verb:set package 'annin_ar4_gazebo' build argument 'cmake_target_skip_unavailable' from command line to 'False'
[0.477s] Level 5:colcon.colcon_core.verb:set package 'annin_ar4_gazebo' build argument 'cmake_clean_cache' from command line to 'False'
[0.477s] Level 5:colcon.colcon_core.verb:set package 'annin_ar4_gazebo' build argument 'cmake_clean_first' from command line to 'False'
[0.477s] Level 5:colcon.colcon_core.verb:set package 'annin_ar4_gazebo' build argument 'cmake_force_configure' from command line to 'False'
[0.477s] Level 5:colcon.colcon_core.verb:set package 'annin_ar4_gazebo' build argument 'ament_cmake_args' from command line to 'None'
[0.477s] Level 5:colcon.colcon_core.verb:set package 'annin_ar4_gazebo' build argument 'catkin_cmake_args' from command line to 'None'
[0.477s] Level 5:colcon.colcon_core.verb:set package 'annin_ar4_gazebo' build argument 'catkin_skip_building_tests' from command line to 'False'
[0.477s] DEBUG:colcon.colcon_core.verb:Building package 'annin_ar4_gazebo' with the following arguments: {'ament_cmake_args': None, 'build_base': '/home/max/github/VisionArm/ROS2/build/annin_ar4_gazebo', 'catkin_cmake_args': None, 'catkin_skip_building_tests': False, 'cmake_args': None, 'cmake_clean_cache': False, 'cmake_clean_first': False, 'cmake_force_configure': False, 'cmake_target': None, 'cmake_target_skip_unavailable': False, 'install_base': '/home/max/github/VisionArm/ROS2/install/annin_ar4_gazebo', 'merge_install': False, 'path': '/home/max/github/VisionArm/ROS2/ar4_ros_driver/annin_ar4_gazebo', 'symlink_install': True, 'test_result_base': None}
[0.477s] INFO:colcon.colcon_core.executor:Executing jobs using 'parallel' executor
[0.478s] DEBUG:colcon.colcon_parallel_executor.executor.parallel:run_until_complete
[0.478s] INFO:colcon.colcon_ros.task.ament_cmake.build:Building ROS package in '/home/max/github/VisionArm/ROS2/ar4_ros_driver/annin_ar4_description' with build type 'ament_cmake'
[0.478s] INFO:colcon.colcon_cmake.task.cmake.build:Building CMake package in '/home/max/github/VisionArm/ROS2/ar4_ros_driver/annin_ar4_description'
[0.491s] INFO:colcon.colcon_core.plugin_system:Skipping extension 'colcon_core.shell.bat': Not used on non-Windows systems
[0.491s] INFO:colcon.colcon_core.shell:Skip shell extension 'powershell' for command environment: Not usable outside of PowerShell
[0.491s] DEBUG:colcon.colcon_core.shell:Skip shell extension 'dsv' for command environment
[0.498s] DEBUG:colcon.colcon_core.event_handler.log_command:Invoking command in '/home/max/github/VisionArm/ROS2/build/annin_ar4_description': CMAKE_PREFIX_PATH=${CMAKE_PREFIX_PATH}:/opt/ros/jazzy DEBUGINFOD_URLS=https://debuginfod.ubuntu.com /usr/bin/cmake /home/max/github/VisionArm/ROS2/ar4_ros_driver/annin_ar4_description -DAMENT_CMAKE_SYMLINK_INSTALL=1 -DCMAKE_INSTALL_PREFIX=/home/max/github/VisionArm/ROS2/install/annin_ar4_description
[1.488s] DEBUG:colcon.colcon_core.event_handler.log_command:Invoked command in '/home/max/github/VisionArm/ROS2/build/annin_ar4_description' returned '0': CMAKE_PREFIX_PATH=${CMAKE_PREFIX_PATH}:/opt/ros/jazzy DEBUGINFOD_URLS=https://debuginfod.ubuntu.com /usr/bin/cmake /home/max/github/VisionArm/ROS2/ar4_ros_driver/annin_ar4_description -DAMENT_CMAKE_SYMLINK_INSTALL=1 -DCMAKE_INSTALL_PREFIX=/home/max/github/VisionArm/ROS2/install/annin_ar4_description
[1.489s] DEBUG:colcon.colcon_core.event_handler.log_command:Invoking command in '/home/max/github/VisionArm/ROS2/build/annin_ar4_description': CMAKE_PREFIX_PATH=${CMAKE_PREFIX_PATH}:/opt/ros/jazzy DEBUGINFOD_URLS=https://debuginfod.ubuntu.com /usr/bin/cmake --build /home/max/github/VisionArm/ROS2/build/annin_ar4_description -- -j4 -l4
[1.528s] DEBUG:colcon.colcon_core.event_handler.log_command:Invoked command in '/home/max/github/VisionArm/ROS2/build/annin_ar4_description' returned '0': CMAKE_PREFIX_PATH=${CMAKE_PREFIX_PATH}:/opt/ros/jazzy DEBUGINFOD_URLS=https://debuginfod.ubuntu.com /usr/bin/cmake --build /home/max/github/VisionArm/ROS2/build/annin_ar4_description -- -j4 -l4
[1.538s] DEBUG:colcon.colcon_core.event_handler.log_command:Invoking command in '/home/max/github/VisionArm/ROS2/build/annin_ar4_description': CMAKE_PREFIX_PATH=${CMAKE_PREFIX_PATH}:/opt/ros/jazzy DEBUGINFOD_URLS=https://debuginfod.ubuntu.com /usr/bin/cmake --install /home/max/github/VisionArm/ROS2/build/annin_ar4_description
[1.870s] Level 1:colcon.colcon_core.environment:create_environment_scripts_only(annin_ar4_description)
[1.871s] DEBUG:colcon.colcon_core.event_handler.log_command:Invoked command in '/home/max/github/VisionArm/ROS2/build/annin_ar4_description' returned '0': CMAKE_PREFIX_PATH=${CMAKE_PREFIX_PATH}:/opt/ros/jazzy DEBUGINFOD_URLS=https://debuginfod.ubuntu.com /usr/bin/cmake --install /home/max/github/VisionArm/ROS2/build/annin_ar4_description
[1.885s] Level 1:colcon.colcon_core.environment:checking '/home/max/github/VisionArm/ROS2/install/annin_ar4_description' for CMake module files
[1.886s] Level 1:colcon.colcon_core.environment:checking '/home/max/github/VisionArm/ROS2/install/annin_ar4_description' for CMake config files
[1.886s] Level 1:colcon.colcon_core.shell:create_environment_hook('annin_ar4_description', 'cmake_prefix_path')
[1.886s] INFO:colcon.colcon_core.shell:Creating environment hook '/home/max/github/VisionArm/ROS2/install/annin_ar4_description/share/annin_ar4_description/hook/cmake_prefix_path.ps1'
[1.888s] INFO:colcon.colcon_core.shell:Creating environment descriptor '/home/max/github/VisionArm/ROS2/install/annin_ar4_description/share/annin_ar4_description/hook/cmake_prefix_path.dsv'
[1.888s] INFO:colcon.colcon_core.shell:Creating environment hook '/home/max/github/VisionArm/ROS2/install/annin_ar4_description/share/annin_ar4_description/hook/cmake_prefix_path.sh'
[1.889s] Level 1:colcon.colcon_core.environment:checking '/home/max/github/VisionArm/ROS2/install/annin_ar4_description/bin'
[1.889s] Level 1:colcon.colcon_core.environment:checking '/home/max/github/VisionArm/ROS2/install/annin_ar4_description/lib/pkgconfig/annin_ar4_description.pc'
[1.889s] Level 1:colcon.colcon_core.environment:checking '/home/max/github/VisionArm/ROS2/install/annin_ar4_description/lib/python3.12/site-packages'
[1.890s] Level 1:colcon.colcon_core.environment:checking '/home/max/github/VisionArm/ROS2/install/annin_ar4_description/bin'
[1.890s] INFO:colcon.colcon_core.shell:Creating package script '/home/max/github/VisionArm/ROS2/install/annin_ar4_description/share/annin_ar4_description/package.ps1'
[1.891s] INFO:colcon.colcon_core.shell:Creating package descriptor '/home/max/github/VisionArm/ROS2/install/annin_ar4_description/share/annin_ar4_description/package.dsv'
[1.892s] INFO:colcon.colcon_core.shell:Creating package script '/home/max/github/VisionArm/ROS2/install/annin_ar4_description/share/annin_ar4_description/package.sh'
[1.892s] INFO:colcon.colcon_core.shell:Creating package script '/home/max/github/VisionArm/ROS2/install/annin_ar4_description/share/annin_ar4_description/package.bash'
[1.893s] INFO:colcon.colcon_core.shell:Creating package script '/home/max/github/VisionArm/ROS2/install/annin_ar4_description/share/annin_ar4_description/package.zsh'
[1.894s] Level 1:colcon.colcon_core.environment:create_file_with_runtime_dependencies(/home/max/github/VisionArm/ROS2/install/annin_ar4_description/share/colcon-core/packages/annin_ar4_description)
[1.895s] Level 1:colcon.colcon_core.environment:create_environment_scripts_only(annin_ar4_description)
[1.895s] Level 1:colcon.colcon_core.environment:checking '/home/max/github/VisionArm/ROS2/install/annin_ar4_description' for CMake module files
[1.895s] Level 1:colcon.colcon_core.environment:checking '/home/max/github/VisionArm/ROS2/install/annin_ar4_description' for CMake config files
[1.895s] Level 1:colcon.colcon_core.shell:create_environment_hook('annin_ar4_description', 'cmake_prefix_path')
[1.896s] INFO:colcon.colcon_core.shell:Creating environment hook '/home/max/github/VisionArm/ROS2/install/annin_ar4_description/share/annin_ar4_description/hook/cmake_prefix_path.ps1'
[1.896s] INFO:colcon.colcon_core.shell:Creating environment descriptor '/home/max/github/VisionArm/ROS2/install/annin_ar4_description/share/annin_ar4_description/hook/cmake_prefix_path.dsv'
[1.896s] INFO:colcon.colcon_core.shell:Creating environment hook '/home/max/github/VisionArm/ROS2/install/annin_ar4_description/share/annin_ar4_description/hook/cmake_prefix_path.sh'
[1.897s] Level 1:colcon.colcon_core.environment:checking '/home/max/github/VisionArm/ROS2/install/annin_ar4_description/bin'
[1.897s] Level 1:colcon.colcon_core.environment:checking '/home/max/github/VisionArm/ROS2/install/annin_ar4_description/lib/pkgconfig/annin_ar4_description.pc'
[1.897s] Level 1:colcon.colcon_core.environment:checking '/home/max/github/VisionArm/ROS2/install/annin_ar4_description/lib/python3.12/site-packages'
[1.897s] Level 1:colcon.colcon_core.environment:checking '/home/max/github/VisionArm/ROS2/install/annin_ar4_description/bin'
[1.897s] INFO:colcon.colcon_core.shell:Creating package script '/home/max/github/VisionArm/ROS2/install/annin_ar4_description/share/annin_ar4_description/package.ps1'
[1.898s] INFO:colcon.colcon_core.shell:Creating package descriptor '/home/max/github/VisionArm/ROS2/install/annin_ar4_description/share/annin_ar4_description/package.dsv'
[1.898s] INFO:colcon.colcon_core.shell:Creating package script '/home/max/github/VisionArm/ROS2/install/annin_ar4_description/share/annin_ar4_description/package.sh'
[1.898s] INFO:colcon.colcon_core.shell:Creating package script '/home/max/github/VisionArm/ROS2/install/annin_ar4_description/share/annin_ar4_description/package.bash'
[1.899s] INFO:colcon.colcon_core.shell:Creating package script '/home/max/github/VisionArm/ROS2/install/annin_ar4_description/share/annin_ar4_description/package.zsh'
[1.899s] Level 1:colcon.colcon_core.environment:create_file_with_runtime_dependencies(/home/max/github/VisionArm/ROS2/install/annin_ar4_description/share/colcon-core/packages/annin_ar4_description)
[1.900s] INFO:colcon.colcon_ros.task.ament_cmake.build:Building ROS package in '/home/max/github/VisionArm/ROS2/ar4_ros_driver/annin_ar4_driver' with build type 'ament_cmake'
[1.900s] INFO:colcon.colcon_cmake.task.cmake.build:Building CMake package in '/home/max/github/VisionArm/ROS2/ar4_ros_driver/annin_ar4_driver'
[1.900s] INFO:colcon.colcon_core.shell:Skip shell extension 'powershell' for command environment: Not usable outside of PowerShell
[1.900s] DEBUG:colcon.colcon_core.shell:Skip shell extension 'dsv' for command environment
[1.905s] INFO:colcon.colcon_ros.task.ament_cmake.build:Building ROS package in '/home/max/github/VisionArm/ROS2/ar4_ros_driver/annin_ar4_moveit_config' with build type 'ament_cmake'
[1.905s] INFO:colcon.colcon_cmake.task.cmake.build:Building CMake package in '/home/max/github/VisionArm/ROS2/ar4_ros_driver/annin_ar4_moveit_config'
[1.905s] INFO:colcon.colcon_core.shell:Skip shell extension 'powershell' for command environment: Not usable outside of PowerShell
[1.905s] DEBUG:colcon.colcon_core.shell:Skip shell extension 'dsv' for command environment
[1.914s] DEBUG:colcon.colcon_core.event_handler.log_command:Invoking command in '/home/max/github/VisionArm/ROS2/build/annin_ar4_driver': AMENT_PREFIX_PATH=/home/max/github/VisionArm/ROS2/install/annin_ar4_description:${AMENT_PREFIX_PATH} CMAKE_PREFIX_PATH=/home/max/github/VisionArm/ROS2/install/annin_ar4_description:/opt/ros/jazzy/opt/gz_sim_vendor:/opt/ros/jazzy/opt/gz_sensors_vendor:/opt/ros/jazzy/opt/gz_physics_vendor:/opt/ros/jazzy/opt/sdformat_vendor:/opt/ros/jazzy/opt/gz_gui_vendor:/opt/ros/jazzy/opt/gz_transport_vendor:/opt/ros/jazzy/opt/gz_rendering_vendor:/opt/ros/jazzy/opt/gz_plugin_vendor:/opt/ros/jazzy/opt/gz_fuel_tools_vendor:/opt/ros/jazzy/opt/gz_msgs_vendor:/opt/ros/jazzy/opt/gz_common_vendor:/opt/ros/jazzy/opt/gz_math_vendor:/opt/ros/jazzy/opt/gz_utils_vendor:/opt/ros/jazzy/opt/gz_tools_vendor:/opt/ros/jazzy/opt/gz_ogre_next_vendor:/opt/ros/jazzy/opt/gz_dartsim_vendor:/opt/ros/jazzy/opt/gz_cmake_vendor:/opt/ros/jazzy DEBUGINFOD_URLS=https://debuginfod.ubuntu.com /usr/bin/cmake /home/max/github/VisionArm/ROS2/ar4_ros_driver/annin_ar4_driver -DAMENT_CMAKE_SYMLINK_INSTALL=1 -DCMAKE_INSTALL_PREFIX=/home/max/github/VisionArm/ROS2/install/annin_ar4_driver
[1.916s] DEBUG:colcon.colcon_core.event_handler.log_command:Invoking command in '/home/max/github/VisionArm/ROS2/build/annin_ar4_moveit_config': AMENT_PREFIX_PATH=/home/max/github/VisionArm/ROS2/install/annin_ar4_description:${AMENT_PREFIX_PATH} CMAKE_PREFIX_PATH=/home/max/github/VisionArm/ROS2/install/annin_ar4_description:/opt/ros/jazzy/opt/gz_sim_vendor:/opt/ros/jazzy/opt/gz_sensors_vendor:/opt/ros/jazzy/opt/gz_physics_vendor:/opt/ros/jazzy/opt/sdformat_vendor:/opt/ros/jazzy/opt/gz_gui_vendor:/opt/ros/jazzy/opt/gz_transport_vendor:/opt/ros/jazzy/opt/gz_rendering_vendor:/opt/ros/jazzy/opt/gz_plugin_vendor:/opt/ros/jazzy/opt/gz_fuel_tools_vendor:/opt/ros/jazzy/opt/gz_msgs_vendor:/opt/ros/jazzy/opt/gz_common_vendor:/opt/ros/jazzy/opt/gz_math_vendor:/opt/ros/jazzy/opt/gz_utils_vendor:/opt/ros/jazzy/opt/gz_tools_vendor:/opt/ros/jazzy/opt/gz_ogre_next_vendor:/opt/ros/jazzy/opt/gz_dartsim_vendor:/opt/ros/jazzy/opt/gz_cmake_vendor:/opt/ros/jazzy DEBUGINFOD_URLS=https://debuginfod.ubuntu.com /usr/bin/cmake /home/max/github/VisionArm/ROS2/ar4_ros_driver/annin_ar4_moveit_config -DAMENT_CMAKE_SYMLINK_INSTALL=1 -DCMAKE_INSTALL_PREFIX=/home/max/github/VisionArm/ROS2/install/annin_ar4_moveit_config
[2.544s] DEBUG:colcon.colcon_core.event_handler.log_command:Invoked command in '/home/max/github/VisionArm/ROS2/build/annin_ar4_moveit_config' returned '0': AMENT_PREFIX_PATH=/home/max/github/VisionArm/ROS2/install/annin_ar4_description:${AMENT_PREFIX_PATH} CMAKE_PREFIX_PATH=/home/max/github/VisionArm/ROS2/install/annin_ar4_description:/opt/ros/jazzy/opt/gz_sim_vendor:/opt/ros/jazzy/opt/gz_sensors_vendor:/opt/ros/jazzy/opt/gz_physics_vendor:/opt/ros/jazzy/opt/sdformat_vendor:/opt/ros/jazzy/opt/gz_gui_vendor:/opt/ros/jazzy/opt/gz_transport_vendor:/opt/ros/jazzy/opt/gz_rendering_vendor:/opt/ros/jazzy/opt/gz_plugin_vendor:/opt/ros/jazzy/opt/gz_fuel_tools_vendor:/opt/ros/jazzy/opt/gz_msgs_vendor:/opt/ros/jazzy/opt/gz_common_vendor:/opt/ros/jazzy/opt/gz_math_vendor:/opt/ros/jazzy/opt/gz_utils_vendor:/opt/ros/jazzy/opt/gz_tools_vendor:/opt/ros/jazzy/opt/gz_ogre_next_vendor:/opt/ros/jazzy/opt/gz_dartsim_vendor:/opt/ros/jazzy/opt/gz_cmake_vendor:/opt/ros/jazzy DEBUGINFOD_URLS=https://debuginfod.ubuntu.com /usr/bin/cmake /home/max/github/VisionArm/ROS2/ar4_ros_driver/annin_ar4_moveit_config -DAMENT_CMAKE_SYMLINK_INSTALL=1 -DCMAKE_INSTALL_PREFIX=/home/max/github/VisionArm/ROS2/install/annin_ar4_moveit_config
[2.546s] DEBUG:colcon.colcon_core.event_handler.log_command:Invoking command in '/home/max/github/VisionArm/ROS2/build/annin_ar4_moveit_config': AMENT_PREFIX_PATH=/home/max/github/VisionArm/ROS2/install/annin_ar4_description:${AMENT_PREFIX_PATH} CMAKE_PREFIX_PATH=/home/max/github/VisionArm/ROS2/install/annin_ar4_description:/opt/ros/jazzy/opt/gz_sim_vendor:/opt/ros/jazzy/opt/gz_sensors_vendor:/opt/ros/jazzy/opt/gz_physics_vendor:/opt/ros/jazzy/opt/sdformat_vendor:/opt/ros/jazzy/opt/gz_gui_vendor:/opt/ros/jazzy/opt/gz_transport_vendor:/opt/ros/jazzy/opt/gz_rendering_vendor:/opt/ros/jazzy/opt/gz_plugin_vendor:/opt/ros/jazzy/opt/gz_fuel_tools_vendor:/opt/ros/jazzy/opt/gz_msgs_vendor:/opt/ros/jazzy/opt/gz_common_vendor:/opt/ros/jazzy/opt/gz_math_vendor:/opt/ros/jazzy/opt/gz_utils_vendor:/opt/ros/jazzy/opt/gz_tools_vendor:/opt/ros/jazzy/opt/gz_ogre_next_vendor:/opt/ros/jazzy/opt/gz_dartsim_vendor:/opt/ros/jazzy/opt/gz_cmake_vendor:/opt/ros/jazzy DEBUGINFOD_URLS=https://debuginfod.ubuntu.com /usr/bin/cmake --build /home/max/github/VisionArm/ROS2/build/annin_ar4_moveit_config -- -j4 -l4
[2.586s] DEBUG:colcon.colcon_core.event_handler.log_command:Invoked command in '/home/max/github/VisionArm/ROS2/build/annin_ar4_moveit_config' returned '0': AMENT_PREFIX_PATH=/home/max/github/VisionArm/ROS2/install/annin_ar4_description:${AMENT_PREFIX_PATH} CMAKE_PREFIX_PATH=/home/max/github/VisionArm/ROS2/install/annin_ar4_description:/opt/ros/jazzy/opt/gz_sim_vendor:/opt/ros/jazzy/opt/gz_sensors_vendor:/opt/ros/jazzy/opt/gz_physics_vendor:/opt/ros/jazzy/opt/sdformat_vendor:/opt/ros/jazzy/opt/gz_gui_vendor:/opt/ros/jazzy/opt/gz_transport_vendor:/opt/ros/jazzy/opt/gz_rendering_vendor:/opt/ros/jazzy/opt/gz_plugin_vendor:/opt/ros/jazzy/opt/gz_fuel_tools_vendor:/opt/ros/jazzy/opt/gz_msgs_vendor:/opt/ros/jazzy/opt/gz_common_vendor:/opt/ros/jazzy/opt/gz_math_vendor:/opt/ros/jazzy/opt/gz_utils_vendor:/opt/ros/jazzy/opt/gz_tools_vendor:/opt/ros/jazzy/opt/gz_ogre_next_vendor:/opt/ros/jazzy/opt/gz_dartsim_vendor:/opt/ros/jazzy/opt/gz_cmake_vendor:/opt/ros/jazzy DEBUGINFOD_URLS=https://debuginfod.ubuntu.com /usr/bin/cmake --build /home/max/github/VisionArm/ROS2/build/annin_ar4_moveit_config -- -j4 -l4
[2.587s] DEBUG:colcon.colcon_core.event_handler.log_command:Invoking command in '/home/max/github/VisionArm/ROS2/build/annin_ar4_moveit_config': AMENT_PREFIX_PATH=/home/max/github/VisionArm/ROS2/install/annin_ar4_description:${AMENT_PREFIX_PATH} CMAKE_PREFIX_PATH=/home/max/github/VisionArm/ROS2/install/annin_ar4_description:/opt/ros/jazzy/opt/gz_sim_vendor:/opt/ros/jazzy/opt/gz_sensors_vendor:/opt/ros/jazzy/opt/gz_physics_vendor:/opt/ros/jazzy/opt/sdformat_vendor:/opt/ros/jazzy/opt/gz_gui_vendor:/opt/ros/jazzy/opt/gz_transport_vendor:/opt/ros/jazzy/opt/gz_rendering_vendor:/opt/ros/jazzy/opt/gz_plugin_vendor:/opt/ros/jazzy/opt/gz_fuel_tools_vendor:/opt/ros/jazzy/opt/gz_msgs_vendor:/opt/ros/jazzy/opt/gz_common_vendor:/opt/ros/jazzy/opt/gz_math_vendor:/opt/ros/jazzy/opt/gz_utils_vendor:/opt/ros/jazzy/opt/gz_tools_vendor:/opt/ros/jazzy/opt/gz_ogre_next_vendor:/opt/ros/jazzy/opt/gz_dartsim_vendor:/opt/ros/jazzy/opt/gz_cmake_vendor:/opt/ros/jazzy DEBUGINFOD_URLS=https://debuginfod.ubuntu.com /usr/bin/cmake --install /home/max/github/VisionArm/ROS2/build/annin_ar4_moveit_config
[2.865s] Level 1:colcon.colcon_core.environment:create_environment_scripts_only(annin_ar4_moveit_config)
[2.865s] Level 1:colcon.colcon_core.environment:checking '/home/max/github/VisionArm/ROS2/install/annin_ar4_moveit_config' for CMake module files
[2.866s] Level 1:colcon.colcon_core.environment:checking '/home/max/github/VisionArm/ROS2/install/annin_ar4_moveit_config' for CMake config files
[2.866s] Level 1:colcon.colcon_core.shell:create_environment_hook('annin_ar4_moveit_config', 'cmake_prefix_path')
[2.866s] INFO:colcon.colcon_core.shell:Creating environment hook '/home/max/github/VisionArm/ROS2/install/annin_ar4_moveit_config/share/annin_ar4_moveit_config/hook/cmake_prefix_path.ps1'
[2.866s] DEBUG:colcon.colcon_core.event_handler.log_command:Invoked command in '/home/max/github/VisionArm/ROS2/build/annin_ar4_moveit_config' returned '0': AMENT_PREFIX_PATH=/home/max/github/VisionArm/ROS2/install/annin_ar4_description:${AMENT_PREFIX_PATH} CMAKE_PREFIX_PATH=/home/max/github/VisionArm/ROS2/install/annin_ar4_description:/opt/ros/jazzy/opt/gz_sim_vendor:/opt/ros/jazzy/opt/gz_sensors_vendor:/opt/ros/jazzy/opt/gz_physics_vendor:/opt/ros/jazzy/opt/sdformat_vendor:/opt/ros/jazzy/opt/gz_gui_vendor:/opt/ros/jazzy/opt/gz_transport_vendor:/opt/ros/jazzy/opt/gz_rendering_vendor:/opt/ros/jazzy/opt/gz_plugin_vendor:/opt/ros/jazzy/opt/gz_fuel_tools_vendor:/opt/ros/jazzy/opt/gz_msgs_vendor:/opt/ros/jazzy/opt/gz_common_vendor:/opt/ros/jazzy/opt/gz_math_vendor:/opt/ros/jazzy/opt/gz_utils_vendor:/opt/ros/jazzy/opt/gz_tools_vendor:/opt/ros/jazzy/opt/gz_ogre_next_vendor:/opt/ros/jazzy/opt/gz_dartsim_vendor:/opt/ros/jazzy/opt/gz_cmake_vendor:/opt/ros/jazzy DEBUGINFOD_URLS=https://debuginfod.ubuntu.com /usr/bin/cmake --install /home/max/github/VisionArm/ROS2/build/annin_ar4_moveit_config
[2.867s] INFO:colcon.colcon_core.shell:Creating environment descriptor '/home/max/github/VisionArm/ROS2/install/annin_ar4_moveit_config/share/annin_ar4_moveit_config/hook/cmake_prefix_path.dsv'
[2.867s] INFO:colcon.colcon_core.shell:Creating environment hook '/home/max/github/VisionArm/ROS2/install/annin_ar4_moveit_config/share/annin_ar4_moveit_config/hook/cmake_prefix_path.sh'
[2.868s] Level 1:colcon.colcon_core.environment:checking '/home/max/github/VisionArm/ROS2/install/annin_ar4_moveit_config/bin'
[2.868s] Level 1:colcon.colcon_core.environment:checking '/home/max/github/VisionArm/ROS2/install/annin_ar4_moveit_config/lib/pkgconfig/annin_ar4_moveit_config.pc'
[2.868s] Level 1:colcon.colcon_core.environment:checking '/home/max/github/VisionArm/ROS2/install/annin_ar4_moveit_config/lib/python3.12/site-packages'
[2.868s] Level 1:colcon.colcon_core.environment:checking '/home/max/github/VisionArm/ROS2/install/annin_ar4_moveit_config/bin'
[2.868s] INFO:colcon.colcon_core.shell:Creating package script '/home/max/github/VisionArm/ROS2/install/annin_ar4_moveit_config/share/annin_ar4_moveit_config/package.ps1'
[2.869s] INFO:colcon.colcon_core.shell:Creating package descriptor '/home/max/github/VisionArm/ROS2/install/annin_ar4_moveit_config/share/annin_ar4_moveit_config/package.dsv'
[2.869s] INFO:colcon.colcon_core.shell:Creating package script '/home/max/github/VisionArm/ROS2/install/annin_ar4_moveit_config/share/annin_ar4_moveit_config/package.sh'
[2.869s] INFO:colcon.colcon_core.shell:Creating package script '/home/max/github/VisionArm/ROS2/install/annin_ar4_moveit_config/share/annin_ar4_moveit_config/package.bash'
[2.869s] INFO:colcon.colcon_core.shell:Creating package script '/home/max/github/VisionArm/ROS2/install/annin_ar4_moveit_config/share/annin_ar4_moveit_config/package.zsh'
[2.869s] Level 1:colcon.colcon_core.environment:create_file_with_runtime_dependencies(/home/max/github/VisionArm/ROS2/install/annin_ar4_moveit_config/share/colcon-core/packages/annin_ar4_moveit_config)
[2.870s] Level 1:colcon.colcon_core.environment:create_environment_scripts_only(annin_ar4_moveit_config)
[2.870s] Level 1:colcon.colcon_core.environment:checking '/home/max/github/VisionArm/ROS2/install/annin_ar4_moveit_config' for CMake module files
[2.870s] Level 1:colcon.colcon_core.environment:checking '/home/max/github/VisionArm/ROS2/install/annin_ar4_moveit_config' for CMake config files
[2.871s] Level 1:colcon.colcon_core.shell:create_environment_hook('annin_ar4_moveit_config', 'cmake_prefix_path')
[2.871s] INFO:colcon.colcon_core.shell:Creating environment hook '/home/max/github/VisionArm/ROS2/install/annin_ar4_moveit_config/share/annin_ar4_moveit_config/hook/cmake_prefix_path.ps1'
[2.871s] INFO:colcon.colcon_core.shell:Creating environment descriptor '/home/max/github/VisionArm/ROS2/install/annin_ar4_moveit_config/share/annin_ar4_moveit_config/hook/cmake_prefix_path.dsv'
[2.871s] INFO:colcon.colcon_core.shell:Creating environment hook '/home/max/github/VisionArm/ROS2/install/annin_ar4_moveit_config/share/annin_ar4_moveit_config/hook/cmake_prefix_path.sh'
[2.872s] Level 1:colcon.colcon_core.environment:checking '/home/max/github/VisionArm/ROS2/install/annin_ar4_moveit_config/bin'
[2.872s] Level 1:colcon.colcon_core.environment:checking '/home/max/github/VisionArm/ROS2/install/annin_ar4_moveit_config/lib/pkgconfig/annin_ar4_moveit_config.pc'
[2.872s] Level 1:colcon.colcon_core.environment:checking '/home/max/github/VisionArm/ROS2/install/annin_ar4_moveit_config/lib/python3.12/site-packages'
[2.872s] Level 1:colcon.colcon_core.environment:checking '/home/max/github/VisionArm/ROS2/install/annin_ar4_moveit_config/bin'
[2.872s] INFO:colcon.colcon_core.shell:Creating package script '/home/max/github/VisionArm/ROS2/install/annin_ar4_moveit_config/share/annin_ar4_moveit_config/package.ps1'
[2.873s] INFO:colcon.colcon_core.shell:Creating package descriptor '/home/max/github/VisionArm/ROS2/install/annin_ar4_moveit_config/share/annin_ar4_moveit_config/package.dsv'
[2.873s] INFO:colcon.colcon_core.shell:Creating package script '/home/max/github/VisionArm/ROS2/install/annin_ar4_moveit_config/share/annin_ar4_moveit_config/package.sh'
[2.874s] INFO:colcon.colcon_core.shell:Creating package script '/home/max/github/VisionArm/ROS2/install/annin_ar4_moveit_config/share/annin_ar4_moveit_config/package.bash'
[2.874s] INFO:colcon.colcon_core.shell:Creating package script '/home/max/github/VisionArm/ROS2/install/annin_ar4_moveit_config/share/annin_ar4_moveit_config/package.zsh'
[2.874s] Level 1:colcon.colcon_core.environment:create_file_with_runtime_dependencies(/home/max/github/VisionArm/ROS2/install/annin_ar4_moveit_config/share/colcon-core/packages/annin_ar4_moveit_config)
[3.929s] DEBUG:colcon.colcon_core.event_handler.log_command:Invoked command in '/home/max/github/VisionArm/ROS2/build/annin_ar4_driver' returned '0': AMENT_PREFIX_PATH=/home/max/github/VisionArm/ROS2/install/annin_ar4_description:${AMENT_PREFIX_PATH} CMAKE_PREFIX_PATH=/home/max/github/VisionArm/ROS2/install/annin_ar4_description:/opt/ros/jazzy/opt/gz_sim_vendor:/opt/ros/jazzy/opt/gz_sensors_vendor:/opt/ros/jazzy/opt/gz_physics_vendor:/opt/ros/jazzy/opt/sdformat_vendor:/opt/ros/jazzy/opt/gz_gui_vendor:/opt/ros/jazzy/opt/gz_transport_vendor:/opt/ros/jazzy/opt/gz_rendering_vendor:/opt/ros/jazzy/opt/gz_plugin_vendor:/opt/ros/jazzy/opt/gz_fuel_tools_vendor:/opt/ros/jazzy/opt/gz_msgs_vendor:/opt/ros/jazzy/opt/gz_common_vendor:/opt/ros/jazzy/opt/gz_math_vendor:/opt/ros/jazzy/opt/gz_utils_vendor:/opt/ros/jazzy/opt/gz_tools_vendor:/opt/ros/jazzy/opt/gz_ogre_next_vendor:/opt/ros/jazzy/opt/gz_dartsim_vendor:/opt/ros/jazzy/opt/gz_cmake_vendor:/opt/ros/jazzy DEBUGINFOD_URLS=https://debuginfod.ubuntu.com /usr/bin/cmake /home/max/github/VisionArm/ROS2/ar4_ros_driver/annin_ar4_driver -DAMENT_CMAKE_SYMLINK_INSTALL=1 -DCMAKE_INSTALL_PREFIX=/home/max/github/VisionArm/ROS2/install/annin_ar4_driver
[3.930s] DEBUG:colcon.colcon_core.event_handler.log_command:Invoking command in '/home/max/github/VisionArm/ROS2/build/annin_ar4_driver': AMENT_PREFIX_PATH=/home/max/github/VisionArm/ROS2/install/annin_ar4_description:${AMENT_PREFIX_PATH} CMAKE_PREFIX_PATH=/home/max/github/VisionArm/ROS2/install/annin_ar4_description:/opt/ros/jazzy/opt/gz_sim_vendor:/opt/ros/jazzy/opt/gz_sensors_vendor:/opt/ros/jazzy/opt/gz_physics_vendor:/opt/ros/jazzy/opt/sdformat_vendor:/opt/ros/jazzy/opt/gz_gui_vendor:/opt/ros/jazzy/opt/gz_transport_vendor:/opt/ros/jazzy/opt/gz_rendering_vendor:/opt/ros/jazzy/opt/gz_plugin_vendor:/opt/ros/jazzy/opt/gz_fuel_tools_vendor:/opt/ros/jazzy/opt/gz_msgs_vendor:/opt/ros/jazzy/opt/gz_common_vendor:/opt/ros/jazzy/opt/gz_math_vendor:/opt/ros/jazzy/opt/gz_utils_vendor:/opt/ros/jazzy/opt/gz_tools_vendor:/opt/ros/jazzy/opt/gz_ogre_next_vendor:/opt/ros/jazzy/opt/gz_dartsim_vendor:/opt/ros/jazzy/opt/gz_cmake_vendor:/opt/ros/jazzy DEBUGINFOD_URLS=https://debuginfod.ubuntu.com /usr/bin/cmake --build /home/max/github/VisionArm/ROS2/build/annin_ar4_driver -- -j4 -l4
[18.365s] DEBUG:colcon.colcon_core.event_handler.log_command:Invoked command in '/home/max/github/VisionArm/ROS2/build/annin_ar4_driver' returned '0': AMENT_PREFIX_PATH=/home/max/github/VisionArm/ROS2/install/annin_ar4_description:${AMENT_PREFIX_PATH} CMAKE_PREFIX_PATH=/home/max/github/VisionArm/ROS2/install/annin_ar4_description:/opt/ros/jazzy/opt/gz_sim_vendor:/opt/ros/jazzy/opt/gz_sensors_vendor:/opt/ros/jazzy/opt/gz_physics_vendor:/opt/ros/jazzy/opt/sdformat_vendor:/opt/ros/jazzy/opt/gz_gui_vendor:/opt/ros/jazzy/opt/gz_transport_vendor:/opt/ros/jazzy/opt/gz_rendering_vendor:/opt/ros/jazzy/opt/gz_plugin_vendor:/opt/ros/jazzy/opt/gz_fuel_tools_vendor:/opt/ros/jazzy/opt/gz_msgs_vendor:/opt/ros/jazzy/opt/gz_common_vendor:/opt/ros/jazzy/opt/gz_math_vendor:/opt/ros/jazzy/opt/gz_utils_vendor:/opt/ros/jazzy/opt/gz_tools_vendor:/opt/ros/jazzy/opt/gz_ogre_next_vendor:/opt/ros/jazzy/opt/gz_dartsim_vendor:/opt/ros/jazzy/opt/gz_cmake_vendor:/opt/ros/jazzy DEBUGINFOD_URLS=https://debuginfod.ubuntu.com /usr/bin/cmake --build /home/max/github/VisionArm/ROS2/build/annin_ar4_driver -- -j4 -l4
[18.366s] DEBUG:colcon.colcon_core.event_handler.log_command:Invoking command in '/home/max/github/VisionArm/ROS2/build/annin_ar4_driver': AMENT_PREFIX_PATH=/home/max/github/VisionArm/ROS2/install/annin_ar4_description:${AMENT_PREFIX_PATH} CMAKE_PREFIX_PATH=/home/max/github/VisionArm/ROS2/install/annin_ar4_description:/opt/ros/jazzy/opt/gz_sim_vendor:/opt/ros/jazzy/opt/gz_sensors_vendor:/opt/ros/jazzy/opt/gz_physics_vendor:/opt/ros/jazzy/opt/sdformat_vendor:/opt/ros/jazzy/opt/gz_gui_vendor:/opt/ros/jazzy/opt/gz_transport_vendor:/opt/ros/jazzy/opt/gz_rendering_vendor:/opt/ros/jazzy/opt/gz_plugin_vendor:/opt/ros/jazzy/opt/gz_fuel_tools_vendor:/opt/ros/jazzy/opt/gz_msgs_vendor:/opt/ros/jazzy/opt/gz_common_vendor:/opt/ros/jazzy/opt/gz_math_vendor:/opt/ros/jazzy/opt/gz_utils_vendor:/opt/ros/jazzy/opt/gz_tools_vendor:/opt/ros/jazzy/opt/gz_ogre_next_vendor:/opt/ros/jazzy/opt/gz_dartsim_vendor:/opt/ros/jazzy/opt/gz_cmake_vendor:/opt/ros/jazzy DEBUGINFOD_URLS=https://debuginfod.ubuntu.com /usr/bin/cmake --install /home/max/github/VisionArm/ROS2/build/annin_ar4_driver
[18.665s] Level 1:colcon.colcon_core.environment:create_environment_scripts_only(annin_ar4_driver)
[18.665s] Level 1:colcon.colcon_core.environment:checking '/home/max/github/VisionArm/ROS2/install/annin_ar4_driver' for CMake module files
[18.665s] DEBUG:colcon.colcon_core.event_handler.log_command:Invoked command in '/home/max/github/VisionArm/ROS2/build/annin_ar4_driver' returned '0': AMENT_PREFIX_PATH=/home/max/github/VisionArm/ROS2/install/annin_ar4_description:${AMENT_PREFIX_PATH} CMAKE_PREFIX_PATH=/home/max/github/VisionArm/ROS2/install/annin_ar4_description:/opt/ros/jazzy/opt/gz_sim_vendor:/opt/ros/jazzy/opt/gz_sensors_vendor:/opt/ros/jazzy/opt/gz_physics_vendor:/opt/ros/jazzy/opt/sdformat_vendor:/opt/ros/jazzy/opt/gz_gui_vendor:/opt/ros/jazzy/opt/gz_transport_vendor:/opt/ros/jazzy/opt/gz_rendering_vendor:/opt/ros/jazzy/opt/gz_plugin_vendor:/opt/ros/jazzy/opt/gz_fuel_tools_vendor:/opt/ros/jazzy/opt/gz_msgs_vendor:/opt/ros/jazzy/opt/gz_common_vendor:/opt/ros/jazzy/opt/gz_math_vendor:/opt/ros/jazzy/opt/gz_utils_vendor:/opt/ros/jazzy/opt/gz_tools_vendor:/opt/ros/jazzy/opt/gz_ogre_next_vendor:/opt/ros/jazzy/opt/gz_dartsim_vendor:/opt/ros/jazzy/opt/gz_cmake_vendor:/opt/ros/jazzy DEBUGINFOD_URLS=https://debuginfod.ubuntu.com /usr/bin/cmake --install /home/max/github/VisionArm/ROS2/build/annin_ar4_driver
[18.666s] Level 1:colcon.colcon_core.environment:checking '/home/max/github/VisionArm/ROS2/install/annin_ar4_driver' for CMake config files
[18.666s] Level 1:colcon.colcon_core.shell:create_environment_hook('annin_ar4_driver', 'cmake_prefix_path')
[18.666s] INFO:colcon.colcon_core.shell:Creating environment hook '/home/max/github/VisionArm/ROS2/install/annin_ar4_driver/share/annin_ar4_driver/hook/cmake_prefix_path.ps1'
[18.667s] INFO:colcon.colcon_core.shell:Creating environment descriptor '/home/max/github/VisionArm/ROS2/install/annin_ar4_driver/share/annin_ar4_driver/hook/cmake_prefix_path.dsv'
[18.667s] INFO:colcon.colcon_core.shell:Creating environment hook '/home/max/github/VisionArm/ROS2/install/annin_ar4_driver/share/annin_ar4_driver/hook/cmake_prefix_path.sh'
[18.668s] Level 1:colcon.colcon_core.environment:checking '/home/max/github/VisionArm/ROS2/install/annin_ar4_driver/lib'
[18.668s] Level 1:colcon.colcon_core.shell:create_environment_hook('annin_ar4_driver', 'ld_library_path_lib')
[18.668s] INFO:colcon.colcon_core.shell:Creating environment hook '/home/max/github/VisionArm/ROS2/install/annin_ar4_driver/share/annin_ar4_driver/hook/ld_library_path_lib.ps1'
[18.668s] INFO:colcon.colcon_core.shell:Creating environment descriptor '/home/max/github/VisionArm/ROS2/install/annin_ar4_driver/share/annin_ar4_driver/hook/ld_library_path_lib.dsv'
[18.668s] INFO:colcon.colcon_core.shell:Creating environment hook '/home/max/github/VisionArm/ROS2/install/annin_ar4_driver/share/annin_ar4_driver/hook/ld_library_path_lib.sh'
[18.668s] Level 1:colcon.colcon_core.environment:checking '/home/max/github/VisionArm/ROS2/install/annin_ar4_driver/bin'
[18.668s] Level 1:colcon.colcon_core.environment:checking '/home/max/github/VisionArm/ROS2/install/annin_ar4_driver/lib/pkgconfig/annin_ar4_driver.pc'
[18.669s] Level 1:colcon.colcon_core.environment:checking '/home/max/github/VisionArm/ROS2/install/annin_ar4_driver/lib/python3.12/site-packages'
[18.669s] Level 1:colcon.colcon_core.environment:checking '/home/max/github/VisionArm/ROS2/install/annin_ar4_driver/bin'
[18.669s] INFO:colcon.colcon_core.shell:Creating package script '/home/max/github/VisionArm/ROS2/install/annin_ar4_driver/share/annin_ar4_driver/package.ps1'
[18.669s] INFO:colcon.colcon_core.shell:Creating package descriptor '/home/max/github/VisionArm/ROS2/install/annin_ar4_driver/share/annin_ar4_driver/package.dsv'
[18.670s] INFO:colcon.colcon_core.shell:Creating package script '/home/max/github/VisionArm/ROS2/install/annin_ar4_driver/share/annin_ar4_driver/package.sh'
[18.670s] INFO:colcon.colcon_core.shell:Creating package script '/home/max/github/VisionArm/ROS2/install/annin_ar4_driver/share/annin_ar4_driver/package.bash'
[18.671s] INFO:colcon.colcon_core.shell:Creating package script '/home/max/github/VisionArm/ROS2/install/annin_ar4_driver/share/annin_ar4_driver/package.zsh'
[18.671s] Level 1:colcon.colcon_core.environment:create_file_with_runtime_dependencies(/home/max/github/VisionArm/ROS2/install/annin_ar4_driver/share/colcon-core/packages/annin_ar4_driver)
[18.671s] Level 1:colcon.colcon_core.environment:create_environment_scripts_only(annin_ar4_driver)
[18.671s] Level 1:colcon.colcon_core.environment:checking '/home/max/github/VisionArm/ROS2/install/annin_ar4_driver' for CMake module files
[18.672s] Level 1:colcon.colcon_core.environment:checking '/home/max/github/VisionArm/ROS2/install/annin_ar4_driver' for CMake config files
[18.672s] Level 1:colcon.colcon_core.shell:create_environment_hook('annin_ar4_driver', 'cmake_prefix_path')
[18.672s] INFO:colcon.colcon_core.shell:Creating environment hook '/home/max/github/VisionArm/ROS2/install/annin_ar4_driver/share/annin_ar4_driver/hook/cmake_prefix_path.ps1'
[18.672s] INFO:colcon.colcon_core.shell:Creating environment descriptor '/home/max/github/VisionArm/ROS2/install/annin_ar4_driver/share/annin_ar4_driver/hook/cmake_prefix_path.dsv'
[18.673s] INFO:colcon.colcon_core.shell:Creating environment hook '/home/max/github/VisionArm/ROS2/install/annin_ar4_driver/share/annin_ar4_driver/hook/cmake_prefix_path.sh'
[18.673s] Level 1:colcon.colcon_core.environment:checking '/home/max/github/VisionArm/ROS2/install/annin_ar4_driver/lib'
[18.673s] Level 1:colcon.colcon_core.shell:create_environment_hook('annin_ar4_driver', 'ld_library_path_lib')
[18.673s] INFO:colcon.colcon_core.shell:Creating environment hook '/home/max/github/VisionArm/ROS2/install/annin_ar4_driver/share/annin_ar4_driver/hook/ld_library_path_lib.ps1'
[18.674s] INFO:colcon.colcon_core.shell:Creating environment descriptor '/home/max/github/VisionArm/ROS2/install/annin_ar4_driver/share/annin_ar4_driver/hook/ld_library_path_lib.dsv'
[18.674s] INFO:colcon.colcon_core.shell:Creating environment hook '/home/max/github/VisionArm/ROS2/install/annin_ar4_driver/share/annin_ar4_driver/hook/ld_library_path_lib.sh'
[18.674s] Level 1:colcon.colcon_core.environment:checking '/home/max/github/VisionArm/ROS2/install/annin_ar4_driver/bin'
[18.674s] Level 1:colcon.colcon_core.environment:checking '/home/max/github/VisionArm/ROS2/install/annin_ar4_driver/lib/pkgconfig/annin_ar4_driver.pc'
[18.674s] Level 1:colcon.colcon_core.environment:checking '/home/max/github/VisionArm/ROS2/install/annin_ar4_driver/lib/python3.12/site-packages'
[18.675s] Level 1:colcon.colcon_core.environment:checking '/home/max/github/VisionArm/ROS2/install/annin_ar4_driver/bin'
[18.675s] INFO:colcon.colcon_core.shell:Creating package script '/home/max/github/VisionArm/ROS2/install/annin_ar4_driver/share/annin_ar4_driver/package.ps1'
[18.675s] INFO:colcon.colcon_core.shell:Creating package descriptor '/home/max/github/VisionArm/ROS2/install/annin_ar4_driver/share/annin_ar4_driver/package.dsv'
[18.676s] INFO:colcon.colcon_core.shell:Creating package script '/home/max/github/VisionArm/ROS2/install/annin_ar4_driver/share/annin_ar4_driver/package.sh'
[18.676s] INFO:colcon.colcon_core.shell:Creating package script '/home/max/github/VisionArm/ROS2/install/annin_ar4_driver/share/annin_ar4_driver/package.bash'
[18.677s] INFO:colcon.colcon_core.shell:Creating package script '/home/max/github/VisionArm/ROS2/install/annin_ar4_driver/share/annin_ar4_driver/package.zsh'
[18.677s] Level 1:colcon.colcon_core.environment:create_file_with_runtime_dependencies(/home/max/github/VisionArm/ROS2/install/annin_ar4_driver/share/colcon-core/packages/annin_ar4_driver)
[18.677s] INFO:colcon.colcon_ros.task.ament_cmake.build:Building ROS package in '/home/max/github/VisionArm/ROS2/ar4_ros_driver/annin_ar4_gazebo' with build type 'ament_cmake'
[18.677s] INFO:colcon.colcon_cmake.task.cmake.build:Building CMake package in '/home/max/github/VisionArm/ROS2/ar4_ros_driver/annin_ar4_gazebo'
[18.677s] INFO:colcon.colcon_core.shell:Skip shell extension 'powershell' for command environment: Not usable outside of PowerShell
[18.677s] DEBUG:colcon.colcon_core.shell:Skip shell extension 'dsv' for command environment
[18.692s] DEBUG:colcon.colcon_core.event_handler.log_command:Invoking command in '/home/max/github/VisionArm/ROS2/build/annin_ar4_gazebo': AMENT_PREFIX_PATH=/home/max/github/VisionArm/ROS2/install/annin_ar4_driver:/home/max/github/VisionArm/ROS2/install/annin_ar4_description:${AMENT_PREFIX_PATH} CMAKE_PREFIX_PATH=/home/max/github/VisionArm/ROS2/install/annin_ar4_driver:/home/max/github/VisionArm/ROS2/install/annin_ar4_description:/opt/ros/jazzy/opt/gz_sim_vendor:/opt/ros/jazzy/opt/gz_sensors_vendor:/opt/ros/jazzy/opt/gz_physics_vendor:/opt/ros/jazzy/opt/sdformat_vendor:/opt/ros/jazzy/opt/gz_gui_vendor:/opt/ros/jazzy/opt/gz_transport_vendor:/opt/ros/jazzy/opt/gz_rendering_vendor:/opt/ros/jazzy/opt/gz_plugin_vendor:/opt/ros/jazzy/opt/gz_fuel_tools_vendor:/opt/ros/jazzy/opt/gz_msgs_vendor:/opt/ros/jazzy/opt/gz_common_vendor:/opt/ros/jazzy/opt/gz_math_vendor:/opt/ros/jazzy/opt/gz_utils_vendor:/opt/ros/jazzy/opt/gz_tools_vendor:/opt/ros/jazzy/opt/gz_ogre_next_vendor:/opt/ros/jazzy/opt/gz_dartsim_vendor:/opt/ros/jazzy/opt/gz_cmake_vendor:/opt/ros/jazzy DEBUGINFOD_URLS=https://debuginfod.ubuntu.com LD_LIBRARY_PATH=/home/max/github/VisionArm/ROS2/install/annin_ar4_driver/lib:${LD_LIBRARY_PATH} /usr/bin/cmake /home/max/github/VisionArm/ROS2/ar4_ros_driver/annin_ar4_gazebo -DAMENT_CMAKE_SYMLINK_INSTALL=1 -DCMAKE_INSTALL_PREFIX=/home/max/github/VisionArm/ROS2/install/annin_ar4_gazebo
[19.324s] DEBUG:colcon.colcon_core.event_handler.log_command:Invoked command in '/home/max/github/VisionArm/ROS2/build/annin_ar4_gazebo' returned '0': AMENT_PREFIX_PATH=/home/max/github/VisionArm/ROS2/install/annin_ar4_driver:/home/max/github/VisionArm/ROS2/install/annin_ar4_description:${AMENT_PREFIX_PATH} CMAKE_PREFIX_PATH=/home/max/github/VisionArm/ROS2/install/annin_ar4_driver:/home/max/github/VisionArm/ROS2/install/annin_ar4_description:/opt/ros/jazzy/opt/gz_sim_vendor:/opt/ros/jazzy/opt/gz_sensors_vendor:/opt/ros/jazzy/opt/gz_physics_vendor:/opt/ros/jazzy/opt/sdformat_vendor:/opt/ros/jazzy/opt/gz_gui_vendor:/opt/ros/jazzy/opt/gz_transport_vendor:/opt/ros/jazzy/opt/gz_rendering_vendor:/opt/ros/jazzy/opt/gz_plugin_vendor:/opt/ros/jazzy/opt/gz_fuel_tools_vendor:/opt/ros/jazzy/opt/gz_msgs_vendor:/opt/ros/jazzy/opt/gz_common_vendor:/opt/ros/jazzy/opt/gz_math_vendor:/opt/ros/jazzy/opt/gz_utils_vendor:/opt/ros/jazzy/opt/gz_tools_vendor:/opt/ros/jazzy/opt/gz_ogre_next_vendor:/opt/ros/jazzy/opt/gz_dartsim_vendor:/opt/ros/jazzy/opt/gz_cmake_vendor:/opt/ros/jazzy DEBUGINFOD_URLS=https://debuginfod.ubuntu.com LD_LIBRARY_PATH=/home/max/github/VisionArm/ROS2/install/annin_ar4_driver/lib:${LD_LIBRARY_PATH} /usr/bin/cmake /home/max/github/VisionArm/ROS2/ar4_ros_driver/annin_ar4_gazebo -DAMENT_CMAKE_SYMLINK_INSTALL=1 -DCMAKE_INSTALL_PREFIX=/home/max/github/VisionArm/ROS2/install/annin_ar4_gazebo
[19.325s] DEBUG:colcon.colcon_core.event_handler.log_command:Invoking command in '/home/max/github/VisionArm/ROS2/build/annin_ar4_gazebo': AMENT_PREFIX_PATH=/home/max/github/VisionArm/ROS2/install/annin_ar4_driver:/home/max/github/VisionArm/ROS2/install/annin_ar4_description:${AMENT_PREFIX_PATH} CMAKE_PREFIX_PATH=/home/max/github/VisionArm/ROS2/install/annin_ar4_driver:/home/max/github/VisionArm/ROS2/install/annin_ar4_description:/opt/ros/jazzy/opt/gz_sim_vendor:/opt/ros/jazzy/opt/gz_sensors_vendor:/opt/ros/jazzy/opt/gz_physics_vendor:/opt/ros/jazzy/opt/sdformat_vendor:/opt/ros/jazzy/opt/gz_gui_vendor:/opt/ros/jazzy/opt/gz_transport_vendor:/opt/ros/jazzy/opt/gz_rendering_vendor:/opt/ros/jazzy/opt/gz_plugin_vendor:/opt/ros/jazzy/opt/gz_fuel_tools_vendor:/opt/ros/jazzy/opt/gz_msgs_vendor:/opt/ros/jazzy/opt/gz_common_vendor:/opt/ros/jazzy/opt/gz_math_vendor:/opt/ros/jazzy/opt/gz_utils_vendor:/opt/ros/jazzy/opt/gz_tools_vendor:/opt/ros/jazzy/opt/gz_ogre_next_vendor:/opt/ros/jazzy/opt/gz_dartsim_vendor:/opt/ros/jazzy/opt/gz_cmake_vendor:/opt/ros/jazzy DEBUGINFOD_URLS=https://debuginfod.ubuntu.com LD_LIBRARY_PATH=/home/max/github/VisionArm/ROS2/install/annin_ar4_driver/lib:${LD_LIBRARY_PATH} /usr/bin/cmake --build /home/max/github/VisionArm/ROS2/build/annin_ar4_gazebo -- -j4 -l4
[19.363s] DEBUG:colcon.colcon_core.event_handler.log_command:Invoked command in '/home/max/github/VisionArm/ROS2/build/annin_ar4_gazebo' returned '0': AMENT_PREFIX_PATH=/home/max/github/VisionArm/ROS2/install/annin_ar4_driver:/home/max/github/VisionArm/ROS2/install/annin_ar4_description:${AMENT_PREFIX_PATH} CMAKE_PREFIX_PATH=/home/max/github/VisionArm/ROS2/install/annin_ar4_driver:/home/max/github/VisionArm/ROS2/install/annin_ar4_description:/opt/ros/jazzy/opt/gz_sim_vendor:/opt/ros/jazzy/opt/gz_sensors_vendor:/opt/ros/jazzy/opt/gz_physics_vendor:/opt/ros/jazzy/opt/sdformat_vendor:/opt/ros/jazzy/opt/gz_gui_vendor:/opt/ros/jazzy/opt/gz_transport_vendor:/opt/ros/jazzy/opt/gz_rendering_vendor:/opt/ros/jazzy/opt/gz_plugin_vendor:/opt/ros/jazzy/opt/gz_fuel_tools_vendor:/opt/ros/jazzy/opt/gz_msgs_vendor:/opt/ros/jazzy/opt/gz_common_vendor:/opt/ros/jazzy/opt/gz_math_vendor:/opt/ros/jazzy/opt/gz_utils_vendor:/opt/ros/jazzy/opt/gz_tools_vendor:/opt/ros/jazzy/opt/gz_ogre_next_vendor:/opt/ros/jazzy/opt/gz_dartsim_vendor:/opt/ros/jazzy/opt/gz_cmake_vendor:/opt/ros/jazzy DEBUGINFOD_URLS=https://debuginfod.ubuntu.com LD_LIBRARY_PATH=/home/max/github/VisionArm/ROS2/install/annin_ar4_driver/lib:${LD_LIBRARY_PATH} /usr/bin/cmake --build /home/max/github/VisionArm/ROS2/build/annin_ar4_gazebo -- -j4 -l4
[19.364s] DEBUG:colcon.colcon_core.event_handler.log_command:Invoking command in '/home/max/github/VisionArm/ROS2/build/annin_ar4_gazebo': AMENT_PREFIX_PATH=/home/max/github/VisionArm/ROS2/install/annin_ar4_driver:/home/max/github/VisionArm/ROS2/install/annin_ar4_description:${AMENT_PREFIX_PATH} CMAKE_PREFIX_PATH=/home/max/github/VisionArm/ROS2/install/annin_ar4_driver:/home/max/github/VisionArm/ROS2/install/annin_ar4_description:/opt/ros/jazzy/opt/gz_sim_vendor:/opt/ros/jazzy/opt/gz_sensors_vendor:/opt/ros/jazzy/opt/gz_physics_vendor:/opt/ros/jazzy/opt/sdformat_vendor:/opt/ros/jazzy/opt/gz_gui_vendor:/opt/ros/jazzy/opt/gz_transport_vendor:/opt/ros/jazzy/opt/gz_rendering_vendor:/opt/ros/jazzy/opt/gz_plugin_vendor:/opt/ros/jazzy/opt/gz_fuel_tools_vendor:/opt/ros/jazzy/opt/gz_msgs_vendor:/opt/ros/jazzy/opt/gz_common_vendor:/opt/ros/jazzy/opt/gz_math_vendor:/opt/ros/jazzy/opt/gz_utils_vendor:/opt/ros/jazzy/opt/gz_tools_vendor:/opt/ros/jazzy/opt/gz_ogre_next_vendor:/opt/ros/jazzy/opt/gz_dartsim_vendor:/opt/ros/jazzy/opt/gz_cmake_vendor:/opt/ros/jazzy DEBUGINFOD_URLS=https://debuginfod.ubuntu.com LD_LIBRARY_PATH=/home/max/github/VisionArm/ROS2/install/annin_ar4_driver/lib:${LD_LIBRARY_PATH} /usr/bin/cmake --install /home/max/github/VisionArm/ROS2/build/annin_ar4_gazebo
[19.524s] Level 1:colcon.colcon_core.environment:create_environment_scripts_only(annin_ar4_gazebo)
[19.524s] DEBUG:colcon.colcon_core.event_handler.log_command:Invoked command in '/home/max/github/VisionArm/ROS2/build/annin_ar4_gazebo' returned '0': AMENT_PREFIX_PATH=/home/max/github/VisionArm/ROS2/install/annin_ar4_driver:/home/max/github/VisionArm/ROS2/install/annin_ar4_description:${AMENT_PREFIX_PATH} CMAKE_PREFIX_PATH=/home/max/github/VisionArm/ROS2/install/annin_ar4_driver:/home/max/github/VisionArm/ROS2/install/annin_ar4_description:/opt/ros/jazzy/opt/gz_sim_vendor:/opt/ros/jazzy/opt/gz_sensors_vendor:/opt/ros/jazzy/opt/gz_physics_vendor:/opt/ros/jazzy/opt/sdformat_vendor:/opt/ros/jazzy/opt/gz_gui_vendor:/opt/ros/jazzy/opt/gz_transport_vendor:/opt/ros/jazzy/opt/gz_rendering_vendor:/opt/ros/jazzy/opt/gz_plugin_vendor:/opt/ros/jazzy/opt/gz_fuel_tools_vendor:/opt/ros/jazzy/opt/gz_msgs_vendor:/opt/ros/jazzy/opt/gz_common_vendor:/opt/ros/jazzy/opt/gz_math_vendor:/opt/ros/jazzy/opt/gz_utils_vendor:/opt/ros/jazzy/opt/gz_tools_vendor:/opt/ros/jazzy/opt/gz_ogre_next_vendor:/opt/ros/jazzy/opt/gz_dartsim_vendor:/opt/ros/jazzy/opt/gz_cmake_vendor:/opt/ros/jazzy DEBUGINFOD_URLS=https://debuginfod.ubuntu.com LD_LIBRARY_PATH=/home/max/github/VisionArm/ROS2/install/annin_ar4_driver/lib:${LD_LIBRARY_PATH} /usr/bin/cmake --install /home/max/github/VisionArm/ROS2/build/annin_ar4_gazebo
[19.524s] Level 1:colcon.colcon_core.environment:checking '/home/max/github/VisionArm/ROS2/install/annin_ar4_gazebo' for CMake module files
[19.525s] Level 1:colcon.colcon_core.environment:checking '/home/max/github/VisionArm/ROS2/install/annin_ar4_gazebo' for CMake config files
[19.525s] Level 1:colcon.colcon_core.shell:create_environment_hook('annin_ar4_gazebo', 'cmake_prefix_path')
[19.525s] INFO:colcon.colcon_core.shell:Creating environment hook '/home/max/github/VisionArm/ROS2/install/annin_ar4_gazebo/share/annin_ar4_gazebo/hook/cmake_prefix_path.ps1'
[19.525s] INFO:colcon.colcon_core.shell:Creating environment descriptor '/home/max/github/VisionArm/ROS2/install/annin_ar4_gazebo/share/annin_ar4_gazebo/hook/cmake_prefix_path.dsv'
[19.525s] INFO:colcon.colcon_core.shell:Creating environment hook '/home/max/github/VisionArm/ROS2/install/annin_ar4_gazebo/share/annin_ar4_gazebo/hook/cmake_prefix_path.sh'
[19.526s] Level 1:colcon.colcon_core.environment:checking '/home/max/github/VisionArm/ROS2/install/annin_ar4_gazebo/bin'
[19.526s] Level 1:colcon.colcon_core.environment:checking '/home/max/github/VisionArm/ROS2/install/annin_ar4_gazebo/lib/pkgconfig/annin_ar4_gazebo.pc'
[19.526s] Level 1:colcon.colcon_core.environment:checking '/home/max/github/VisionArm/ROS2/install/annin_ar4_gazebo/lib/python3.12/site-packages'
[19.526s] Level 1:colcon.colcon_core.environment:checking '/home/max/github/VisionArm/ROS2/install/annin_ar4_gazebo/bin'
[19.526s] INFO:colcon.colcon_core.shell:Creating package script '/home/max/github/VisionArm/ROS2/install/annin_ar4_gazebo/share/annin_ar4_gazebo/package.ps1'
[19.527s] INFO:colcon.colcon_core.shell:Creating package descriptor '/home/max/github/VisionArm/ROS2/install/annin_ar4_gazebo/share/annin_ar4_gazebo/package.dsv'
[19.528s] INFO:colcon.colcon_core.shell:Creating package script '/home/max/github/VisionArm/ROS2/install/annin_ar4_gazebo/share/annin_ar4_gazebo/package.sh'
[19.528s] INFO:colcon.colcon_core.shell:Creating package script '/home/max/github/VisionArm/ROS2/install/annin_ar4_gazebo/share/annin_ar4_gazebo/package.bash'
[19.528s] INFO:colcon.colcon_core.shell:Creating package script '/home/max/github/VisionArm/ROS2/install/annin_ar4_gazebo/share/annin_ar4_gazebo/package.zsh'
[19.529s] Level 1:colcon.colcon_core.environment:create_file_with_runtime_dependencies(/home/max/github/VisionArm/ROS2/install/annin_ar4_gazebo/share/colcon-core/packages/annin_ar4_gazebo)
[19.529s] Level 1:colcon.colcon_core.environment:create_environment_scripts_only(annin_ar4_gazebo)
[19.529s] Level 1:colcon.colcon_core.environment:checking '/home/max/github/VisionArm/ROS2/install/annin_ar4_gazebo' for CMake module files
[19.530s] Level 1:colcon.colcon_core.environment:checking '/home/max/github/VisionArm/ROS2/install/annin_ar4_gazebo' for CMake config files
[19.530s] Level 1:colcon.colcon_core.shell:create_environment_hook('annin_ar4_gazebo', 'cmake_prefix_path')
[19.530s] INFO:colcon.colcon_core.shell:Creating environment hook '/home/max/github/VisionArm/ROS2/install/annin_ar4_gazebo/share/annin_ar4_gazebo/hook/cmake_prefix_path.ps1'
[19.531s] INFO:colcon.colcon_core.shell:Creating environment descriptor '/home/max/github/VisionArm/ROS2/install/annin_ar4_gazebo/share/annin_ar4_gazebo/hook/cmake_prefix_path.dsv'
[19.531s] INFO:colcon.colcon_core.shell:Creating environment hook '/home/max/github/VisionArm/ROS2/install/annin_ar4_gazebo/share/annin_ar4_gazebo/hook/cmake_prefix_path.sh'
[19.532s] Level 1:colcon.colcon_core.environment:checking '/home/max/github/VisionArm/ROS2/install/annin_ar4_gazebo/bin'
[19.532s] Level 1:colcon.colcon_core.environment:checking '/home/max/github/VisionArm/ROS2/install/annin_ar4_gazebo/lib/pkgconfig/annin_ar4_gazebo.pc'
[19.532s] Level 1:colcon.colcon_core.environment:checking '/home/max/github/VisionArm/ROS2/install/annin_ar4_gazebo/lib/python3.12/site-packages'
[19.533s] Level 1:colcon.colcon_core.environment:checking '/home/max/github/VisionArm/ROS2/install/annin_ar4_gazebo/bin'
[19.533s] INFO:colcon.colcon_core.shell:Creating package script '/home/max/github/VisionArm/ROS2/install/annin_ar4_gazebo/share/annin_ar4_gazebo/package.ps1'
[19.533s] INFO:colcon.colcon_core.shell:Creating package descriptor '/home/max/github/VisionArm/ROS2/install/annin_ar4_gazebo/share/annin_ar4_gazebo/package.dsv'
[19.534s] INFO:colcon.colcon_core.shell:Creating package script '/home/max/github/VisionArm/ROS2/install/annin_ar4_gazebo/share/annin_ar4_gazebo/package.sh'
[19.534s] INFO:colcon.colcon_core.shell:Creating package script '/home/max/github/VisionArm/ROS2/install/annin_ar4_gazebo/share/annin_ar4_gazebo/package.bash'
[19.535s] INFO:colcon.colcon_core.shell:Creating package script '/home/max/github/VisionArm/ROS2/install/annin_ar4_gazebo/share/annin_ar4_gazebo/package.zsh'
[19.535s] Level 1:colcon.colcon_core.environment:create_file_with_runtime_dependencies(/home/max/github/VisionArm/ROS2/install/annin_ar4_gazebo/share/colcon-core/packages/annin_ar4_gazebo)
[19.535s] DEBUG:colcon.colcon_parallel_executor.executor.parallel:closing loop
[19.536s] DEBUG:colcon.colcon_parallel_executor.executor.parallel:loop closed
[19.536s] DEBUG:colcon.colcon_parallel_executor.executor.parallel:run_until_complete finished with '0'
[19.536s] DEBUG:colcon.colcon_core.event_reactor:joining thread
[19.554s] INFO:colcon.colcon_core.plugin_system:Skipping extension 'colcon_notification.desktop_notification.terminal_notifier': Not used on non-Darwin systems
[19.554s] INFO:colcon.colcon_core.plugin_system:Skipping extension 'colcon_notification.desktop_notification.win32': Not used on non-Windows systems
[19.554s] INFO:colcon.colcon_notification.desktop_notification:Sending desktop notification using 'notify2'
[19.615s] DEBUG:colcon.colcon_core.event_reactor:joined thread
[19.616s] INFO:colcon.colcon_core.shell:Creating prefix script '/home/max/github/VisionArm/ROS2/install/local_setup.ps1'
[19.617s] INFO:colcon.colcon_core.shell:Creating prefix util module '/home/max/github/VisionArm/ROS2/install/_local_setup_util_ps1.py'
[19.618s] INFO:colcon.colcon_core.shell:Creating prefix chain script '/home/max/github/VisionArm/ROS2/install/setup.ps1'
[19.620s] INFO:colcon.colcon_core.shell:Creating prefix script '/home/max/github/VisionArm/ROS2/install/local_setup.sh'
[19.621s] INFO:colcon.colcon_core.shell:Creating prefix util module '/home/max/github/VisionArm/ROS2/install/_local_setup_util_sh.py'
[19.621s] INFO:colcon.colcon_core.shell:Creating prefix chain script '/home/max/github/VisionArm/ROS2/install/setup.sh'
[19.622s] INFO:colcon.colcon_core.shell:Creating prefix script '/home/max/github/VisionArm/ROS2/install/local_setup.bash'
[19.624s] INFO:colcon.colcon_core.shell:Creating prefix chain script '/home/max/github/VisionArm/ROS2/install/setup.bash'
[19.625s] INFO:colcon.colcon_core.shell:Creating prefix script '/home/max/github/VisionArm/ROS2/install/local_setup.zsh'
[19.626s] INFO:colcon.colcon_core.shell:Creating prefix chain script '/home/max/github/VisionArm/ROS2/install/setup.zsh'
