[0.016s] Invoking command in '/home/max/github/VisionArm/ROS2/build/annin_ar4_gazebo': CMAKE_PREFIX_PATH=/home/max/github/VisionArm/ROS2/install/annin_ar4_driver:/home/max/github/VisionArm/ROS2/install/annin_ar4_description:/home/max/github/VisionArm/ROS2/install/annin_ar4_moveit_config:/home/max/github/VisionArm/ROS2/install/annin_ar4_gazebo:/opt/ros/jazzy/opt/gz_sim_vendor:/opt/ros/jazzy/opt/gz_sensors_vendor:/opt/ros/jazzy/opt/gz_physics_vendor:/opt/ros/jazzy/opt/sdformat_vendor:/opt/ros/jazzy/opt/gz_gui_vendor:/opt/ros/jazzy/opt/gz_transport_vendor:/opt/ros/jazzy/opt/gz_rendering_vendor:/opt/ros/jazzy/opt/gz_plugin_vendor:/opt/ros/jazzy/opt/gz_fuel_tools_vendor:/opt/ros/jazzy/opt/gz_msgs_vendor:/opt/ros/jazzy/opt/gz_common_vendor:/opt/ros/jazzy/opt/gz_math_vendor:/opt/ros/jazzy/opt/gz_utils_vendor:/opt/ros/jazzy/opt/gz_tools_vendor:/opt/ros/jazzy/opt/gz_ogre_next_vendor:/opt/ros/jazzy/opt/gz_dartsim_vendor:/opt/ros/jazzy/opt/gz_cmake_vendor:/opt/ros/jazzy DEBUGINFOD_URLS=https://debuginfod.ubuntu.com /usr/bin/cmake --build /home/max/github/VisionArm/ROS2/build/annin_ar4_gazebo -- -j4 -l4
[0.042s] -- Found ament_cmake: 2.5.4 (/opt/ros/jazzy/share/ament_cmake/cmake)
[0.212s] -- Override CMake install command with custom implementation using symlinks instead of copying resources
[0.290s] -- Configuring done (0.3s)
[0.297s] -- Generating done (0.0s)
[0.299s] -- Build files have been written to: /home/max/github/VisionArm/ROS2/build/annin_ar4_gazebo
[0.319s] Invoked command in '/home/max/github/VisionArm/ROS2/build/annin_ar4_gazebo' returned '0': CMAKE_PREFIX_PATH=/home/max/github/VisionArm/ROS2/install/annin_ar4_driver:/home/max/github/VisionArm/ROS2/install/annin_ar4_description:/home/max/github/VisionArm/ROS2/install/annin_ar4_moveit_config:/home/max/github/VisionArm/ROS2/install/annin_ar4_gazebo:/opt/ros/jazzy/opt/gz_sim_vendor:/opt/ros/jazzy/opt/gz_sensors_vendor:/opt/ros/jazzy/opt/gz_physics_vendor:/opt/ros/jazzy/opt/sdformat_vendor:/opt/ros/jazzy/opt/gz_gui_vendor:/opt/ros/jazzy/opt/gz_transport_vendor:/opt/ros/jazzy/opt/gz_rendering_vendor:/opt/ros/jazzy/opt/gz_plugin_vendor:/opt/ros/jazzy/opt/gz_fuel_tools_vendor:/opt/ros/jazzy/opt/gz_msgs_vendor:/opt/ros/jazzy/opt/gz_common_vendor:/opt/ros/jazzy/opt/gz_math_vendor:/opt/ros/jazzy/opt/gz_utils_vendor:/opt/ros/jazzy/opt/gz_tools_vendor:/opt/ros/jazzy/opt/gz_ogre_next_vendor:/opt/ros/jazzy/opt/gz_dartsim_vendor:/opt/ros/jazzy/opt/gz_cmake_vendor:/opt/ros/jazzy DEBUGINFOD_URLS=https://debuginfod.ubuntu.com /usr/bin/cmake --build /home/max/github/VisionArm/ROS2/build/annin_ar4_gazebo -- -j4 -l4
[0.321s] Invoking command in '/home/max/github/VisionArm/ROS2/build/annin_ar4_gazebo': CMAKE_PREFIX_PATH=/home/max/github/VisionArm/ROS2/install/annin_ar4_driver:/home/max/github/VisionArm/ROS2/install/annin_ar4_description:/home/max/github/VisionArm/ROS2/install/annin_ar4_moveit_config:/home/max/github/VisionArm/ROS2/install/annin_ar4_gazebo:/opt/ros/jazzy/opt/gz_sim_vendor:/opt/ros/jazzy/opt/gz_sensors_vendor:/opt/ros/jazzy/opt/gz_physics_vendor:/opt/ros/jazzy/opt/sdformat_vendor:/opt/ros/jazzy/opt/gz_gui_vendor:/opt/ros/jazzy/opt/gz_transport_vendor:/opt/ros/jazzy/opt/gz_rendering_vendor:/opt/ros/jazzy/opt/gz_plugin_vendor:/opt/ros/jazzy/opt/gz_fuel_tools_vendor:/opt/ros/jazzy/opt/gz_msgs_vendor:/opt/ros/jazzy/opt/gz_common_vendor:/opt/ros/jazzy/opt/gz_math_vendor:/opt/ros/jazzy/opt/gz_utils_vendor:/opt/ros/jazzy/opt/gz_tools_vendor:/opt/ros/jazzy/opt/gz_ogre_next_vendor:/opt/ros/jazzy/opt/gz_dartsim_vendor:/opt/ros/jazzy/opt/gz_cmake_vendor:/opt/ros/jazzy DEBUGINFOD_URLS=https://debuginfod.ubuntu.com /usr/bin/cmake --install /home/max/github/VisionArm/ROS2/build/annin_ar4_gazebo
[0.328s] -- Install configuration: ""
[0.329s] -- Execute custom install script
[0.330s] -- Up-to-date symlink: /home/max/github/VisionArm/ROS2/install/annin_ar4_gazebo/share/annin_ar4_gazebo/launch/gazebo.launch.py
[0.331s] -- Up-to-date symlink: /home/max/github/VisionArm/ROS2/install/annin_ar4_gazebo/share/annin_ar4_gazebo/worlds/empty.world
[0.331s] -- Up-to-date symlink: /home/max/github/VisionArm/ROS2/install/annin_ar4_gazebo/share/ament_index/resource_index/package_run_dependencies/annin_ar4_gazebo
[0.332s] -- Up-to-date symlink: /home/max/github/VisionArm/ROS2/install/annin_ar4_gazebo/share/ament_index/resource_index/parent_prefix_path/annin_ar4_gazebo
[0.332s] -- Up-to-date symlink: /home/max/github/VisionArm/ROS2/install/annin_ar4_gazebo/share/annin_ar4_gazebo/environment/ament_prefix_path.sh
[0.332s] -- Up-to-date symlink: /home/max/github/VisionArm/ROS2/install/annin_ar4_gazebo/share/annin_ar4_gazebo/environment/ament_prefix_path.dsv
[0.333s] -- Up-to-date symlink: /home/max/github/VisionArm/ROS2/install/annin_ar4_gazebo/share/annin_ar4_gazebo/environment/path.sh
[0.333s] -- Up-to-date symlink: /home/max/github/VisionArm/ROS2/install/annin_ar4_gazebo/share/annin_ar4_gazebo/environment/path.dsv
[0.334s] -- Up-to-date symlink: /home/max/github/VisionArm/ROS2/install/annin_ar4_gazebo/share/annin_ar4_gazebo/local_setup.bash
[0.334s] -- Up-to-date symlink: /home/max/github/VisionArm/ROS2/install/annin_ar4_gazebo/share/annin_ar4_gazebo/local_setup.sh
[0.335s] -- Up-to-date symlink: /home/max/github/VisionArm/ROS2/install/annin_ar4_gazebo/share/annin_ar4_gazebo/local_setup.zsh
[0.335s] -- Up-to-date symlink: /home/max/github/VisionArm/ROS2/install/annin_ar4_gazebo/share/annin_ar4_gazebo/local_setup.dsv
[0.335s] -- Symlinking: /home/max/github/VisionArm/ROS2/install/annin_ar4_gazebo/share/annin_ar4_gazebo/package.dsv
[0.348s] -- Up-to-date symlink: /home/max/github/VisionArm/ROS2/install/annin_ar4_gazebo/share/ament_index/resource_index/packages/annin_ar4_gazebo
[0.348s] -- Up-to-date symlink: /home/max/github/VisionArm/ROS2/install/annin_ar4_gazebo/share/annin_ar4_gazebo/cmake/annin_ar4_gazeboConfig.cmake
[0.349s] -- Up-to-date symlink: /home/max/github/VisionArm/ROS2/install/annin_ar4_gazebo/share/annin_ar4_gazebo/cmake/annin_ar4_gazeboConfig-version.cmake
[0.349s] -- Up-to-date symlink: /home/max/github/VisionArm/ROS2/install/annin_ar4_gazebo/share/annin_ar4_gazebo/package.xml
[0.351s] Invoked command in '/home/max/github/VisionArm/ROS2/build/annin_ar4_gazebo' returned '0': CMAKE_PREFIX_PATH=/home/max/github/VisionArm/ROS2/install/annin_ar4_driver:/home/max/github/VisionArm/ROS2/install/annin_ar4_description:/home/max/github/VisionArm/ROS2/install/annin_ar4_moveit_config:/home/max/github/VisionArm/ROS2/install/annin_ar4_gazebo:/opt/ros/jazzy/opt/gz_sim_vendor:/opt/ros/jazzy/opt/gz_sensors_vendor:/opt/ros/jazzy/opt/gz_physics_vendor:/opt/ros/jazzy/opt/sdformat_vendor:/opt/ros/jazzy/opt/gz_gui_vendor:/opt/ros/jazzy/opt/gz_transport_vendor:/opt/ros/jazzy/opt/gz_rendering_vendor:/opt/ros/jazzy/opt/gz_plugin_vendor:/opt/ros/jazzy/opt/gz_fuel_tools_vendor:/opt/ros/jazzy/opt/gz_msgs_vendor:/opt/ros/jazzy/opt/gz_common_vendor:/opt/ros/jazzy/opt/gz_math_vendor:/opt/ros/jazzy/opt/gz_utils_vendor:/opt/ros/jazzy/opt/gz_tools_vendor:/opt/ros/jazzy/opt/gz_ogre_next_vendor:/opt/ros/jazzy/opt/gz_dartsim_vendor:/opt/ros/jazzy/opt/gz_cmake_vendor:/opt/ros/jazzy DEBUGINFOD_URLS=https://debuginfod.ubuntu.com /usr/bin/cmake --install /home/max/github/VisionArm/ROS2/build/annin_ar4_gazebo
