[0.017s] Invoking command in '/home/max/github/VisionArm/ROS2/build/annin_ar4_moveit_config': AMENT_PREFIX_PATH=/home/max/github/VisionArm/ROS2/install/annin_ar4_description:${AMENT_PREFIX_PATH} CMAKE_PREFIX_PATH=/home/max/github/VisionArm/ROS2/install/annin_ar4_description:/opt/ros/jazzy/opt/gz_sim_vendor:/opt/ros/jazzy/opt/gz_sensors_vendor:/opt/ros/jazzy/opt/gz_physics_vendor:/opt/ros/jazzy/opt/sdformat_vendor:/opt/ros/jazzy/opt/gz_gui_vendor:/opt/ros/jazzy/opt/gz_transport_vendor:/opt/ros/jazzy/opt/gz_rendering_vendor:/opt/ros/jazzy/opt/gz_plugin_vendor:/opt/ros/jazzy/opt/gz_fuel_tools_vendor:/opt/ros/jazzy/opt/gz_msgs_vendor:/opt/ros/jazzy/opt/gz_common_vendor:/opt/ros/jazzy/opt/gz_math_vendor:/opt/ros/jazzy/opt/gz_utils_vendor:/opt/ros/jazzy/opt/gz_tools_vendor:/opt/ros/jazzy/opt/gz_ogre_next_vendor:/opt/ros/jazzy/opt/gz_dartsim_vendor:/opt/ros/jazzy/opt/gz_cmake_vendor:/opt/ros/jazzy DEBUGINFOD_URLS=https://debuginfod.ubuntu.com /usr/bin/cmake /home/max/github/VisionArm/ROS2/ar4_ros_driver/annin_ar4_moveit_config -DCMAKE_INSTALL_PREFIX=/home/max/github/VisionArm/ROS2/install/annin_ar4_moveit_config
[0.192s] -- The C compiler identification is GNU 13.3.0
[0.337s] -- The CXX compiler identification is GNU 13.3.0
[0.359s] -- Detecting C compiler ABI info
[0.448s] -- Detecting C compiler ABI info - done
[0.454s] -- Check for working C compiler: /usr/bin/cc - skipped
[0.455s] -- Detecting C compile features
[0.456s] -- Detecting C compile features - done
[0.469s] -- Detecting CXX compiler ABI info
[0.561s] -- Detecting CXX compiler ABI info - done
[0.567s] -- Check for working CXX compiler: /usr/bin/c++ - skipped
[0.567s] -- Detecting CXX compile features
[0.568s] -- Detecting CXX compile features - done
[0.582s] -- Found ament_cmake: 2.5.4 (/opt/ros/jazzy/share/ament_cmake/cmake)
[0.721s] -- Found Python3: /usr/bin/python3 (found version "3.12.3") found components: Interpreter 
[0.961s] -- Configuring done (0.9s)
[0.965s] -- Generating done (0.0s)
[0.968s] -- Build files have been written to: /home/max/github/VisionArm/ROS2/build/annin_ar4_moveit_config
[0.972s] Invoked command in '/home/max/github/VisionArm/ROS2/build/annin_ar4_moveit_config' returned '0': AMENT_PREFIX_PATH=/home/max/github/VisionArm/ROS2/install/annin_ar4_description:${AMENT_PREFIX_PATH} CMAKE_PREFIX_PATH=/home/max/github/VisionArm/ROS2/install/annin_ar4_description:/opt/ros/jazzy/opt/gz_sim_vendor:/opt/ros/jazzy/opt/gz_sensors_vendor:/opt/ros/jazzy/opt/gz_physics_vendor:/opt/ros/jazzy/opt/sdformat_vendor:/opt/ros/jazzy/opt/gz_gui_vendor:/opt/ros/jazzy/opt/gz_transport_vendor:/opt/ros/jazzy/opt/gz_rendering_vendor:/opt/ros/jazzy/opt/gz_plugin_vendor:/opt/ros/jazzy/opt/gz_fuel_tools_vendor:/opt/ros/jazzy/opt/gz_msgs_vendor:/opt/ros/jazzy/opt/gz_common_vendor:/opt/ros/jazzy/opt/gz_math_vendor:/opt/ros/jazzy/opt/gz_utils_vendor:/opt/ros/jazzy/opt/gz_tools_vendor:/opt/ros/jazzy/opt/gz_ogre_next_vendor:/opt/ros/jazzy/opt/gz_dartsim_vendor:/opt/ros/jazzy/opt/gz_cmake_vendor:/opt/ros/jazzy DEBUGINFOD_URLS=https://debuginfod.ubuntu.com /usr/bin/cmake /home/max/github/VisionArm/ROS2/ar4_ros_driver/annin_ar4_moveit_config -DCMAKE_INSTALL_PREFIX=/home/max/github/VisionArm/ROS2/install/annin_ar4_moveit_config
[0.973s] Invoking command in '/home/max/github/VisionArm/ROS2/build/annin_ar4_moveit_config': AMENT_PREFIX_PATH=/home/max/github/VisionArm/ROS2/install/annin_ar4_description:${AMENT_PREFIX_PATH} CMAKE_PREFIX_PATH=/home/max/github/VisionArm/ROS2/install/annin_ar4_description:/opt/ros/jazzy/opt/gz_sim_vendor:/opt/ros/jazzy/opt/gz_sensors_vendor:/opt/ros/jazzy/opt/gz_physics_vendor:/opt/ros/jazzy/opt/sdformat_vendor:/opt/ros/jazzy/opt/gz_gui_vendor:/opt/ros/jazzy/opt/gz_transport_vendor:/opt/ros/jazzy/opt/gz_rendering_vendor:/opt/ros/jazzy/opt/gz_plugin_vendor:/opt/ros/jazzy/opt/gz_fuel_tools_vendor:/opt/ros/jazzy/opt/gz_msgs_vendor:/opt/ros/jazzy/opt/gz_common_vendor:/opt/ros/jazzy/opt/gz_math_vendor:/opt/ros/jazzy/opt/gz_utils_vendor:/opt/ros/jazzy/opt/gz_tools_vendor:/opt/ros/jazzy/opt/gz_ogre_next_vendor:/opt/ros/jazzy/opt/gz_dartsim_vendor:/opt/ros/jazzy/opt/gz_cmake_vendor:/opt/ros/jazzy DEBUGINFOD_URLS=https://debuginfod.ubuntu.com /usr/bin/cmake --build /home/max/github/VisionArm/ROS2/build/annin_ar4_moveit_config -- -j4 -l4
[1.014s] Invoked command in '/home/max/github/VisionArm/ROS2/build/annin_ar4_moveit_config' returned '0': AMENT_PREFIX_PATH=/home/max/github/VisionArm/ROS2/install/annin_ar4_description:${AMENT_PREFIX_PATH} CMAKE_PREFIX_PATH=/home/max/github/VisionArm/ROS2/install/annin_ar4_description:/opt/ros/jazzy/opt/gz_sim_vendor:/opt/ros/jazzy/opt/gz_sensors_vendor:/opt/ros/jazzy/opt/gz_physics_vendor:/opt/ros/jazzy/opt/sdformat_vendor:/opt/ros/jazzy/opt/gz_gui_vendor:/opt/ros/jazzy/opt/gz_transport_vendor:/opt/ros/jazzy/opt/gz_rendering_vendor:/opt/ros/jazzy/opt/gz_plugin_vendor:/opt/ros/jazzy/opt/gz_fuel_tools_vendor:/opt/ros/jazzy/opt/gz_msgs_vendor:/opt/ros/jazzy/opt/gz_common_vendor:/opt/ros/jazzy/opt/gz_math_vendor:/opt/ros/jazzy/opt/gz_utils_vendor:/opt/ros/jazzy/opt/gz_tools_vendor:/opt/ros/jazzy/opt/gz_ogre_next_vendor:/opt/ros/jazzy/opt/gz_dartsim_vendor:/opt/ros/jazzy/opt/gz_cmake_vendor:/opt/ros/jazzy DEBUGINFOD_URLS=https://debuginfod.ubuntu.com /usr/bin/cmake --build /home/max/github/VisionArm/ROS2/build/annin_ar4_moveit_config -- -j4 -l4
[1.023s] Invoking command in '/home/max/github/VisionArm/ROS2/build/annin_ar4_moveit_config': AMENT_PREFIX_PATH=/home/max/github/VisionArm/ROS2/install/annin_ar4_description:${AMENT_PREFIX_PATH} CMAKE_PREFIX_PATH=/home/max/github/VisionArm/ROS2/install/annin_ar4_description:/opt/ros/jazzy/opt/gz_sim_vendor:/opt/ros/jazzy/opt/gz_sensors_vendor:/opt/ros/jazzy/opt/gz_physics_vendor:/opt/ros/jazzy/opt/sdformat_vendor:/opt/ros/jazzy/opt/gz_gui_vendor:/opt/ros/jazzy/opt/gz_transport_vendor:/opt/ros/jazzy/opt/gz_rendering_vendor:/opt/ros/jazzy/opt/gz_plugin_vendor:/opt/ros/jazzy/opt/gz_fuel_tools_vendor:/opt/ros/jazzy/opt/gz_msgs_vendor:/opt/ros/jazzy/opt/gz_common_vendor:/opt/ros/jazzy/opt/gz_math_vendor:/opt/ros/jazzy/opt/gz_utils_vendor:/opt/ros/jazzy/opt/gz_tools_vendor:/opt/ros/jazzy/opt/gz_ogre_next_vendor:/opt/ros/jazzy/opt/gz_dartsim_vendor:/opt/ros/jazzy/opt/gz_cmake_vendor:/opt/ros/jazzy DEBUGINFOD_URLS=https://debuginfod.ubuntu.com /usr/bin/cmake --install /home/max/github/VisionArm/ROS2/build/annin_ar4_moveit_config
[1.031s] -- Install configuration: ""
[1.031s] -- Installing: /home/max/github/VisionArm/ROS2/install/annin_ar4_moveit_config/share/annin_ar4_moveit_config/config
[1.031s] -- Installing: /home/max/github/VisionArm/ROS2/install/annin_ar4_moveit_config/share/annin_ar4_moveit_config/config/annin_ar4.srdf
[1.031s] -- Installing: /home/max/github/VisionArm/ROS2/install/annin_ar4_moveit_config/share/annin_ar4_moveit_config/config/controllers.yaml
[1.031s] -- Installing: /home/max/github/VisionArm/ROS2/install/annin_ar4_moveit_config/share/annin_ar4_moveit_config/config/moveit_servo.yaml
[1.032s] -- Installing: /home/max/github/VisionArm/ROS2/install/annin_ar4_moveit_config/share/annin_ar4_moveit_config/config/kinematics.yaml
[1.032s] -- Installing: /home/max/github/VisionArm/ROS2/install/annin_ar4_moveit_config/share/annin_ar4_moveit_config/config/pilz_planning.yaml
[1.033s] -- Installing: /home/max/github/VisionArm/ROS2/install/annin_ar4_moveit_config/share/annin_ar4_moveit_config/config/joint_limits.yaml
[1.033s] -- Installing: /home/max/github/VisionArm/ROS2/install/annin_ar4_moveit_config/share/annin_ar4_moveit_config/config/ompl_planning.yaml
[1.033s] -- Installing: /home/max/github/VisionArm/ROS2/install/annin_ar4_moveit_config/share/annin_ar4_moveit_config/launch
[1.033s] -- Installing: /home/max/github/VisionArm/ROS2/install/annin_ar4_moveit_config/share/annin_ar4_moveit_config/launch/demo.launch.py
[1.034s] -- Installing: /home/max/github/VisionArm/ROS2/install/annin_ar4_moveit_config/share/annin_ar4_moveit_config/launch/moveit.launch.py
[1.034s] -- Installing: /home/max/github/VisionArm/ROS2/install/annin_ar4_moveit_config/share/annin_ar4_moveit_config/rviz
[1.034s] -- Installing: /home/max/github/VisionArm/ROS2/install/annin_ar4_moveit_config/share/annin_ar4_moveit_config/rviz/moveit_with_camera.rviz
[1.035s] -- Installing: /home/max/github/VisionArm/ROS2/install/annin_ar4_moveit_config/share/annin_ar4_moveit_config/rviz/moveit.rviz
[1.036s] -- Installing: /home/max/github/VisionArm/ROS2/install/annin_ar4_moveit_config/share/annin_ar4_moveit_config/srdf
[1.037s] -- Installing: /home/max/github/VisionArm/ROS2/install/annin_ar4_moveit_config/share/annin_ar4_moveit_config/srdf/ar.srdf.xacro
[1.037s] -- Installing: /home/max/github/VisionArm/ROS2/install/annin_ar4_moveit_config/share/annin_ar4_moveit_config/srdf/ar_macro.srdf.xacro
[1.037s] -- Installing: /home/max/github/VisionArm/ROS2/install/annin_ar4_moveit_config/share/annin_ar4_moveit_config/srdf/ar_gripper_macro.srdf.xacro
[1.037s] -- Installing: /home/max/github/VisionArm/ROS2/install/annin_ar4_moveit_config/share/annin_ar4_moveit_config/urdf
[1.037s] -- Installing: /home/max/github/VisionArm/ROS2/install/annin_ar4_moveit_config/share/annin_ar4_moveit_config/urdf/fake_ar.urdf.xacro
[1.037s] -- Installing: /home/max/github/VisionArm/ROS2/install/annin_ar4_moveit_config/share/ament_index/resource_index/package_run_dependencies/annin_ar4_moveit_config
[1.037s] -- Installing: /home/max/github/VisionArm/ROS2/install/annin_ar4_moveit_config/share/ament_index/resource_index/parent_prefix_path/annin_ar4_moveit_config
[1.037s] -- Installing: /home/max/github/VisionArm/ROS2/install/annin_ar4_moveit_config/share/annin_ar4_moveit_config/environment/ament_prefix_path.sh
[1.038s] -- Installing: /home/max/github/VisionArm/ROS2/install/annin_ar4_moveit_config/share/annin_ar4_moveit_config/environment/ament_prefix_path.dsv
[1.038s] -- Installing: /home/max/github/VisionArm/ROS2/install/annin_ar4_moveit_config/share/annin_ar4_moveit_config/environment/path.sh
[1.038s] -- Installing: /home/max/github/VisionArm/ROS2/install/annin_ar4_moveit_config/share/annin_ar4_moveit_config/environment/path.dsv
[1.038s] -- Installing: /home/max/github/VisionArm/ROS2/install/annin_ar4_moveit_config/share/annin_ar4_moveit_config/local_setup.bash
[1.038s] -- Installing: /home/max/github/VisionArm/ROS2/install/annin_ar4_moveit_config/share/annin_ar4_moveit_config/local_setup.sh
[1.039s] -- Installing: /home/max/github/VisionArm/ROS2/install/annin_ar4_moveit_config/share/annin_ar4_moveit_config/local_setup.zsh
[1.040s] -- Installing: /home/max/github/VisionArm/ROS2/install/annin_ar4_moveit_config/share/annin_ar4_moveit_config/local_setup.dsv
[1.040s] -- Installing: /home/max/github/VisionArm/ROS2/install/annin_ar4_moveit_config/share/annin_ar4_moveit_config/package.dsv
[1.040s] -- Installing: /home/max/github/VisionArm/ROS2/install/annin_ar4_moveit_config/share/ament_index/resource_index/packages/annin_ar4_moveit_config
[1.040s] -- Installing: /home/max/github/VisionArm/ROS2/install/annin_ar4_moveit_config/share/annin_ar4_moveit_config/cmake/annin_ar4_moveit_configConfig.cmake
[1.040s] -- Installing: /home/max/github/VisionArm/ROS2/install/annin_ar4_moveit_config/share/annin_ar4_moveit_config/cmake/annin_ar4_moveit_configConfig-version.cmake
[1.040s] -- Installing: /home/max/github/VisionArm/ROS2/install/annin_ar4_moveit_config/share/annin_ar4_moveit_config/package.xml
[1.041s] Invoked command in '/home/max/github/VisionArm/ROS2/build/annin_ar4_moveit_config' returned '0': AMENT_PREFIX_PATH=/home/max/github/VisionArm/ROS2/install/annin_ar4_description:${AMENT_PREFIX_PATH} CMAKE_PREFIX_PATH=/home/max/github/VisionArm/ROS2/install/annin_ar4_description:/opt/ros/jazzy/opt/gz_sim_vendor:/opt/ros/jazzy/opt/gz_sensors_vendor:/opt/ros/jazzy/opt/gz_physics_vendor:/opt/ros/jazzy/opt/sdformat_vendor:/opt/ros/jazzy/opt/gz_gui_vendor:/opt/ros/jazzy/opt/gz_transport_vendor:/opt/ros/jazzy/opt/gz_rendering_vendor:/opt/ros/jazzy/opt/gz_plugin_vendor:/opt/ros/jazzy/opt/gz_fuel_tools_vendor:/opt/ros/jazzy/opt/gz_msgs_vendor:/opt/ros/jazzy/opt/gz_common_vendor:/opt/ros/jazzy/opt/gz_math_vendor:/opt/ros/jazzy/opt/gz_utils_vendor:/opt/ros/jazzy/opt/gz_tools_vendor:/opt/ros/jazzy/opt/gz_ogre_next_vendor:/opt/ros/jazzy/opt/gz_dartsim_vendor:/opt/ros/jazzy/opt/gz_cmake_vendor:/opt/ros/jazzy DEBUGINFOD_URLS=https://debuginfod.ubuntu.com /usr/bin/cmake --install /home/max/github/VisionArm/ROS2/build/annin_ar4_moveit_config
