-- Found ament_cmake: 2.5.4 (/opt/ros/jazzy/share/ament_cmake/cmake)
-- Override CMake install command with custom implementation using symlinks instead of copying resources
-- Found controller_manager: 4.39.2 (/opt/ros/jazzy/share/controller_manager/cmake)
-- Found rosidl_generator_c: 4.6.6 (/opt/ros/jazzy/share/rosidl_generator_c/cmake)
-- Found rosidl_generator_cpp: 4.6.6 (/opt/ros/jazzy/share/rosidl_generator_cpp/cmake)
-- Using all available rosidl_typesupport_c: rosidl_typesupport_fastrtps_c;rosidl_typesupport_introspection_c
-- Using all available rosidl_typesupport_cpp: rosidl_typesupport_fastrtps_cpp;rosidl_typesupport_introspection_cpp
-- Found rmw_implementation_cmake: 7.3.2 (/opt/ros/jazzy/share/rmw_implementation_cmake/cmake)
-- Found rmw_fastrtps_cpp: 8.4.3 (/opt/ros/jazzy/share/rmw_fastrtps_cpp/cmake)
-- Using RMW implementation 'rmw_fastrtps_cpp' as default
-- Configuring done (1.2s)
-- Generating done (0.1s)
-- Build files have been written to: /home/max/github/VisionArm/ROS2/build/annin_ar4_driver
[ 75%] Built target annin_ar4_driver
[100%] Built target run_arduino_nano
-- Install configuration: ""
-- Execute custom install script
-- Up-to-date symlink: /home/max/github/VisionArm/ROS2/install/annin_ar4_driver/lib/annin_ar4_driver/run_arduino_nano
-- Up-to-date symlink: /home/max/github/VisionArm/ROS2/install/annin_ar4_driver/share/annin_ar4_driver//hardware_interface_plugin.xml
-- Up-to-date symlink: /home/max/github/VisionArm/ROS2/install/annin_ar4_driver/include/annin_ar4_driver/annin_ar4_driver/ar_hardware_interface.hpp
-- Up-to-date symlink: /home/max/github/VisionArm/ROS2/install/annin_ar4_driver/include/annin_ar4_driver/annin_ar4_driver/ar_servo_gripper_hw_interface.hpp
-- Up-to-date symlink: /home/max/github/VisionArm/ROS2/install/annin_ar4_driver/include/annin_ar4_driver/annin_ar4_driver/arduino_nano_driver.hpp
-- Up-to-date symlink: /home/max/github/VisionArm/ROS2/install/annin_ar4_driver/include/annin_ar4_driver/annin_ar4_driver/gripper_overcurrent_protection.hpp
-- Up-to-date symlink: /home/max/github/VisionArm/ROS2/install/annin_ar4_driver/include/annin_ar4_driver/annin_ar4_driver/teensy_driver.hpp
-- Up-to-date symlink: /home/max/github/VisionArm/ROS2/install/annin_ar4_driver/share/annin_ar4_driver/config/controllers.yaml
-- Up-to-date symlink: /home/max/github/VisionArm/ROS2/install/annin_ar4_driver/share/annin_ar4_driver/config/driver.yaml
-- Up-to-date symlink: /home/max/github/VisionArm/ROS2/install/annin_ar4_driver/share/annin_ar4_driver/config/gripper_driver.yaml
-- Up-to-date symlink: /home/max/github/VisionArm/ROS2/install/annin_ar4_driver/share/annin_ar4_driver/config/joint_offsets/mk1.yaml
-- Up-to-date symlink: /home/max/github/VisionArm/ROS2/install/annin_ar4_driver/share/annin_ar4_driver/config/joint_offsets/mk2.yaml
-- Up-to-date symlink: /home/max/github/VisionArm/ROS2/install/annin_ar4_driver/share/annin_ar4_driver/config/joint_offsets/mk3.yaml
-- Up-to-date symlink: /home/max/github/VisionArm/ROS2/install/annin_ar4_driver/share/annin_ar4_driver/launch/driver.launch.py
-- Up-to-date symlink: /home/max/github/VisionArm/ROS2/install/annin_ar4_driver/share/annin_ar4_driver/urdf/ar.urdf.xacro
-- Up-to-date symlink: /home/max/github/VisionArm/ROS2/install/annin_ar4_driver/lib/annin_ar4_driver/reset_estop.sh
-- Up-to-date symlink: /home/max/github/VisionArm/ROS2/install/annin_ar4_driver/share/annin_ar4_driver/environment/library_path.sh
-- Up-to-date symlink: /home/max/github/VisionArm/ROS2/install/annin_ar4_driver/share/annin_ar4_driver/environment/library_path.dsv
-- Up-to-date symlink: /home/max/github/VisionArm/ROS2/install/annin_ar4_driver/share/ament_index/resource_index/package_run_dependencies/annin_ar4_driver
-- Up-to-date symlink: /home/max/github/VisionArm/ROS2/install/annin_ar4_driver/share/ament_index/resource_index/parent_prefix_path/annin_ar4_driver
-- Up-to-date symlink: /home/max/github/VisionArm/ROS2/install/annin_ar4_driver/share/annin_ar4_driver/environment/ament_prefix_path.sh
-- Up-to-date symlink: /home/max/github/VisionArm/ROS2/install/annin_ar4_driver/share/annin_ar4_driver/environment/ament_prefix_path.dsv
-- Up-to-date symlink: /home/max/github/VisionArm/ROS2/install/annin_ar4_driver/share/annin_ar4_driver/environment/path.sh
-- Up-to-date symlink: /home/max/github/VisionArm/ROS2/install/annin_ar4_driver/share/annin_ar4_driver/environment/path.dsv
-- Up-to-date symlink: /home/max/github/VisionArm/ROS2/install/annin_ar4_driver/share/annin_ar4_driver/local_setup.bash
-- Up-to-date symlink: /home/max/github/VisionArm/ROS2/install/annin_ar4_driver/share/annin_ar4_driver/local_setup.sh
-- Up-to-date symlink: /home/max/github/VisionArm/ROS2/install/annin_ar4_driver/share/annin_ar4_driver/local_setup.zsh
-- Up-to-date symlink: /home/max/github/VisionArm/ROS2/install/annin_ar4_driver/share/annin_ar4_driver/local_setup.dsv
-- Symlinking: /home/max/github/VisionArm/ROS2/install/annin_ar4_driver/share/annin_ar4_driver/package.dsv
-- Up-to-date symlink: /home/max/github/VisionArm/ROS2/install/annin_ar4_driver/share/ament_index/resource_index/packages/annin_ar4_driver
-- Up-to-date symlink: /home/max/github/VisionArm/ROS2/install/annin_ar4_driver/share/ament_index/resource_index/hardware_interface__pluginlib__plugin/annin_ar4_driver
-- Up-to-date symlink: /home/max/github/VisionArm/ROS2/install/annin_ar4_driver/share/annin_ar4_driver/cmake/ament_cmake_export_targets-extras.cmake
-- Up-to-date symlink: /home/max/github/VisionArm/ROS2/install/annin_ar4_driver/share/annin_ar4_driver/cmake/ament_cmake_export_dependencies-extras.cmake
-- Up-to-date symlink: /home/max/github/VisionArm/ROS2/install/annin_ar4_driver/share/annin_ar4_driver/cmake/annin_ar4_driverConfig.cmake
-- Up-to-date symlink: /home/max/github/VisionArm/ROS2/install/annin_ar4_driver/share/annin_ar4_driver/cmake/annin_ar4_driverConfig-version.cmake
-- Up-to-date symlink: /home/max/github/VisionArm/ROS2/install/annin_ar4_driver/share/annin_ar4_driver/package.xml
-- Up-to-date: /home/max/github/VisionArm/ROS2/install/annin_ar4_driver/lib/libannin_ar4_driver.so
-- Up-to-date: /home/max/github/VisionArm/ROS2/install/annin_ar4_driver/share/annin_ar4_driver/cmake/export_annin_ar4_driverExport.cmake
-- Up-to-date: /home/max/github/VisionArm/ROS2/install/annin_ar4_driver/share/annin_ar4_driver/cmake/export_annin_ar4_driverExport-noconfig.cmake
