-- The C compiler identification is GNU 13.3.0
-- The CXX compiler identification is GNU 13.3.0
-- Detecting C compiler ABI info
-- Detecting C compiler ABI info - done
-- Check for working C compiler: /usr/bin/cc - skipped
-- Detecting C compile features
-- Detecting C compile features - done
-- Detecting CXX compiler ABI info
-- Detecting CXX compiler ABI info - done
-- Check for working CXX compiler: /usr/bin/c++ - skipped
-- Detecting CXX compile features
-- Detecting CXX compile features - done
-- Found ament_cmake: 2.5.4 (/opt/ros/jazzy/share/ament_cmake/cmake)
-- Found Python3: /usr/bin/python3 (found version "3.12.3") found components: Interpreter 
-- Override CMake install command with custom implementation using symlinks instead of copying resources
-- Configuring done (0.9s)
-- Generating done (0.0s)
-- Build files have been written to: /home/max/github/VisionArm/ROS2/build/annin_ar4_description
-- Install configuration: ""
-- Execute custom install script
-- Symlinking: /home/max/github/VisionArm/ROS2/install/annin_ar4_description/share/annin_ar4_description/meshes/ar4/base_link.STL
-- Symlinking: /home/max/github/VisionArm/ROS2/install/annin_ar4_description/share/annin_ar4_description/meshes/ar4/link_1.STL
-- Symlinking: /home/max/github/VisionArm/ROS2/install/annin_ar4_description/share/annin_ar4_description/meshes/ar4/link_2.STL
-- Symlinking: /home/max/github/VisionArm/ROS2/install/annin_ar4_description/share/annin_ar4_description/meshes/ar4/link_3.STL
-- Symlinking: /home/max/github/VisionArm/ROS2/install/annin_ar4_description/share/annin_ar4_description/meshes/ar4/link_4.STL
-- Symlinking: /home/max/github/VisionArm/ROS2/install/annin_ar4_description/share/annin_ar4_description/meshes/ar4/link_5.STL
-- Symlinking: /home/max/github/VisionArm/ROS2/install/annin_ar4_description/share/annin_ar4_description/meshes/ar4/link_6.STL
-- Symlinking: /home/max/github/VisionArm/ROS2/install/annin_ar4_description/share/annin_ar4_description/meshes/ar4_gripper/gripper_base_link.stl
-- Symlinking: /home/max/github/VisionArm/ROS2/install/annin_ar4_description/share/annin_ar4_description/meshes/ar4_gripper/gripper_jaw1_link.stl
-- Symlinking: /home/max/github/VisionArm/ROS2/install/annin_ar4_description/share/annin_ar4_description/meshes/ar4_gripper/gripper_jaw2_link.stl
-- Symlinking: /home/max/github/VisionArm/ROS2/install/annin_ar4_description/share/annin_ar4_description/meshes/ar4_mk3/base_link.STL
-- Symlinking: /home/max/github/VisionArm/ROS2/install/annin_ar4_description/share/annin_ar4_description/meshes/ar4_mk3/link_1.STL
-- Symlinking: /home/max/github/VisionArm/ROS2/install/annin_ar4_description/share/annin_ar4_description/meshes/ar4_mk3/link_2.STL
-- Symlinking: /home/max/github/VisionArm/ROS2/install/annin_ar4_description/share/annin_ar4_description/meshes/ar4_mk3/link_3.STL
-- Symlinking: /home/max/github/VisionArm/ROS2/install/annin_ar4_description/share/annin_ar4_description/meshes/ar4_mk3/link_4.STL
-- Symlinking: /home/max/github/VisionArm/ROS2/install/annin_ar4_description/share/annin_ar4_description/meshes/ar4_mk3/link_5.STL
-- Symlinking: /home/max/github/VisionArm/ROS2/install/annin_ar4_description/share/annin_ar4_description/meshes/ar4_mk3/link_6.STL
-- Symlinking: /home/max/github/VisionArm/ROS2/install/annin_ar4_description/share/annin_ar4_description/urdf/ar.ros2_control.xacro
-- Symlinking: /home/max/github/VisionArm/ROS2/install/annin_ar4_description/share/annin_ar4_description/urdf/ar.urdf.xacro
-- Symlinking: /home/max/github/VisionArm/ROS2/install/annin_ar4_description/share/annin_ar4_description/urdf/ar_gazebo.urdf.xacro
-- Symlinking: /home/max/github/VisionArm/ROS2/install/annin_ar4_description/share/annin_ar4_description/urdf/ar_gripper.ros2_control.xacro
-- Symlinking: /home/max/github/VisionArm/ROS2/install/annin_ar4_description/share/annin_ar4_description/urdf/ar_gripper_macro.xacro
-- Symlinking: /home/max/github/VisionArm/ROS2/install/annin_ar4_description/share/annin_ar4_description/urdf/ar_macro.xacro
-- Symlinking: /home/max/github/VisionArm/ROS2/install/annin_ar4_description/share/annin_ar4_description/config/mk1.yaml
-- Symlinking: /home/max/github/VisionArm/ROS2/install/annin_ar4_description/share/annin_ar4_description/config/mk2.yaml
-- Symlinking: /home/max/github/VisionArm/ROS2/install/annin_ar4_description/share/annin_ar4_description/config/mk3.yaml
-- Symlinking: /home/max/github/VisionArm/ROS2/install/annin_ar4_description/share/ament_index/resource_index/package_run_dependencies/annin_ar4_description
-- Symlinking: /home/max/github/VisionArm/ROS2/install/annin_ar4_description/share/ament_index/resource_index/parent_prefix_path/annin_ar4_description
-- Symlinking: /home/max/github/VisionArm/ROS2/install/annin_ar4_description/share/annin_ar4_description/environment/ament_prefix_path.sh
-- Symlinking: /home/max/github/VisionArm/ROS2/install/annin_ar4_description/share/annin_ar4_description/environment/ament_prefix_path.dsv
-- Symlinking: /home/max/github/VisionArm/ROS2/install/annin_ar4_description/share/annin_ar4_description/environment/path.sh
-- Symlinking: /home/max/github/VisionArm/ROS2/install/annin_ar4_description/share/annin_ar4_description/environment/path.dsv
-- Symlinking: /home/max/github/VisionArm/ROS2/install/annin_ar4_description/share/annin_ar4_description/local_setup.bash
-- Symlinking: /home/max/github/VisionArm/ROS2/install/annin_ar4_description/share/annin_ar4_description/local_setup.sh
-- Symlinking: /home/max/github/VisionArm/ROS2/install/annin_ar4_description/share/annin_ar4_description/local_setup.zsh
-- Symlinking: /home/max/github/VisionArm/ROS2/install/annin_ar4_description/share/annin_ar4_description/local_setup.dsv
-- Symlinking: /home/max/github/VisionArm/ROS2/install/annin_ar4_description/share/annin_ar4_description/package.dsv
-- Symlinking: /home/max/github/VisionArm/ROS2/install/annin_ar4_description/share/ament_index/resource_index/packages/annin_ar4_description
-- Symlinking: /home/max/github/VisionArm/ROS2/install/annin_ar4_description/share/annin_ar4_description/cmake/annin_ar4_descriptionConfig.cmake
-- Symlinking: /home/max/github/VisionArm/ROS2/install/annin_ar4_description/share/annin_ar4_description/cmake/annin_ar4_descriptionConfig-version.cmake
-- Symlinking: /home/max/github/VisionArm/ROS2/install/annin_ar4_description/share/annin_ar4_description/package.xml
