[0.161s] DEBUG:colcon:Command line arguments: ['/usr/bin/colcon', 'build', '--symlink-install']
[0.161s] DEBUG:colcon:Parsed command line arguments: Namespace(log_base=None, log_level=None, verb_name='build', build_base='build', install_base='install', merge_install=False, symlink_install=True, test_result_base=None, continue_on_error=False, executor='parallel', parallel_workers=4, event_handlers=None, ignore_user_meta=False, metas=['./colcon.meta'], base_paths=['.'], packages_ignore=None, packages_ignore_regex=None, paths=None, packages_up_to=None, packages_up_to_regex=None, packages_above=None, packages_above_and_dependencies=None, packages_above_depth=None, packages_select_by_dep=None, packages_skip_by_dep=None, packages_skip_up_to=None, packages_select_build_failed=False, packages_skip_build_finished=False, packages_select_test_failures=False, packages_skip_test_passed=False, packages_select=None, packages_skip=None, packages_select_regex=None, packages_skip_regex=None, packages_start=None, packages_end=None, allow_overriding=[], cmake_args=None, cmake_target=None, cmake_target_skip_unavailable=False, cmake_clean_cache=False, cmake_clean_first=False, cmake_force_configure=False, ament_cmake_args=None, catkin_cmake_args=None, catkin_skip_building_tests=False, verb_parser=<colcon_defaults.argument_parser.defaults.DefaultArgumentsDecorator object at 0x718eef5399d0>, verb_extension=<colcon_core.verb.build.BuildVerb object at 0x718eef539730>, main=<bound method BuildVerb.main of <colcon_core.verb.build.BuildVerb object at 0x718eef539730>>)
[0.242s] Level 1:colcon.colcon_core.package_discovery:discover_packages(colcon_meta) check parameters
[0.242s] Level 1:colcon.colcon_core.package_discovery:discover_packages(recursive) check parameters
[0.242s] Level 1:colcon.colcon_core.package_discovery:discover_packages(ignore) check parameters
[0.242s] Level 1:colcon.colcon_core.package_discovery:discover_packages(path) check parameters
[0.242s] Level 1:colcon.colcon_core.package_discovery:discover_packages(colcon_meta) discover
[0.242s] Level 1:colcon.colcon_core.package_discovery:discover_packages(recursive) discover
[0.242s] INFO:colcon.colcon_core.package_discovery:Crawling recursively for packages in '/home/max/github/VisionArm/ROS2'
[0.242s] Level 1:colcon.colcon_core.package_identification:_identify(.) by extensions ['ignore', 'ignore_ament_install']
[0.242s] Level 1:colcon.colcon_core.package_identification:_identify(.) by extension 'ignore'
[0.242s] Level 1:colcon.colcon_core.package_identification:_identify(.) by extension 'ignore_ament_install'
[0.242s] Level 1:colcon.colcon_core.package_identification:_identify(.) by extensions ['colcon_pkg']
[0.242s] Level 1:colcon.colcon_core.package_identification:_identify(.) by extension 'colcon_pkg'
[0.242s] Level 1:colcon.colcon_core.package_identification:_identify(.) by extensions ['colcon_meta']
[0.242s] Level 1:colcon.colcon_core.package_identification:_identify(.) by extension 'colcon_meta'
[0.242s] Level 1:colcon.colcon_core.package_identification:_identify(.) by extensions ['ros']
[0.243s] Level 1:colcon.colcon_core.package_identification:_identify(.) by extension 'ros'
[0.270s] Level 1:colcon.colcon_core.package_identification:_identify(.) by extensions ['cmake', 'python']
[0.270s] Level 1:colcon.colcon_core.package_identification:_identify(.) by extension 'cmake'
[0.270s] Level 1:colcon.colcon_core.package_identification:_identify(.) by extension 'python'
[0.270s] Level 1:colcon.colcon_core.package_identification:_identify(.) by extensions ['python_setup_py']
[0.270s] Level 1:colcon.colcon_core.package_identification:_identify(.) by extension 'python_setup_py'
[0.270s] Level 1:colcon.colcon_core.package_identification:_identify(ar4_ros_driver) by extensions ['ignore', 'ignore_ament_install']
[0.270s] Level 1:colcon.colcon_core.package_identification:_identify(ar4_ros_driver) by extension 'ignore'
[0.270s] Level 1:colcon.colcon_core.package_identification:_identify(ar4_ros_driver) by extension 'ignore_ament_install'
[0.271s] Level 1:colcon.colcon_core.package_identification:_identify(ar4_ros_driver) by extensions ['colcon_pkg']
[0.271s] Level 1:colcon.colcon_core.package_identification:_identify(ar4_ros_driver) by extension 'colcon_pkg'
[0.271s] Level 1:colcon.colcon_core.package_identification:_identify(ar4_ros_driver) by extensions ['colcon_meta']
[0.271s] Level 1:colcon.colcon_core.package_identification:_identify(ar4_ros_driver) by extension 'colcon_meta'
[0.271s] Level 1:colcon.colcon_core.package_identification:_identify(ar4_ros_driver) by extensions ['ros']
[0.271s] Level 1:colcon.colcon_core.package_identification:_identify(ar4_ros_driver) by extension 'ros'
[0.271s] Level 1:colcon.colcon_core.package_identification:_identify(ar4_ros_driver) by extensions ['cmake', 'python']
[0.271s] Level 1:colcon.colcon_core.package_identification:_identify(ar4_ros_driver) by extension 'cmake'
[0.271s] Level 1:colcon.colcon_core.package_identification:_identify(ar4_ros_driver) by extension 'python'
[0.271s] Level 1:colcon.colcon_core.package_identification:_identify(ar4_ros_driver) by extensions ['python_setup_py']
[0.271s] Level 1:colcon.colcon_core.package_identification:_identify(ar4_ros_driver) by extension 'python_setup_py'
[0.271s] Level 1:colcon.colcon_core.package_identification:_identify(ar4_ros_driver/annin_ar4_description) by extensions ['ignore', 'ignore_ament_install']
[0.271s] Level 1:colcon.colcon_core.package_identification:_identify(ar4_ros_driver/annin_ar4_description) by extension 'ignore'
[0.271s] Level 1:colcon.colcon_core.package_identification:_identify(ar4_ros_driver/annin_ar4_description) by extension 'ignore_ament_install'
[0.271s] Level 1:colcon.colcon_core.package_identification:_identify(ar4_ros_driver/annin_ar4_description) by extensions ['colcon_pkg']
[0.271s] Level 1:colcon.colcon_core.package_identification:_identify(ar4_ros_driver/annin_ar4_description) by extension 'colcon_pkg'
[0.271s] Level 1:colcon.colcon_core.package_identification:_identify(ar4_ros_driver/annin_ar4_description) by extensions ['colcon_meta']
[0.271s] Level 1:colcon.colcon_core.package_identification:_identify(ar4_ros_driver/annin_ar4_description) by extension 'colcon_meta'
[0.271s] Level 1:colcon.colcon_core.package_identification:_identify(ar4_ros_driver/annin_ar4_description) by extensions ['ros']
[0.271s] Level 1:colcon.colcon_core.package_identification:_identify(ar4_ros_driver/annin_ar4_description) by extension 'ros'
[0.276s] DEBUG:colcon.colcon_core.package_identification:Package 'ar4_ros_driver/annin_ar4_description' with type 'ros.ament_cmake' and name 'annin_ar4_description'
[0.276s] Level 1:colcon.colcon_core.package_identification:_identify(ar4_ros_driver/annin_ar4_driver) by extensions ['ignore', 'ignore_ament_install']
[0.276s] Level 1:colcon.colcon_core.package_identification:_identify(ar4_ros_driver/annin_ar4_driver) by extension 'ignore'
[0.277s] Level 1:colcon.colcon_core.package_identification:_identify(ar4_ros_driver/annin_ar4_driver) by extension 'ignore_ament_install'
[0.277s] Level 1:colcon.colcon_core.package_identification:_identify(ar4_ros_driver/annin_ar4_driver) by extensions ['colcon_pkg']
[0.277s] Level 1:colcon.colcon_core.package_identification:_identify(ar4_ros_driver/annin_ar4_driver) by extension 'colcon_pkg'
[0.277s] Level 1:colcon.colcon_core.package_identification:_identify(ar4_ros_driver/annin_ar4_driver) by extensions ['colcon_meta']
[0.277s] Level 1:colcon.colcon_core.package_identification:_identify(ar4_ros_driver/annin_ar4_driver) by extension 'colcon_meta'
[0.277s] Level 1:colcon.colcon_core.package_identification:_identify(ar4_ros_driver/annin_ar4_driver) by extensions ['ros']
[0.277s] Level 1:colcon.colcon_core.package_identification:_identify(ar4_ros_driver/annin_ar4_driver) by extension 'ros'
[0.278s] DEBUG:colcon.colcon_core.package_identification:Package 'ar4_ros_driver/annin_ar4_driver' with type 'ros.ament_cmake' and name 'annin_ar4_driver'
[0.278s] Level 1:colcon.colcon_core.package_identification:_identify(ar4_ros_driver/annin_ar4_firmware) by extensions ['ignore', 'ignore_ament_install']
[0.278s] Level 1:colcon.colcon_core.package_identification:_identify(ar4_ros_driver/annin_ar4_firmware) by extension 'ignore'
[0.278s] Level 1:colcon.colcon_core.package_identification:_identify(ar4_ros_driver/annin_ar4_firmware) by extension 'ignore_ament_install'
[0.278s] Level 1:colcon.colcon_core.package_identification:_identify(ar4_ros_driver/annin_ar4_firmware) by extensions ['colcon_pkg']
[0.279s] Level 1:colcon.colcon_core.package_identification:_identify(ar4_ros_driver/annin_ar4_firmware) by extension 'colcon_pkg'
[0.279s] Level 1:colcon.colcon_core.package_identification:_identify(ar4_ros_driver/annin_ar4_firmware) by extensions ['colcon_meta']
[0.279s] Level 1:colcon.colcon_core.package_identification:_identify(ar4_ros_driver/annin_ar4_firmware) by extension 'colcon_meta'
[0.279s] Level 1:colcon.colcon_core.package_identification:_identify(ar4_ros_driver/annin_ar4_firmware) by extensions ['ros']
[0.279s] Level 1:colcon.colcon_core.package_identification:_identify(ar4_ros_driver/annin_ar4_firmware) by extension 'ros'
[0.279s] Level 1:colcon.colcon_core.package_identification:_identify(ar4_ros_driver/annin_ar4_firmware) by extensions ['cmake', 'python']
[0.279s] Level 1:colcon.colcon_core.package_identification:_identify(ar4_ros_driver/annin_ar4_firmware) by extension 'cmake'
[0.279s] Level 1:colcon.colcon_core.package_identification:_identify(ar4_ros_driver/annin_ar4_firmware) by extension 'python'
[0.279s] Level 1:colcon.colcon_core.package_identification:_identify(ar4_ros_driver/annin_ar4_firmware) by extensions ['python_setup_py']
[0.279s] Level 1:colcon.colcon_core.package_identification:_identify(ar4_ros_driver/annin_ar4_firmware) by extension 'python_setup_py'
[0.279s] Level 1:colcon.colcon_core.package_identification:_identify(ar4_ros_driver/annin_ar4_firmware/AR4_nano) by extensions ['ignore', 'ignore_ament_install']
[0.279s] Level 1:colcon.colcon_core.package_identification:_identify(ar4_ros_driver/annin_ar4_firmware/AR4_nano) by extension 'ignore'
[0.279s] Level 1:colcon.colcon_core.package_identification:_identify(ar4_ros_driver/annin_ar4_firmware/AR4_nano) by extension 'ignore_ament_install'
[0.279s] Level 1:colcon.colcon_core.package_identification:_identify(ar4_ros_driver/annin_ar4_firmware/AR4_nano) by extensions ['colcon_pkg']
[0.279s] Level 1:colcon.colcon_core.package_identification:_identify(ar4_ros_driver/annin_ar4_firmware/AR4_nano) by extension 'colcon_pkg'
[0.279s] Level 1:colcon.colcon_core.package_identification:_identify(ar4_ros_driver/annin_ar4_firmware/AR4_nano) by extensions ['colcon_meta']
[0.279s] Level 1:colcon.colcon_core.package_identification:_identify(ar4_ros_driver/annin_ar4_firmware/AR4_nano) by extension 'colcon_meta'
[0.279s] Level 1:colcon.colcon_core.package_identification:_identify(ar4_ros_driver/annin_ar4_firmware/AR4_nano) by extensions ['ros']
[0.279s] Level 1:colcon.colcon_core.package_identification:_identify(ar4_ros_driver/annin_ar4_firmware/AR4_nano) by extension 'ros'
[0.279s] Level 1:colcon.colcon_core.package_identification:_identify(ar4_ros_driver/annin_ar4_firmware/AR4_nano) by extensions ['cmake', 'python']
[0.279s] Level 1:colcon.colcon_core.package_identification:_identify(ar4_ros_driver/annin_ar4_firmware/AR4_nano) by extension 'cmake'
[0.279s] Level 1:colcon.colcon_core.package_identification:_identify(ar4_ros_driver/annin_ar4_firmware/AR4_nano) by extension 'python'
[0.279s] Level 1:colcon.colcon_core.package_identification:_identify(ar4_ros_driver/annin_ar4_firmware/AR4_nano) by extensions ['python_setup_py']
[0.279s] Level 1:colcon.colcon_core.package_identification:_identify(ar4_ros_driver/annin_ar4_firmware/AR4_nano) by extension 'python_setup_py'
[0.280s] Level 1:colcon.colcon_core.package_identification:_identify(ar4_ros_driver/annin_ar4_firmware/AR4_teensy) by extensions ['ignore', 'ignore_ament_install']
[0.280s] Level 1:colcon.colcon_core.package_identification:_identify(ar4_ros_driver/annin_ar4_firmware/AR4_teensy) by extension 'ignore'
[0.280s] Level 1:colcon.colcon_core.package_identification:_identify(ar4_ros_driver/annin_ar4_firmware/AR4_teensy) by extension 'ignore_ament_install'
[0.280s] Level 1:colcon.colcon_core.package_identification:_identify(ar4_ros_driver/annin_ar4_firmware/AR4_teensy) by extensions ['colcon_pkg']
[0.280s] Level 1:colcon.colcon_core.package_identification:_identify(ar4_ros_driver/annin_ar4_firmware/AR4_teensy) by extension 'colcon_pkg'
[0.280s] Level 1:colcon.colcon_core.package_identification:_identify(ar4_ros_driver/annin_ar4_firmware/AR4_teensy) by extensions ['colcon_meta']
[0.280s] Level 1:colcon.colcon_core.package_identification:_identify(ar4_ros_driver/annin_ar4_firmware/AR4_teensy) by extension 'colcon_meta'
[0.280s] Level 1:colcon.colcon_core.package_identification:_identify(ar4_ros_driver/annin_ar4_firmware/AR4_teensy) by extensions ['ros']
[0.280s] Level 1:colcon.colcon_core.package_identification:_identify(ar4_ros_driver/annin_ar4_firmware/AR4_teensy) by extension 'ros'
[0.280s] Level 1:colcon.colcon_core.package_identification:_identify(ar4_ros_driver/annin_ar4_firmware/AR4_teensy) by extensions ['cmake', 'python']
[0.280s] Level 1:colcon.colcon_core.package_identification:_identify(ar4_ros_driver/annin_ar4_firmware/AR4_teensy) by extension 'cmake'
[0.280s] Level 1:colcon.colcon_core.package_identification:_identify(ar4_ros_driver/annin_ar4_firmware/AR4_teensy) by extension 'python'
[0.280s] Level 1:colcon.colcon_core.package_identification:_identify(ar4_ros_driver/annin_ar4_firmware/AR4_teensy) by extensions ['python_setup_py']
[0.280s] Level 1:colcon.colcon_core.package_identification:_identify(ar4_ros_driver/annin_ar4_firmware/AR4_teensy) by extension 'python_setup_py'
[0.280s] Level 1:colcon.colcon_core.package_identification:_identify(ar4_ros_driver/annin_ar4_gazebo) by extensions ['ignore', 'ignore_ament_install']
[0.280s] Level 1:colcon.colcon_core.package_identification:_identify(ar4_ros_driver/annin_ar4_gazebo) by extension 'ignore'
[0.280s] Level 1:colcon.colcon_core.package_identification:_identify(ar4_ros_driver/annin_ar4_gazebo) by extension 'ignore_ament_install'
[0.280s] Level 1:colcon.colcon_core.package_identification:_identify(ar4_ros_driver/annin_ar4_gazebo) by extensions ['colcon_pkg']
[0.280s] Level 1:colcon.colcon_core.package_identification:_identify(ar4_ros_driver/annin_ar4_gazebo) by extension 'colcon_pkg'
[0.280s] Level 1:colcon.colcon_core.package_identification:_identify(ar4_ros_driver/annin_ar4_gazebo) by extensions ['colcon_meta']
[0.280s] Level 1:colcon.colcon_core.package_identification:_identify(ar4_ros_driver/annin_ar4_gazebo) by extension 'colcon_meta'
[0.280s] Level 1:colcon.colcon_core.package_identification:_identify(ar4_ros_driver/annin_ar4_gazebo) by extensions ['ros']
[0.280s] Level 1:colcon.colcon_core.package_identification:_identify(ar4_ros_driver/annin_ar4_gazebo) by extension 'ros'
[0.281s] DEBUG:colcon.colcon_core.package_identification:Package 'ar4_ros_driver/annin_ar4_gazebo' with type 'ros.ament_cmake' and name 'annin_ar4_gazebo'
[0.281s] Level 1:colcon.colcon_core.package_identification:_identify(ar4_ros_driver/annin_ar4_moveit_config) by extensions ['ignore', 'ignore_ament_install']
[0.281s] Level 1:colcon.colcon_core.package_identification:_identify(ar4_ros_driver/annin_ar4_moveit_config) by extension 'ignore'
[0.282s] Level 1:colcon.colcon_core.package_identification:_identify(ar4_ros_driver/annin_ar4_moveit_config) by extension 'ignore_ament_install'
[0.282s] Level 1:colcon.colcon_core.package_identification:_identify(ar4_ros_driver/annin_ar4_moveit_config) by extensions ['colcon_pkg']
[0.282s] Level 1:colcon.colcon_core.package_identification:_identify(ar4_ros_driver/annin_ar4_moveit_config) by extension 'colcon_pkg'
[0.282s] Level 1:colcon.colcon_core.package_identification:_identify(ar4_ros_driver/annin_ar4_moveit_config) by extensions ['colcon_meta']
[0.282s] Level 1:colcon.colcon_core.package_identification:_identify(ar4_ros_driver/annin_ar4_moveit_config) by extension 'colcon_meta'
[0.282s] Level 1:colcon.colcon_core.package_identification:_identify(ar4_ros_driver/annin_ar4_moveit_config) by extensions ['ros']
[0.282s] Level 1:colcon.colcon_core.package_identification:_identify(ar4_ros_driver/annin_ar4_moveit_config) by extension 'ros'
[0.283s] DEBUG:colcon.colcon_core.package_identification:Package 'ar4_ros_driver/annin_ar4_moveit_config' with type 'ros.ament_cmake' and name 'annin_ar4_moveit_config'
[0.283s] Level 1:colcon.colcon_core.package_identification:_identify(ar4_ros_driver/docs) by extensions ['ignore', 'ignore_ament_install']
[0.283s] Level 1:colcon.colcon_core.package_identification:_identify(ar4_ros_driver/docs) by extension 'ignore'
[0.283s] Level 1:colcon.colcon_core.package_identification:_identify(ar4_ros_driver/docs) by extension 'ignore_ament_install'
[0.283s] Level 1:colcon.colcon_core.package_identification:_identify(ar4_ros_driver/docs) by extensions ['colcon_pkg']
[0.283s] Level 1:colcon.colcon_core.package_identification:_identify(ar4_ros_driver/docs) by extension 'colcon_pkg'
[0.283s] Level 1:colcon.colcon_core.package_identification:_identify(ar4_ros_driver/docs) by extensions ['colcon_meta']
[0.283s] Level 1:colcon.colcon_core.package_identification:_identify(ar4_ros_driver/docs) by extension 'colcon_meta'
[0.283s] Level 1:colcon.colcon_core.package_identification:_identify(ar4_ros_driver/docs) by extensions ['ros']
[0.283s] Level 1:colcon.colcon_core.package_identification:_identify(ar4_ros_driver/docs) by extension 'ros'
[0.283s] Level 1:colcon.colcon_core.package_identification:_identify(ar4_ros_driver/docs) by extensions ['cmake', 'python']
[0.283s] Level 1:colcon.colcon_core.package_identification:_identify(ar4_ros_driver/docs) by extension 'cmake'
[0.283s] Level 1:colcon.colcon_core.package_identification:_identify(ar4_ros_driver/docs) by extension 'python'
[0.283s] Level 1:colcon.colcon_core.package_identification:_identify(ar4_ros_driver/docs) by extensions ['python_setup_py']
[0.283s] Level 1:colcon.colcon_core.package_identification:_identify(ar4_ros_driver/docs) by extension 'python_setup_py'
[0.283s] Level 1:colcon.colcon_core.package_identification:_identify(build) by extensions ['ignore', 'ignore_ament_install']
[0.283s] Level 1:colcon.colcon_core.package_identification:_identify(build) by extension 'ignore'
[0.283s] Level 1:colcon.colcon_core.package_identification:_identify(build) ignored
[0.284s] Level 1:colcon.colcon_core.package_identification:_identify(install) by extensions ['ignore', 'ignore_ament_install']
[0.284s] Level 1:colcon.colcon_core.package_identification:_identify(install) by extension 'ignore'
[0.284s] Level 1:colcon.colcon_core.package_identification:_identify(install) ignored
[0.284s] Level 1:colcon.colcon_core.package_identification:_identify(log) by extensions ['ignore', 'ignore_ament_install']
[0.284s] Level 1:colcon.colcon_core.package_identification:_identify(log) by extension 'ignore'
[0.284s] Level 1:colcon.colcon_core.package_identification:_identify(log) ignored
[0.284s] Level 1:colcon.colcon_core.package_identification:_identify(test) by extensions ['ignore', 'ignore_ament_install']
[0.284s] Level 1:colcon.colcon_core.package_identification:_identify(test) by extension 'ignore'
[0.284s] Level 1:colcon.colcon_core.package_identification:_identify(test) by extension 'ignore_ament_install'
[0.284s] Level 1:colcon.colcon_core.package_identification:_identify(test) by extensions ['colcon_pkg']
[0.284s] Level 1:colcon.colcon_core.package_identification:_identify(test) by extension 'colcon_pkg'
[0.284s] Level 1:colcon.colcon_core.package_identification:_identify(test) by extensions ['colcon_meta']
[0.284s] Level 1:colcon.colcon_core.package_identification:_identify(test) by extension 'colcon_meta'
[0.284s] Level 1:colcon.colcon_core.package_identification:_identify(test) by extensions ['ros']
[0.284s] Level 1:colcon.colcon_core.package_identification:_identify(test) by extension 'ros'
[0.284s] Level 1:colcon.colcon_core.package_identification:_identify(test) by extensions ['cmake', 'python']
[0.284s] Level 1:colcon.colcon_core.package_identification:_identify(test) by extension 'cmake'
[0.284s] Level 1:colcon.colcon_core.package_identification:_identify(test) by extension 'python'
[0.284s] Level 1:colcon.colcon_core.package_identification:_identify(test) by extensions ['python_setup_py']
[0.284s] Level 1:colcon.colcon_core.package_identification:_identify(test) by extension 'python_setup_py'
[0.284s] Level 1:colcon.colcon_core.package_discovery:discover_packages(recursive) using defaults
[0.284s] Level 1:colcon.colcon_core.package_discovery:discover_packages(ignore) discover
[0.284s] Level 1:colcon.colcon_core.package_discovery:discover_packages(ignore) using defaults
[0.284s] Level 1:colcon.colcon_core.package_discovery:discover_packages(path) discover
[0.284s] Level 1:colcon.colcon_core.package_discovery:discover_packages(path) using defaults
[0.307s] Level 1:colcon.colcon_core.package_discovery:discover_packages(prefix_path) check parameters
[0.307s] Level 1:colcon.colcon_core.package_discovery:discover_packages(prefix_path) discover
[0.312s] DEBUG:colcon.colcon_installed_package_information.package_discovery:Found 4 installed packages in /home/max/github/VisionArm/ROS2/install
[0.313s] DEBUG:colcon.colcon_installed_package_information.package_discovery:Found 392 installed packages in /opt/ros/jazzy
[0.314s] Level 1:colcon.colcon_core.package_discovery:discover_packages(prefix_path) using defaults
[0.356s] Level 5:colcon.colcon_core.verb:set package 'annin_ar4_description' build argument 'cmake_args' from command line to 'None'
[0.356s] Level 5:colcon.colcon_core.verb:set package 'annin_ar4_description' build argument 'cmake_target' from command line to 'None'
[0.356s] Level 5:colcon.colcon_core.verb:set package 'annin_ar4_description' build argument 'cmake_target_skip_unavailable' from command line to 'False'
[0.356s] Level 5:colcon.colcon_core.verb:set package 'annin_ar4_description' build argument 'cmake_clean_cache' from command line to 'False'
[0.356s] Level 5:colcon.colcon_core.verb:set package 'annin_ar4_description' build argument 'cmake_clean_first' from command line to 'False'
[0.356s] Level 5:colcon.colcon_core.verb:set package 'annin_ar4_description' build argument 'cmake_force_configure' from command line to 'False'
[0.356s] Level 5:colcon.colcon_core.verb:set package 'annin_ar4_description' build argument 'ament_cmake_args' from command line to 'None'
[0.356s] Level 5:colcon.colcon_core.verb:set package 'annin_ar4_description' build argument 'catkin_cmake_args' from command line to 'None'
[0.356s] Level 5:colcon.colcon_core.verb:set package 'annin_ar4_description' build argument 'catkin_skip_building_tests' from command line to 'False'
[0.357s] DEBUG:colcon.colcon_core.verb:Building package 'annin_ar4_description' with the following arguments: {'ament_cmake_args': None, 'build_base': '/home/max/github/VisionArm/ROS2/build/annin_ar4_description', 'catkin_cmake_args': None, 'catkin_skip_building_tests': False, 'cmake_args': None, 'cmake_clean_cache': False, 'cmake_clean_first': False, 'cmake_force_configure': False, 'cmake_target': None, 'cmake_target_skip_unavailable': False, 'install_base': '/home/max/github/VisionArm/ROS2/install/annin_ar4_description', 'merge_install': False, 'path': '/home/max/github/VisionArm/ROS2/ar4_ros_driver/annin_ar4_description', 'symlink_install': True, 'test_result_base': None}
[0.357s] Level 5:colcon.colcon_core.verb:set package 'annin_ar4_driver' build argument 'cmake_args' from command line to 'None'
[0.357s] Level 5:colcon.colcon_core.verb:set package 'annin_ar4_driver' build argument 'cmake_target' from command line to 'None'
[0.357s] Level 5:colcon.colcon_core.verb:set package 'annin_ar4_driver' build argument 'cmake_target_skip_unavailable' from command line to 'False'
[0.357s] Level 5:colcon.colcon_core.verb:set package 'annin_ar4_driver' build argument 'cmake_clean_cache' from command line to 'False'
[0.357s] Level 5:colcon.colcon_core.verb:set package 'annin_ar4_driver' build argument 'cmake_clean_first' from command line to 'False'
[0.357s] Level 5:colcon.colcon_core.verb:set package 'annin_ar4_driver' build argument 'cmake_force_configure' from command line to 'False'
[0.357s] Level 5:colcon.colcon_core.verb:set package 'annin_ar4_driver' build argument 'ament_cmake_args' from command line to 'None'
[0.357s] Level 5:colcon.colcon_core.verb:set package 'annin_ar4_driver' build argument 'catkin_cmake_args' from command line to 'None'
[0.357s] Level 5:colcon.colcon_core.verb:set package 'annin_ar4_driver' build argument 'catkin_skip_building_tests' from command line to 'False'
[0.357s] DEBUG:colcon.colcon_core.verb:Building package 'annin_ar4_driver' with the following arguments: {'ament_cmake_args': None, 'build_base': '/home/max/github/VisionArm/ROS2/build/annin_ar4_driver', 'catkin_cmake_args': None, 'catkin_skip_building_tests': False, 'cmake_args': None, 'cmake_clean_cache': False, 'cmake_clean_first': False, 'cmake_force_configure': False, 'cmake_target': None, 'cmake_target_skip_unavailable': False, 'install_base': '/home/max/github/VisionArm/ROS2/install/annin_ar4_driver', 'merge_install': False, 'path': '/home/max/github/VisionArm/ROS2/ar4_ros_driver/annin_ar4_driver', 'symlink_install': True, 'test_result_base': None}
[0.357s] Level 5:colcon.colcon_core.verb:set package 'annin_ar4_moveit_config' build argument 'cmake_args' from command line to 'None'
[0.357s] Level 5:colcon.colcon_core.verb:set package 'annin_ar4_moveit_config' build argument 'cmake_target' from command line to 'None'
[0.357s] Level 5:colcon.colcon_core.verb:set package 'annin_ar4_moveit_config' build argument 'cmake_target_skip_unavailable' from command line to 'False'
[0.357s] Level 5:colcon.colcon_core.verb:set package 'annin_ar4_moveit_config' build argument 'cmake_clean_cache' from command line to 'False'
[0.357s] Level 5:colcon.colcon_core.verb:set package 'annin_ar4_moveit_config' build argument 'cmake_clean_first' from command line to 'False'
[0.357s] Level 5:colcon.colcon_core.verb:set package 'annin_ar4_moveit_config' build argument 'cmake_force_configure' from command line to 'False'
[0.357s] Level 5:colcon.colcon_core.verb:set package 'annin_ar4_moveit_config' build argument 'ament_cmake_args' from command line to 'None'
[0.357s] Level 5:colcon.colcon_core.verb:set package 'annin_ar4_moveit_config' build argument 'catkin_cmake_args' from command line to 'None'
[0.357s] Level 5:colcon.colcon_core.verb:set package 'annin_ar4_moveit_config' build argument 'catkin_skip_building_tests' from command line to 'False'
[0.357s] DEBUG:colcon.colcon_core.verb:Building package 'annin_ar4_moveit_config' with the following arguments: {'ament_cmake_args': None, 'build_base': '/home/max/github/VisionArm/ROS2/build/annin_ar4_moveit_config', 'catkin_cmake_args': None, 'catkin_skip_building_tests': False, 'cmake_args': None, 'cmake_clean_cache': False, 'cmake_clean_first': False, 'cmake_force_configure': False, 'cmake_target': None, 'cmake_target_skip_unavailable': False, 'install_base': '/home/max/github/VisionArm/ROS2/install/annin_ar4_moveit_config', 'merge_install': False, 'path': '/home/max/github/VisionArm/ROS2/ar4_ros_driver/annin_ar4_moveit_config', 'symlink_install': True, 'test_result_base': None}
[0.357s] Level 5:colcon.colcon_core.verb:set package 'annin_ar4_gazebo' build argument 'cmake_args' from command line to 'None'
[0.357s] Level 5:colcon.colcon_core.verb:set package 'annin_ar4_gazebo' build argument 'cmake_target' from command line to 'None'
[0.357s] Level 5:colcon.colcon_core.verb:set package 'annin_ar4_gazebo' build argument 'cmake_target_skip_unavailable' from command line to 'False'
[0.357s] Level 5:colcon.colcon_core.verb:set package 'annin_ar4_gazebo' build argument 'cmake_clean_cache' from command line to 'False'
[0.357s] Level 5:colcon.colcon_core.verb:set package 'annin_ar4_gazebo' build argument 'cmake_clean_first' from command line to 'False'
[0.357s] Level 5:colcon.colcon_core.verb:set package 'annin_ar4_gazebo' build argument 'cmake_force_configure' from command line to 'False'
[0.357s] Level 5:colcon.colcon_core.verb:set package 'annin_ar4_gazebo' build argument 'ament_cmake_args' from command line to 'None'
[0.357s] Level 5:colcon.colcon_core.verb:set package 'annin_ar4_gazebo' build argument 'catkin_cmake_args' from command line to 'None'
[0.357s] Level 5:colcon.colcon_core.verb:set package 'annin_ar4_gazebo' build argument 'catkin_skip_building_tests' from command line to 'False'
[0.357s] DEBUG:colcon.colcon_core.verb:Building package 'annin_ar4_gazebo' with the following arguments: {'ament_cmake_args': None, 'build_base': '/home/max/github/VisionArm/ROS2/build/annin_ar4_gazebo', 'catkin_cmake_args': None, 'catkin_skip_building_tests': False, 'cmake_args': None, 'cmake_clean_cache': False, 'cmake_clean_first': False, 'cmake_force_configure': False, 'cmake_target': None, 'cmake_target_skip_unavailable': False, 'install_base': '/home/max/github/VisionArm/ROS2/install/annin_ar4_gazebo', 'merge_install': False, 'path': '/home/max/github/VisionArm/ROS2/ar4_ros_driver/annin_ar4_gazebo', 'symlink_install': True, 'test_result_base': None}
[0.357s] INFO:colcon.colcon_core.executor:Executing jobs using 'parallel' executor
[0.358s] DEBUG:colcon.colcon_parallel_executor.executor.parallel:run_until_complete
[0.359s] INFO:colcon.colcon_ros.task.ament_cmake.build:Building ROS package in '/home/max/github/VisionArm/ROS2/ar4_ros_driver/annin_ar4_description' with build type 'ament_cmake'
[0.359s] INFO:colcon.colcon_cmake.task.cmake.build:Building CMake package in '/home/max/github/VisionArm/ROS2/ar4_ros_driver/annin_ar4_description'
[0.368s] INFO:colcon.colcon_core.plugin_system:Skipping extension 'colcon_core.shell.bat': Not used on non-Windows systems
[0.368s] INFO:colcon.colcon_core.shell:Skip shell extension 'powershell' for command environment: Not usable outside of PowerShell
[0.368s] DEBUG:colcon.colcon_core.shell:Skip shell extension 'dsv' for command environment
[0.379s] DEBUG:colcon.colcon_core.event_handler.log_command:Invoking command in '/home/max/github/VisionArm/ROS2/build/annin_ar4_description': CMAKE_PREFIX_PATH=${CMAKE_PREFIX_PATH}:/opt/ros/jazzy DEBUGINFOD_URLS=https://debuginfod.ubuntu.com /usr/bin/cmake --build /home/max/github/VisionArm/ROS2/build/annin_ar4_description -- -j4 -l4
[0.821s] DEBUG:colcon.colcon_core.event_handler.log_command:Invoked command in '/home/max/github/VisionArm/ROS2/build/annin_ar4_description' returned '0': CMAKE_PREFIX_PATH=${CMAKE_PREFIX_PATH}:/opt/ros/jazzy DEBUGINFOD_URLS=https://debuginfod.ubuntu.com /usr/bin/cmake --build /home/max/github/VisionArm/ROS2/build/annin_ar4_description -- -j4 -l4
[0.832s] DEBUG:colcon.colcon_core.event_handler.log_command:Invoking command in '/home/max/github/VisionArm/ROS2/build/annin_ar4_description': CMAKE_PREFIX_PATH=${CMAKE_PREFIX_PATH}:/opt/ros/jazzy DEBUGINFOD_URLS=https://debuginfod.ubuntu.com /usr/bin/cmake --install /home/max/github/VisionArm/ROS2/build/annin_ar4_description
[0.871s] Level 1:colcon.colcon_core.environment:create_environment_scripts_only(annin_ar4_description)
[0.871s] DEBUG:colcon.colcon_core.event_handler.log_command:Invoked command in '/home/max/github/VisionArm/ROS2/build/annin_ar4_description' returned '0': CMAKE_PREFIX_PATH=${CMAKE_PREFIX_PATH}:/opt/ros/jazzy DEBUGINFOD_URLS=https://debuginfod.ubuntu.com /usr/bin/cmake --install /home/max/github/VisionArm/ROS2/build/annin_ar4_description
[0.878s] Level 1:colcon.colcon_core.environment:checking '/home/max/github/VisionArm/ROS2/install/annin_ar4_description' for CMake module files
[0.879s] Level 1:colcon.colcon_core.environment:checking '/home/max/github/VisionArm/ROS2/install/annin_ar4_description' for CMake config files
[0.880s] Level 1:colcon.colcon_core.shell:create_environment_hook('annin_ar4_description', 'cmake_prefix_path')
[0.880s] INFO:colcon.colcon_core.shell:Creating environment hook '/home/max/github/VisionArm/ROS2/install/annin_ar4_description/share/annin_ar4_description/hook/cmake_prefix_path.ps1'
[0.881s] INFO:colcon.colcon_core.shell:Creating environment descriptor '/home/max/github/VisionArm/ROS2/install/annin_ar4_description/share/annin_ar4_description/hook/cmake_prefix_path.dsv'
[0.882s] INFO:colcon.colcon_core.shell:Creating environment hook '/home/max/github/VisionArm/ROS2/install/annin_ar4_description/share/annin_ar4_description/hook/cmake_prefix_path.sh'
[0.884s] Level 1:colcon.colcon_core.environment:checking '/home/max/github/VisionArm/ROS2/install/annin_ar4_description/bin'
[0.884s] Level 1:colcon.colcon_core.environment:checking '/home/max/github/VisionArm/ROS2/install/annin_ar4_description/lib/pkgconfig/annin_ar4_description.pc'
[0.884s] Level 1:colcon.colcon_core.environment:checking '/home/max/github/VisionArm/ROS2/install/annin_ar4_description/lib/python3.12/site-packages'
[0.884s] Level 1:colcon.colcon_core.environment:checking '/home/max/github/VisionArm/ROS2/install/annin_ar4_description/bin'
[0.885s] INFO:colcon.colcon_core.shell:Creating package script '/home/max/github/VisionArm/ROS2/install/annin_ar4_description/share/annin_ar4_description/package.ps1'
[0.886s] INFO:colcon.colcon_core.shell:Creating package descriptor '/home/max/github/VisionArm/ROS2/install/annin_ar4_description/share/annin_ar4_description/package.dsv'
[0.887s] INFO:colcon.colcon_core.shell:Creating package script '/home/max/github/VisionArm/ROS2/install/annin_ar4_description/share/annin_ar4_description/package.sh'
[0.888s] INFO:colcon.colcon_core.shell:Creating package script '/home/max/github/VisionArm/ROS2/install/annin_ar4_description/share/annin_ar4_description/package.bash'
[0.889s] INFO:colcon.colcon_core.shell:Creating package script '/home/max/github/VisionArm/ROS2/install/annin_ar4_description/share/annin_ar4_description/package.zsh'
[0.890s] Level 1:colcon.colcon_core.environment:create_file_with_runtime_dependencies(/home/max/github/VisionArm/ROS2/install/annin_ar4_description/share/colcon-core/packages/annin_ar4_description)
[0.891s] Level 1:colcon.colcon_core.environment:create_environment_scripts_only(annin_ar4_description)
[0.891s] Level 1:colcon.colcon_core.environment:checking '/home/max/github/VisionArm/ROS2/install/annin_ar4_description' for CMake module files
[0.891s] Level 1:colcon.colcon_core.environment:checking '/home/max/github/VisionArm/ROS2/install/annin_ar4_description' for CMake config files
[0.892s] Level 1:colcon.colcon_core.shell:create_environment_hook('annin_ar4_description', 'cmake_prefix_path')
[0.892s] INFO:colcon.colcon_core.shell:Creating environment hook '/home/max/github/VisionArm/ROS2/install/annin_ar4_description/share/annin_ar4_description/hook/cmake_prefix_path.ps1'
[0.892s] INFO:colcon.colcon_core.shell:Creating environment descriptor '/home/max/github/VisionArm/ROS2/install/annin_ar4_description/share/annin_ar4_description/hook/cmake_prefix_path.dsv'
[0.892s] INFO:colcon.colcon_core.shell:Creating environment hook '/home/max/github/VisionArm/ROS2/install/annin_ar4_description/share/annin_ar4_description/hook/cmake_prefix_path.sh'
[0.893s] Level 1:colcon.colcon_core.environment:checking '/home/max/github/VisionArm/ROS2/install/annin_ar4_description/bin'
[0.893s] Level 1:colcon.colcon_core.environment:checking '/home/max/github/VisionArm/ROS2/install/annin_ar4_description/lib/pkgconfig/annin_ar4_description.pc'
[0.893s] Level 1:colcon.colcon_core.environment:checking '/home/max/github/VisionArm/ROS2/install/annin_ar4_description/lib/python3.12/site-packages'
[0.893s] Level 1:colcon.colcon_core.environment:checking '/home/max/github/VisionArm/ROS2/install/annin_ar4_description/bin'
[0.893s] INFO:colcon.colcon_core.shell:Creating package script '/home/max/github/VisionArm/ROS2/install/annin_ar4_description/share/annin_ar4_description/package.ps1'
[0.894s] INFO:colcon.colcon_core.shell:Creating package descriptor '/home/max/github/VisionArm/ROS2/install/annin_ar4_description/share/annin_ar4_description/package.dsv'
[0.895s] INFO:colcon.colcon_core.shell:Creating package script '/home/max/github/VisionArm/ROS2/install/annin_ar4_description/share/annin_ar4_description/package.sh'
[0.895s] INFO:colcon.colcon_core.shell:Creating package script '/home/max/github/VisionArm/ROS2/install/annin_ar4_description/share/annin_ar4_description/package.bash'
[0.895s] INFO:colcon.colcon_core.shell:Creating package script '/home/max/github/VisionArm/ROS2/install/annin_ar4_description/share/annin_ar4_description/package.zsh'
[0.896s] Level 1:colcon.colcon_core.environment:create_file_with_runtime_dependencies(/home/max/github/VisionArm/ROS2/install/annin_ar4_description/share/colcon-core/packages/annin_ar4_description)
[0.896s] INFO:colcon.colcon_ros.task.ament_cmake.build:Building ROS package in '/home/max/github/VisionArm/ROS2/ar4_ros_driver/annin_ar4_driver' with build type 'ament_cmake'
[0.896s] INFO:colcon.colcon_cmake.task.cmake.build:Building CMake package in '/home/max/github/VisionArm/ROS2/ar4_ros_driver/annin_ar4_driver'
[0.896s] INFO:colcon.colcon_core.shell:Skip shell extension 'powershell' for command environment: Not usable outside of PowerShell
[0.896s] DEBUG:colcon.colcon_core.shell:Skip shell extension 'dsv' for command environment
[0.902s] INFO:colcon.colcon_ros.task.ament_cmake.build:Building ROS package in '/home/max/github/VisionArm/ROS2/ar4_ros_driver/annin_ar4_moveit_config' with build type 'ament_cmake'
[0.902s] INFO:colcon.colcon_cmake.task.cmake.build:Building CMake package in '/home/max/github/VisionArm/ROS2/ar4_ros_driver/annin_ar4_moveit_config'
[0.902s] INFO:colcon.colcon_core.shell:Skip shell extension 'powershell' for command environment: Not usable outside of PowerShell
[0.902s] DEBUG:colcon.colcon_core.shell:Skip shell extension 'dsv' for command environment
[0.913s] DEBUG:colcon.colcon_core.event_handler.log_command:Invoking command in '/home/max/github/VisionArm/ROS2/build/annin_ar4_driver': CMAKE_PREFIX_PATH=/home/max/github/VisionArm/ROS2/install/annin_ar4_description:/home/max/github/VisionArm/ROS2/install/annin_ar4_moveit_config:/home/max/github/VisionArm/ROS2/install/annin_ar4_gazebo:/home/max/github/VisionArm/ROS2/install/annin_ar4_driver:/opt/ros/jazzy/opt/gz_sim_vendor:/opt/ros/jazzy/opt/gz_sensors_vendor:/opt/ros/jazzy/opt/gz_physics_vendor:/opt/ros/jazzy/opt/sdformat_vendor:/opt/ros/jazzy/opt/gz_gui_vendor:/opt/ros/jazzy/opt/gz_transport_vendor:/opt/ros/jazzy/opt/gz_rendering_vendor:/opt/ros/jazzy/opt/gz_plugin_vendor:/opt/ros/jazzy/opt/gz_fuel_tools_vendor:/opt/ros/jazzy/opt/gz_msgs_vendor:/opt/ros/jazzy/opt/gz_common_vendor:/opt/ros/jazzy/opt/gz_math_vendor:/opt/ros/jazzy/opt/gz_utils_vendor:/opt/ros/jazzy/opt/gz_tools_vendor:/opt/ros/jazzy/opt/gz_ogre_next_vendor:/opt/ros/jazzy/opt/gz_dartsim_vendor:/opt/ros/jazzy/opt/gz_cmake_vendor:/opt/ros/jazzy DEBUGINFOD_URLS=https://debuginfod.ubuntu.com /usr/bin/cmake --build /home/max/github/VisionArm/ROS2/build/annin_ar4_driver -- -j4 -l4
[0.919s] DEBUG:colcon.colcon_core.event_handler.log_command:Invoking command in '/home/max/github/VisionArm/ROS2/build/annin_ar4_moveit_config': CMAKE_PREFIX_PATH=/home/max/github/VisionArm/ROS2/install/annin_ar4_description:/home/max/github/VisionArm/ROS2/install/annin_ar4_moveit_config:/home/max/github/VisionArm/ROS2/install/annin_ar4_gazebo:/home/max/github/VisionArm/ROS2/install/annin_ar4_driver:/opt/ros/jazzy/opt/gz_sim_vendor:/opt/ros/jazzy/opt/gz_sensors_vendor:/opt/ros/jazzy/opt/gz_physics_vendor:/opt/ros/jazzy/opt/sdformat_vendor:/opt/ros/jazzy/opt/gz_gui_vendor:/opt/ros/jazzy/opt/gz_transport_vendor:/opt/ros/jazzy/opt/gz_rendering_vendor:/opt/ros/jazzy/opt/gz_plugin_vendor:/opt/ros/jazzy/opt/gz_fuel_tools_vendor:/opt/ros/jazzy/opt/gz_msgs_vendor:/opt/ros/jazzy/opt/gz_common_vendor:/opt/ros/jazzy/opt/gz_math_vendor:/opt/ros/jazzy/opt/gz_utils_vendor:/opt/ros/jazzy/opt/gz_tools_vendor:/opt/ros/jazzy/opt/gz_ogre_next_vendor:/opt/ros/jazzy/opt/gz_dartsim_vendor:/opt/ros/jazzy/opt/gz_cmake_vendor:/opt/ros/jazzy DEBUGINFOD_URLS=https://debuginfod.ubuntu.com /usr/bin/cmake --build /home/max/github/VisionArm/ROS2/build/annin_ar4_moveit_config -- -j4 -l4
[1.237s] DEBUG:colcon.colcon_core.event_handler.log_command:Invoked command in '/home/max/github/VisionArm/ROS2/build/annin_ar4_moveit_config' returned '0': CMAKE_PREFIX_PATH=/home/max/github/VisionArm/ROS2/install/annin_ar4_description:/home/max/github/VisionArm/ROS2/install/annin_ar4_moveit_config:/home/max/github/VisionArm/ROS2/install/annin_ar4_gazebo:/home/max/github/VisionArm/ROS2/install/annin_ar4_driver:/opt/ros/jazzy/opt/gz_sim_vendor:/opt/ros/jazzy/opt/gz_sensors_vendor:/opt/ros/jazzy/opt/gz_physics_vendor:/opt/ros/jazzy/opt/sdformat_vendor:/opt/ros/jazzy/opt/gz_gui_vendor:/opt/ros/jazzy/opt/gz_transport_vendor:/opt/ros/jazzy/opt/gz_rendering_vendor:/opt/ros/jazzy/opt/gz_plugin_vendor:/opt/ros/jazzy/opt/gz_fuel_tools_vendor:/opt/ros/jazzy/opt/gz_msgs_vendor:/opt/ros/jazzy/opt/gz_common_vendor:/opt/ros/jazzy/opt/gz_math_vendor:/opt/ros/jazzy/opt/gz_utils_vendor:/opt/ros/jazzy/opt/gz_tools_vendor:/opt/ros/jazzy/opt/gz_ogre_next_vendor:/opt/ros/jazzy/opt/gz_dartsim_vendor:/opt/ros/jazzy/opt/gz_cmake_vendor:/opt/ros/jazzy DEBUGINFOD_URLS=https://debuginfod.ubuntu.com /usr/bin/cmake --build /home/max/github/VisionArm/ROS2/build/annin_ar4_moveit_config -- -j4 -l4
[1.239s] DEBUG:colcon.colcon_core.event_handler.log_command:Invoking command in '/home/max/github/VisionArm/ROS2/build/annin_ar4_moveit_config': CMAKE_PREFIX_PATH=/home/max/github/VisionArm/ROS2/install/annin_ar4_description:/home/max/github/VisionArm/ROS2/install/annin_ar4_moveit_config:/home/max/github/VisionArm/ROS2/install/annin_ar4_gazebo:/home/max/github/VisionArm/ROS2/install/annin_ar4_driver:/opt/ros/jazzy/opt/gz_sim_vendor:/opt/ros/jazzy/opt/gz_sensors_vendor:/opt/ros/jazzy/opt/gz_physics_vendor:/opt/ros/jazzy/opt/sdformat_vendor:/opt/ros/jazzy/opt/gz_gui_vendor:/opt/ros/jazzy/opt/gz_transport_vendor:/opt/ros/jazzy/opt/gz_rendering_vendor:/opt/ros/jazzy/opt/gz_plugin_vendor:/opt/ros/jazzy/opt/gz_fuel_tools_vendor:/opt/ros/jazzy/opt/gz_msgs_vendor:/opt/ros/jazzy/opt/gz_common_vendor:/opt/ros/jazzy/opt/gz_math_vendor:/opt/ros/jazzy/opt/gz_utils_vendor:/opt/ros/jazzy/opt/gz_tools_vendor:/opt/ros/jazzy/opt/gz_ogre_next_vendor:/opt/ros/jazzy/opt/gz_dartsim_vendor:/opt/ros/jazzy/opt/gz_cmake_vendor:/opt/ros/jazzy DEBUGINFOD_URLS=https://debuginfod.ubuntu.com /usr/bin/cmake --install /home/max/github/VisionArm/ROS2/build/annin_ar4_moveit_config
[1.279s] Level 1:colcon.colcon_core.environment:create_environment_scripts_only(annin_ar4_moveit_config)
[1.279s] Level 1:colcon.colcon_core.environment:checking '/home/max/github/VisionArm/ROS2/install/annin_ar4_moveit_config' for CMake module files
[1.279s] Level 1:colcon.colcon_core.environment:checking '/home/max/github/VisionArm/ROS2/install/annin_ar4_moveit_config' for CMake config files
[1.280s] DEBUG:colcon.colcon_core.event_handler.log_command:Invoked command in '/home/max/github/VisionArm/ROS2/build/annin_ar4_moveit_config' returned '0': CMAKE_PREFIX_PATH=/home/max/github/VisionArm/ROS2/install/annin_ar4_description:/home/max/github/VisionArm/ROS2/install/annin_ar4_moveit_config:/home/max/github/VisionArm/ROS2/install/annin_ar4_gazebo:/home/max/github/VisionArm/ROS2/install/annin_ar4_driver:/opt/ros/jazzy/opt/gz_sim_vendor:/opt/ros/jazzy/opt/gz_sensors_vendor:/opt/ros/jazzy/opt/gz_physics_vendor:/opt/ros/jazzy/opt/sdformat_vendor:/opt/ros/jazzy/opt/gz_gui_vendor:/opt/ros/jazzy/opt/gz_transport_vendor:/opt/ros/jazzy/opt/gz_rendering_vendor:/opt/ros/jazzy/opt/gz_plugin_vendor:/opt/ros/jazzy/opt/gz_fuel_tools_vendor:/opt/ros/jazzy/opt/gz_msgs_vendor:/opt/ros/jazzy/opt/gz_common_vendor:/opt/ros/jazzy/opt/gz_math_vendor:/opt/ros/jazzy/opt/gz_utils_vendor:/opt/ros/jazzy/opt/gz_tools_vendor:/opt/ros/jazzy/opt/gz_ogre_next_vendor:/opt/ros/jazzy/opt/gz_dartsim_vendor:/opt/ros/jazzy/opt/gz_cmake_vendor:/opt/ros/jazzy DEBUGINFOD_URLS=https://debuginfod.ubuntu.com /usr/bin/cmake --install /home/max/github/VisionArm/ROS2/build/annin_ar4_moveit_config
[1.280s] Level 1:colcon.colcon_core.shell:create_environment_hook('annin_ar4_moveit_config', 'cmake_prefix_path')
[1.280s] INFO:colcon.colcon_core.shell:Creating environment hook '/home/max/github/VisionArm/ROS2/install/annin_ar4_moveit_config/share/annin_ar4_moveit_config/hook/cmake_prefix_path.ps1'
[1.281s] INFO:colcon.colcon_core.shell:Creating environment descriptor '/home/max/github/VisionArm/ROS2/install/annin_ar4_moveit_config/share/annin_ar4_moveit_config/hook/cmake_prefix_path.dsv'
[1.281s] INFO:colcon.colcon_core.shell:Creating environment hook '/home/max/github/VisionArm/ROS2/install/annin_ar4_moveit_config/share/annin_ar4_moveit_config/hook/cmake_prefix_path.sh'
[1.282s] Level 1:colcon.colcon_core.environment:checking '/home/max/github/VisionArm/ROS2/install/annin_ar4_moveit_config/bin'
[1.282s] Level 1:colcon.colcon_core.environment:checking '/home/max/github/VisionArm/ROS2/install/annin_ar4_moveit_config/lib/pkgconfig/annin_ar4_moveit_config.pc'
[1.282s] Level 1:colcon.colcon_core.environment:checking '/home/max/github/VisionArm/ROS2/install/annin_ar4_moveit_config/lib/python3.12/site-packages'
[1.282s] Level 1:colcon.colcon_core.environment:checking '/home/max/github/VisionArm/ROS2/install/annin_ar4_moveit_config/bin'
[1.282s] INFO:colcon.colcon_core.shell:Creating package script '/home/max/github/VisionArm/ROS2/install/annin_ar4_moveit_config/share/annin_ar4_moveit_config/package.ps1'
[1.283s] INFO:colcon.colcon_core.shell:Creating package descriptor '/home/max/github/VisionArm/ROS2/install/annin_ar4_moveit_config/share/annin_ar4_moveit_config/package.dsv'
[1.283s] INFO:colcon.colcon_core.shell:Creating package script '/home/max/github/VisionArm/ROS2/install/annin_ar4_moveit_config/share/annin_ar4_moveit_config/package.sh'
[1.283s] INFO:colcon.colcon_core.shell:Creating package script '/home/max/github/VisionArm/ROS2/install/annin_ar4_moveit_config/share/annin_ar4_moveit_config/package.bash'
[1.284s] INFO:colcon.colcon_core.shell:Creating package script '/home/max/github/VisionArm/ROS2/install/annin_ar4_moveit_config/share/annin_ar4_moveit_config/package.zsh'
[1.284s] Level 1:colcon.colcon_core.environment:create_file_with_runtime_dependencies(/home/max/github/VisionArm/ROS2/install/annin_ar4_moveit_config/share/colcon-core/packages/annin_ar4_moveit_config)
[1.284s] Level 1:colcon.colcon_core.environment:create_environment_scripts_only(annin_ar4_moveit_config)
[1.285s] Level 1:colcon.colcon_core.environment:checking '/home/max/github/VisionArm/ROS2/install/annin_ar4_moveit_config' for CMake module files
[1.285s] Level 1:colcon.colcon_core.environment:checking '/home/max/github/VisionArm/ROS2/install/annin_ar4_moveit_config' for CMake config files
[1.285s] Level 1:colcon.colcon_core.shell:create_environment_hook('annin_ar4_moveit_config', 'cmake_prefix_path')
[1.285s] INFO:colcon.colcon_core.shell:Creating environment hook '/home/max/github/VisionArm/ROS2/install/annin_ar4_moveit_config/share/annin_ar4_moveit_config/hook/cmake_prefix_path.ps1'
[1.286s] INFO:colcon.colcon_core.shell:Creating environment descriptor '/home/max/github/VisionArm/ROS2/install/annin_ar4_moveit_config/share/annin_ar4_moveit_config/hook/cmake_prefix_path.dsv'
[1.286s] INFO:colcon.colcon_core.shell:Creating environment hook '/home/max/github/VisionArm/ROS2/install/annin_ar4_moveit_config/share/annin_ar4_moveit_config/hook/cmake_prefix_path.sh'
[1.288s] Level 1:colcon.colcon_core.environment:checking '/home/max/github/VisionArm/ROS2/install/annin_ar4_moveit_config/bin'
[1.288s] Level 1:colcon.colcon_core.environment:checking '/home/max/github/VisionArm/ROS2/install/annin_ar4_moveit_config/lib/pkgconfig/annin_ar4_moveit_config.pc'
[1.288s] Level 1:colcon.colcon_core.environment:checking '/home/max/github/VisionArm/ROS2/install/annin_ar4_moveit_config/lib/python3.12/site-packages'
[1.288s] Level 1:colcon.colcon_core.environment:checking '/home/max/github/VisionArm/ROS2/install/annin_ar4_moveit_config/bin'
[1.288s] INFO:colcon.colcon_core.shell:Creating package script '/home/max/github/VisionArm/ROS2/install/annin_ar4_moveit_config/share/annin_ar4_moveit_config/package.ps1'
[1.289s] INFO:colcon.colcon_core.shell:Creating package descriptor '/home/max/github/VisionArm/ROS2/install/annin_ar4_moveit_config/share/annin_ar4_moveit_config/package.dsv'
[1.289s] INFO:colcon.colcon_core.shell:Creating package script '/home/max/github/VisionArm/ROS2/install/annin_ar4_moveit_config/share/annin_ar4_moveit_config/package.sh'
[1.290s] INFO:colcon.colcon_core.shell:Creating package script '/home/max/github/VisionArm/ROS2/install/annin_ar4_moveit_config/share/annin_ar4_moveit_config/package.bash'
[1.290s] INFO:colcon.colcon_core.shell:Creating package script '/home/max/github/VisionArm/ROS2/install/annin_ar4_moveit_config/share/annin_ar4_moveit_config/package.zsh'
[1.291s] Level 1:colcon.colcon_core.environment:create_file_with_runtime_dependencies(/home/max/github/VisionArm/ROS2/install/annin_ar4_moveit_config/share/colcon-core/packages/annin_ar4_moveit_config)
[2.459s] DEBUG:colcon.colcon_core.event_handler.log_command:Invoked command in '/home/max/github/VisionArm/ROS2/build/annin_ar4_driver' returned '0': CMAKE_PREFIX_PATH=/home/max/github/VisionArm/ROS2/install/annin_ar4_description:/home/max/github/VisionArm/ROS2/install/annin_ar4_moveit_config:/home/max/github/VisionArm/ROS2/install/annin_ar4_gazebo:/home/max/github/VisionArm/ROS2/install/annin_ar4_driver:/opt/ros/jazzy/opt/gz_sim_vendor:/opt/ros/jazzy/opt/gz_sensors_vendor:/opt/ros/jazzy/opt/gz_physics_vendor:/opt/ros/jazzy/opt/sdformat_vendor:/opt/ros/jazzy/opt/gz_gui_vendor:/opt/ros/jazzy/opt/gz_transport_vendor:/opt/ros/jazzy/opt/gz_rendering_vendor:/opt/ros/jazzy/opt/gz_plugin_vendor:/opt/ros/jazzy/opt/gz_fuel_tools_vendor:/opt/ros/jazzy/opt/gz_msgs_vendor:/opt/ros/jazzy/opt/gz_common_vendor:/opt/ros/jazzy/opt/gz_math_vendor:/opt/ros/jazzy/opt/gz_utils_vendor:/opt/ros/jazzy/opt/gz_tools_vendor:/opt/ros/jazzy/opt/gz_ogre_next_vendor:/opt/ros/jazzy/opt/gz_dartsim_vendor:/opt/ros/jazzy/opt/gz_cmake_vendor:/opt/ros/jazzy DEBUGINFOD_URLS=https://debuginfod.ubuntu.com /usr/bin/cmake --build /home/max/github/VisionArm/ROS2/build/annin_ar4_driver -- -j4 -l4
[2.461s] DEBUG:colcon.colcon_core.event_handler.log_command:Invoking command in '/home/max/github/VisionArm/ROS2/build/annin_ar4_driver': CMAKE_PREFIX_PATH=/home/max/github/VisionArm/ROS2/install/annin_ar4_description:/home/max/github/VisionArm/ROS2/install/annin_ar4_moveit_config:/home/max/github/VisionArm/ROS2/install/annin_ar4_gazebo:/home/max/github/VisionArm/ROS2/install/annin_ar4_driver:/opt/ros/jazzy/opt/gz_sim_vendor:/opt/ros/jazzy/opt/gz_sensors_vendor:/opt/ros/jazzy/opt/gz_physics_vendor:/opt/ros/jazzy/opt/sdformat_vendor:/opt/ros/jazzy/opt/gz_gui_vendor:/opt/ros/jazzy/opt/gz_transport_vendor:/opt/ros/jazzy/opt/gz_rendering_vendor:/opt/ros/jazzy/opt/gz_plugin_vendor:/opt/ros/jazzy/opt/gz_fuel_tools_vendor:/opt/ros/jazzy/opt/gz_msgs_vendor:/opt/ros/jazzy/opt/gz_common_vendor:/opt/ros/jazzy/opt/gz_math_vendor:/opt/ros/jazzy/opt/gz_utils_vendor:/opt/ros/jazzy/opt/gz_tools_vendor:/opt/ros/jazzy/opt/gz_ogre_next_vendor:/opt/ros/jazzy/opt/gz_dartsim_vendor:/opt/ros/jazzy/opt/gz_cmake_vendor:/opt/ros/jazzy DEBUGINFOD_URLS=https://debuginfod.ubuntu.com /usr/bin/cmake --install /home/max/github/VisionArm/ROS2/build/annin_ar4_driver
[2.507s] Level 1:colcon.colcon_core.environment:create_environment_scripts_only(annin_ar4_driver)
[2.507s] DEBUG:colcon.colcon_core.event_handler.log_command:Invoked command in '/home/max/github/VisionArm/ROS2/build/annin_ar4_driver' returned '0': CMAKE_PREFIX_PATH=/home/max/github/VisionArm/ROS2/install/annin_ar4_description:/home/max/github/VisionArm/ROS2/install/annin_ar4_moveit_config:/home/max/github/VisionArm/ROS2/install/annin_ar4_gazebo:/home/max/github/VisionArm/ROS2/install/annin_ar4_driver:/opt/ros/jazzy/opt/gz_sim_vendor:/opt/ros/jazzy/opt/gz_sensors_vendor:/opt/ros/jazzy/opt/gz_physics_vendor:/opt/ros/jazzy/opt/sdformat_vendor:/opt/ros/jazzy/opt/gz_gui_vendor:/opt/ros/jazzy/opt/gz_transport_vendor:/opt/ros/jazzy/opt/gz_rendering_vendor:/opt/ros/jazzy/opt/gz_plugin_vendor:/opt/ros/jazzy/opt/gz_fuel_tools_vendor:/opt/ros/jazzy/opt/gz_msgs_vendor:/opt/ros/jazzy/opt/gz_common_vendor:/opt/ros/jazzy/opt/gz_math_vendor:/opt/ros/jazzy/opt/gz_utils_vendor:/opt/ros/jazzy/opt/gz_tools_vendor:/opt/ros/jazzy/opt/gz_ogre_next_vendor:/opt/ros/jazzy/opt/gz_dartsim_vendor:/opt/ros/jazzy/opt/gz_cmake_vendor:/opt/ros/jazzy DEBUGINFOD_URLS=https://debuginfod.ubuntu.com /usr/bin/cmake --install /home/max/github/VisionArm/ROS2/build/annin_ar4_driver
[2.508s] Level 1:colcon.colcon_core.environment:checking '/home/max/github/VisionArm/ROS2/install/annin_ar4_driver' for CMake module files
[2.509s] Level 1:colcon.colcon_core.environment:checking '/home/max/github/VisionArm/ROS2/install/annin_ar4_driver' for CMake config files
[2.509s] Level 1:colcon.colcon_core.shell:create_environment_hook('annin_ar4_driver', 'cmake_prefix_path')
[2.510s] INFO:colcon.colcon_core.shell:Creating environment hook '/home/max/github/VisionArm/ROS2/install/annin_ar4_driver/share/annin_ar4_driver/hook/cmake_prefix_path.ps1'
[2.510s] INFO:colcon.colcon_core.shell:Creating environment descriptor '/home/max/github/VisionArm/ROS2/install/annin_ar4_driver/share/annin_ar4_driver/hook/cmake_prefix_path.dsv'
[2.511s] INFO:colcon.colcon_core.shell:Creating environment hook '/home/max/github/VisionArm/ROS2/install/annin_ar4_driver/share/annin_ar4_driver/hook/cmake_prefix_path.sh'
[2.511s] Level 1:colcon.colcon_core.environment:checking '/home/max/github/VisionArm/ROS2/install/annin_ar4_driver/lib'
[2.511s] Level 1:colcon.colcon_core.shell:create_environment_hook('annin_ar4_driver', 'ld_library_path_lib')
[2.512s] INFO:colcon.colcon_core.shell:Creating environment hook '/home/max/github/VisionArm/ROS2/install/annin_ar4_driver/share/annin_ar4_driver/hook/ld_library_path_lib.ps1'
[2.512s] INFO:colcon.colcon_core.shell:Creating environment descriptor '/home/max/github/VisionArm/ROS2/install/annin_ar4_driver/share/annin_ar4_driver/hook/ld_library_path_lib.dsv'
[2.512s] INFO:colcon.colcon_core.shell:Creating environment hook '/home/max/github/VisionArm/ROS2/install/annin_ar4_driver/share/annin_ar4_driver/hook/ld_library_path_lib.sh'
[2.513s] Level 1:colcon.colcon_core.environment:checking '/home/max/github/VisionArm/ROS2/install/annin_ar4_driver/bin'
[2.513s] Level 1:colcon.colcon_core.environment:checking '/home/max/github/VisionArm/ROS2/install/annin_ar4_driver/lib/pkgconfig/annin_ar4_driver.pc'
[2.513s] Level 1:colcon.colcon_core.environment:checking '/home/max/github/VisionArm/ROS2/install/annin_ar4_driver/lib/python3.12/site-packages'
[2.513s] Level 1:colcon.colcon_core.environment:checking '/home/max/github/VisionArm/ROS2/install/annin_ar4_driver/bin'
[2.513s] INFO:colcon.colcon_core.shell:Creating package script '/home/max/github/VisionArm/ROS2/install/annin_ar4_driver/share/annin_ar4_driver/package.ps1'
[2.514s] INFO:colcon.colcon_core.shell:Creating package descriptor '/home/max/github/VisionArm/ROS2/install/annin_ar4_driver/share/annin_ar4_driver/package.dsv'
[2.514s] INFO:colcon.colcon_core.shell:Creating package script '/home/max/github/VisionArm/ROS2/install/annin_ar4_driver/share/annin_ar4_driver/package.sh'
[2.515s] INFO:colcon.colcon_core.shell:Creating package script '/home/max/github/VisionArm/ROS2/install/annin_ar4_driver/share/annin_ar4_driver/package.bash'
[2.515s] INFO:colcon.colcon_core.shell:Creating package script '/home/max/github/VisionArm/ROS2/install/annin_ar4_driver/share/annin_ar4_driver/package.zsh'
[2.516s] Level 1:colcon.colcon_core.environment:create_file_with_runtime_dependencies(/home/max/github/VisionArm/ROS2/install/annin_ar4_driver/share/colcon-core/packages/annin_ar4_driver)
[2.516s] Level 1:colcon.colcon_core.environment:create_environment_scripts_only(annin_ar4_driver)
[2.516s] Level 1:colcon.colcon_core.environment:checking '/home/max/github/VisionArm/ROS2/install/annin_ar4_driver' for CMake module files
[2.517s] Level 1:colcon.colcon_core.environment:checking '/home/max/github/VisionArm/ROS2/install/annin_ar4_driver' for CMake config files
[2.517s] Level 1:colcon.colcon_core.shell:create_environment_hook('annin_ar4_driver', 'cmake_prefix_path')
[2.517s] INFO:colcon.colcon_core.shell:Creating environment hook '/home/max/github/VisionArm/ROS2/install/annin_ar4_driver/share/annin_ar4_driver/hook/cmake_prefix_path.ps1'
[2.518s] INFO:colcon.colcon_core.shell:Creating environment descriptor '/home/max/github/VisionArm/ROS2/install/annin_ar4_driver/share/annin_ar4_driver/hook/cmake_prefix_path.dsv'
[2.518s] INFO:colcon.colcon_core.shell:Creating environment hook '/home/max/github/VisionArm/ROS2/install/annin_ar4_driver/share/annin_ar4_driver/hook/cmake_prefix_path.sh'
[2.519s] Level 1:colcon.colcon_core.environment:checking '/home/max/github/VisionArm/ROS2/install/annin_ar4_driver/lib'
[2.519s] Level 1:colcon.colcon_core.shell:create_environment_hook('annin_ar4_driver', 'ld_library_path_lib')
[2.519s] INFO:colcon.colcon_core.shell:Creating environment hook '/home/max/github/VisionArm/ROS2/install/annin_ar4_driver/share/annin_ar4_driver/hook/ld_library_path_lib.ps1'
[2.519s] INFO:colcon.colcon_core.shell:Creating environment descriptor '/home/max/github/VisionArm/ROS2/install/annin_ar4_driver/share/annin_ar4_driver/hook/ld_library_path_lib.dsv'
[2.520s] INFO:colcon.colcon_core.shell:Creating environment hook '/home/max/github/VisionArm/ROS2/install/annin_ar4_driver/share/annin_ar4_driver/hook/ld_library_path_lib.sh'
[2.520s] Level 1:colcon.colcon_core.environment:checking '/home/max/github/VisionArm/ROS2/install/annin_ar4_driver/bin'
[2.520s] Level 1:colcon.colcon_core.environment:checking '/home/max/github/VisionArm/ROS2/install/annin_ar4_driver/lib/pkgconfig/annin_ar4_driver.pc'
[2.520s] Level 1:colcon.colcon_core.environment:checking '/home/max/github/VisionArm/ROS2/install/annin_ar4_driver/lib/python3.12/site-packages'
[2.521s] Level 1:colcon.colcon_core.environment:checking '/home/max/github/VisionArm/ROS2/install/annin_ar4_driver/bin'
[2.521s] INFO:colcon.colcon_core.shell:Creating package script '/home/max/github/VisionArm/ROS2/install/annin_ar4_driver/share/annin_ar4_driver/package.ps1'
[2.521s] INFO:colcon.colcon_core.shell:Creating package descriptor '/home/max/github/VisionArm/ROS2/install/annin_ar4_driver/share/annin_ar4_driver/package.dsv'
[2.522s] INFO:colcon.colcon_core.shell:Creating package script '/home/max/github/VisionArm/ROS2/install/annin_ar4_driver/share/annin_ar4_driver/package.sh'
[2.522s] INFO:colcon.colcon_core.shell:Creating package script '/home/max/github/VisionArm/ROS2/install/annin_ar4_driver/share/annin_ar4_driver/package.bash'
[2.523s] INFO:colcon.colcon_core.shell:Creating package script '/home/max/github/VisionArm/ROS2/install/annin_ar4_driver/share/annin_ar4_driver/package.zsh'
[2.523s] Level 1:colcon.colcon_core.environment:create_file_with_runtime_dependencies(/home/max/github/VisionArm/ROS2/install/annin_ar4_driver/share/colcon-core/packages/annin_ar4_driver)
[2.524s] INFO:colcon.colcon_ros.task.ament_cmake.build:Building ROS package in '/home/max/github/VisionArm/ROS2/ar4_ros_driver/annin_ar4_gazebo' with build type 'ament_cmake'
[2.524s] INFO:colcon.colcon_cmake.task.cmake.build:Building CMake package in '/home/max/github/VisionArm/ROS2/ar4_ros_driver/annin_ar4_gazebo'
[2.524s] INFO:colcon.colcon_core.shell:Skip shell extension 'powershell' for command environment: Not usable outside of PowerShell
[2.524s] DEBUG:colcon.colcon_core.shell:Skip shell extension 'dsv' for command environment
[2.541s] DEBUG:colcon.colcon_core.event_handler.log_command:Invoking command in '/home/max/github/VisionArm/ROS2/build/annin_ar4_gazebo': CMAKE_PREFIX_PATH=/home/max/github/VisionArm/ROS2/install/annin_ar4_driver:/home/max/github/VisionArm/ROS2/install/annin_ar4_description:/home/max/github/VisionArm/ROS2/install/annin_ar4_moveit_config:/home/max/github/VisionArm/ROS2/install/annin_ar4_gazebo:/opt/ros/jazzy/opt/gz_sim_vendor:/opt/ros/jazzy/opt/gz_sensors_vendor:/opt/ros/jazzy/opt/gz_physics_vendor:/opt/ros/jazzy/opt/sdformat_vendor:/opt/ros/jazzy/opt/gz_gui_vendor:/opt/ros/jazzy/opt/gz_transport_vendor:/opt/ros/jazzy/opt/gz_rendering_vendor:/opt/ros/jazzy/opt/gz_plugin_vendor:/opt/ros/jazzy/opt/gz_fuel_tools_vendor:/opt/ros/jazzy/opt/gz_msgs_vendor:/opt/ros/jazzy/opt/gz_common_vendor:/opt/ros/jazzy/opt/gz_math_vendor:/opt/ros/jazzy/opt/gz_utils_vendor:/opt/ros/jazzy/opt/gz_tools_vendor:/opt/ros/jazzy/opt/gz_ogre_next_vendor:/opt/ros/jazzy/opt/gz_dartsim_vendor:/opt/ros/jazzy/opt/gz_cmake_vendor:/opt/ros/jazzy DEBUGINFOD_URLS=https://debuginfod.ubuntu.com /usr/bin/cmake --build /home/max/github/VisionArm/ROS2/build/annin_ar4_gazebo -- -j4 -l4
[2.844s] DEBUG:colcon.colcon_core.event_handler.log_command:Invoked command in '/home/max/github/VisionArm/ROS2/build/annin_ar4_gazebo' returned '0': CMAKE_PREFIX_PATH=/home/max/github/VisionArm/ROS2/install/annin_ar4_driver:/home/max/github/VisionArm/ROS2/install/annin_ar4_description:/home/max/github/VisionArm/ROS2/install/annin_ar4_moveit_config:/home/max/github/VisionArm/ROS2/install/annin_ar4_gazebo:/opt/ros/jazzy/opt/gz_sim_vendor:/opt/ros/jazzy/opt/gz_sensors_vendor:/opt/ros/jazzy/opt/gz_physics_vendor:/opt/ros/jazzy/opt/sdformat_vendor:/opt/ros/jazzy/opt/gz_gui_vendor:/opt/ros/jazzy/opt/gz_transport_vendor:/opt/ros/jazzy/opt/gz_rendering_vendor:/opt/ros/jazzy/opt/gz_plugin_vendor:/opt/ros/jazzy/opt/gz_fuel_tools_vendor:/opt/ros/jazzy/opt/gz_msgs_vendor:/opt/ros/jazzy/opt/gz_common_vendor:/opt/ros/jazzy/opt/gz_math_vendor:/opt/ros/jazzy/opt/gz_utils_vendor:/opt/ros/jazzy/opt/gz_tools_vendor:/opt/ros/jazzy/opt/gz_ogre_next_vendor:/opt/ros/jazzy/opt/gz_dartsim_vendor:/opt/ros/jazzy/opt/gz_cmake_vendor:/opt/ros/jazzy DEBUGINFOD_URLS=https://debuginfod.ubuntu.com /usr/bin/cmake --build /home/max/github/VisionArm/ROS2/build/annin_ar4_gazebo -- -j4 -l4
[2.846s] DEBUG:colcon.colcon_core.event_handler.log_command:Invoking command in '/home/max/github/VisionArm/ROS2/build/annin_ar4_gazebo': CMAKE_PREFIX_PATH=/home/max/github/VisionArm/ROS2/install/annin_ar4_driver:/home/max/github/VisionArm/ROS2/install/annin_ar4_description:/home/max/github/VisionArm/ROS2/install/annin_ar4_moveit_config:/home/max/github/VisionArm/ROS2/install/annin_ar4_gazebo:/opt/ros/jazzy/opt/gz_sim_vendor:/opt/ros/jazzy/opt/gz_sensors_vendor:/opt/ros/jazzy/opt/gz_physics_vendor:/opt/ros/jazzy/opt/sdformat_vendor:/opt/ros/jazzy/opt/gz_gui_vendor:/opt/ros/jazzy/opt/gz_transport_vendor:/opt/ros/jazzy/opt/gz_rendering_vendor:/opt/ros/jazzy/opt/gz_plugin_vendor:/opt/ros/jazzy/opt/gz_fuel_tools_vendor:/opt/ros/jazzy/opt/gz_msgs_vendor:/opt/ros/jazzy/opt/gz_common_vendor:/opt/ros/jazzy/opt/gz_math_vendor:/opt/ros/jazzy/opt/gz_utils_vendor:/opt/ros/jazzy/opt/gz_tools_vendor:/opt/ros/jazzy/opt/gz_ogre_next_vendor:/opt/ros/jazzy/opt/gz_dartsim_vendor:/opt/ros/jazzy/opt/gz_cmake_vendor:/opt/ros/jazzy DEBUGINFOD_URLS=https://debuginfod.ubuntu.com /usr/bin/cmake --install /home/max/github/VisionArm/ROS2/build/annin_ar4_gazebo
[2.876s] Level 1:colcon.colcon_core.environment:create_environment_scripts_only(annin_ar4_gazebo)
[2.876s] Level 1:colcon.colcon_core.environment:checking '/home/max/github/VisionArm/ROS2/install/annin_ar4_gazebo' for CMake module files
[2.876s] DEBUG:colcon.colcon_core.event_handler.log_command:Invoked command in '/home/max/github/VisionArm/ROS2/build/annin_ar4_gazebo' returned '0': CMAKE_PREFIX_PATH=/home/max/github/VisionArm/ROS2/install/annin_ar4_driver:/home/max/github/VisionArm/ROS2/install/annin_ar4_description:/home/max/github/VisionArm/ROS2/install/annin_ar4_moveit_config:/home/max/github/VisionArm/ROS2/install/annin_ar4_gazebo:/opt/ros/jazzy/opt/gz_sim_vendor:/opt/ros/jazzy/opt/gz_sensors_vendor:/opt/ros/jazzy/opt/gz_physics_vendor:/opt/ros/jazzy/opt/sdformat_vendor:/opt/ros/jazzy/opt/gz_gui_vendor:/opt/ros/jazzy/opt/gz_transport_vendor:/opt/ros/jazzy/opt/gz_rendering_vendor:/opt/ros/jazzy/opt/gz_plugin_vendor:/opt/ros/jazzy/opt/gz_fuel_tools_vendor:/opt/ros/jazzy/opt/gz_msgs_vendor:/opt/ros/jazzy/opt/gz_common_vendor:/opt/ros/jazzy/opt/gz_math_vendor:/opt/ros/jazzy/opt/gz_utils_vendor:/opt/ros/jazzy/opt/gz_tools_vendor:/opt/ros/jazzy/opt/gz_ogre_next_vendor:/opt/ros/jazzy/opt/gz_dartsim_vendor:/opt/ros/jazzy/opt/gz_cmake_vendor:/opt/ros/jazzy DEBUGINFOD_URLS=https://debuginfod.ubuntu.com /usr/bin/cmake --install /home/max/github/VisionArm/ROS2/build/annin_ar4_gazebo
[2.877s] Level 1:colcon.colcon_core.environment:checking '/home/max/github/VisionArm/ROS2/install/annin_ar4_gazebo' for CMake config files
[2.877s] Level 1:colcon.colcon_core.shell:create_environment_hook('annin_ar4_gazebo', 'cmake_prefix_path')
[2.877s] INFO:colcon.colcon_core.shell:Creating environment hook '/home/max/github/VisionArm/ROS2/install/annin_ar4_gazebo/share/annin_ar4_gazebo/hook/cmake_prefix_path.ps1'
[2.877s] INFO:colcon.colcon_core.shell:Creating environment descriptor '/home/max/github/VisionArm/ROS2/install/annin_ar4_gazebo/share/annin_ar4_gazebo/hook/cmake_prefix_path.dsv'
[2.878s] INFO:colcon.colcon_core.shell:Creating environment hook '/home/max/github/VisionArm/ROS2/install/annin_ar4_gazebo/share/annin_ar4_gazebo/hook/cmake_prefix_path.sh'
[2.878s] Level 1:colcon.colcon_core.environment:checking '/home/max/github/VisionArm/ROS2/install/annin_ar4_gazebo/bin'
[2.878s] Level 1:colcon.colcon_core.environment:checking '/home/max/github/VisionArm/ROS2/install/annin_ar4_gazebo/lib/pkgconfig/annin_ar4_gazebo.pc'
[2.878s] Level 1:colcon.colcon_core.environment:checking '/home/max/github/VisionArm/ROS2/install/annin_ar4_gazebo/lib/python3.12/site-packages'
[2.878s] Level 1:colcon.colcon_core.environment:checking '/home/max/github/VisionArm/ROS2/install/annin_ar4_gazebo/bin'
[2.879s] INFO:colcon.colcon_core.shell:Creating package script '/home/max/github/VisionArm/ROS2/install/annin_ar4_gazebo/share/annin_ar4_gazebo/package.ps1'
[2.879s] INFO:colcon.colcon_core.shell:Creating package descriptor '/home/max/github/VisionArm/ROS2/install/annin_ar4_gazebo/share/annin_ar4_gazebo/package.dsv'
[2.879s] INFO:colcon.colcon_core.shell:Creating package script '/home/max/github/VisionArm/ROS2/install/annin_ar4_gazebo/share/annin_ar4_gazebo/package.sh'
[2.879s] INFO:colcon.colcon_core.shell:Creating package script '/home/max/github/VisionArm/ROS2/install/annin_ar4_gazebo/share/annin_ar4_gazebo/package.bash'
[2.880s] INFO:colcon.colcon_core.shell:Creating package script '/home/max/github/VisionArm/ROS2/install/annin_ar4_gazebo/share/annin_ar4_gazebo/package.zsh'
[2.880s] Level 1:colcon.colcon_core.environment:create_file_with_runtime_dependencies(/home/max/github/VisionArm/ROS2/install/annin_ar4_gazebo/share/colcon-core/packages/annin_ar4_gazebo)
[2.880s] Level 1:colcon.colcon_core.environment:create_environment_scripts_only(annin_ar4_gazebo)
[2.880s] Level 1:colcon.colcon_core.environment:checking '/home/max/github/VisionArm/ROS2/install/annin_ar4_gazebo' for CMake module files
[2.882s] Level 1:colcon.colcon_core.environment:checking '/home/max/github/VisionArm/ROS2/install/annin_ar4_gazebo' for CMake config files
[2.882s] Level 1:colcon.colcon_core.shell:create_environment_hook('annin_ar4_gazebo', 'cmake_prefix_path')
[2.882s] INFO:colcon.colcon_core.shell:Creating environment hook '/home/max/github/VisionArm/ROS2/install/annin_ar4_gazebo/share/annin_ar4_gazebo/hook/cmake_prefix_path.ps1'
[2.882s] INFO:colcon.colcon_core.shell:Creating environment descriptor '/home/max/github/VisionArm/ROS2/install/annin_ar4_gazebo/share/annin_ar4_gazebo/hook/cmake_prefix_path.dsv'
[2.883s] INFO:colcon.colcon_core.shell:Creating environment hook '/home/max/github/VisionArm/ROS2/install/annin_ar4_gazebo/share/annin_ar4_gazebo/hook/cmake_prefix_path.sh'
[2.883s] Level 1:colcon.colcon_core.environment:checking '/home/max/github/VisionArm/ROS2/install/annin_ar4_gazebo/bin'
[2.883s] Level 1:colcon.colcon_core.environment:checking '/home/max/github/VisionArm/ROS2/install/annin_ar4_gazebo/lib/pkgconfig/annin_ar4_gazebo.pc'
[2.883s] Level 1:colcon.colcon_core.environment:checking '/home/max/github/VisionArm/ROS2/install/annin_ar4_gazebo/lib/python3.12/site-packages'
[2.883s] Level 1:colcon.colcon_core.environment:checking '/home/max/github/VisionArm/ROS2/install/annin_ar4_gazebo/bin'
[2.884s] INFO:colcon.colcon_core.shell:Creating package script '/home/max/github/VisionArm/ROS2/install/annin_ar4_gazebo/share/annin_ar4_gazebo/package.ps1'
[2.884s] INFO:colcon.colcon_core.shell:Creating package descriptor '/home/max/github/VisionArm/ROS2/install/annin_ar4_gazebo/share/annin_ar4_gazebo/package.dsv'
[2.884s] INFO:colcon.colcon_core.shell:Creating package script '/home/max/github/VisionArm/ROS2/install/annin_ar4_gazebo/share/annin_ar4_gazebo/package.sh'
[2.885s] INFO:colcon.colcon_core.shell:Creating package script '/home/max/github/VisionArm/ROS2/install/annin_ar4_gazebo/share/annin_ar4_gazebo/package.bash'
[2.885s] INFO:colcon.colcon_core.shell:Creating package script '/home/max/github/VisionArm/ROS2/install/annin_ar4_gazebo/share/annin_ar4_gazebo/package.zsh'
[2.885s] Level 1:colcon.colcon_core.environment:create_file_with_runtime_dependencies(/home/max/github/VisionArm/ROS2/install/annin_ar4_gazebo/share/colcon-core/packages/annin_ar4_gazebo)
[2.885s] DEBUG:colcon.colcon_parallel_executor.executor.parallel:closing loop
[2.886s] DEBUG:colcon.colcon_parallel_executor.executor.parallel:loop closed
[2.886s] DEBUG:colcon.colcon_parallel_executor.executor.parallel:run_until_complete finished with '0'
[2.886s] DEBUG:colcon.colcon_core.event_reactor:joining thread
[2.899s] INFO:colcon.colcon_core.plugin_system:Skipping extension 'colcon_notification.desktop_notification.terminal_notifier': Not used on non-Darwin systems
[2.900s] INFO:colcon.colcon_core.plugin_system:Skipping extension 'colcon_notification.desktop_notification.win32': Not used on non-Windows systems
[2.900s] INFO:colcon.colcon_notification.desktop_notification:Sending desktop notification using 'notify2'
[2.973s] DEBUG:colcon.colcon_core.event_reactor:joined thread
[2.974s] INFO:colcon.colcon_core.shell:Creating prefix script '/home/max/github/VisionArm/ROS2/install/local_setup.ps1'
[2.975s] INFO:colcon.colcon_core.shell:Creating prefix util module '/home/max/github/VisionArm/ROS2/install/_local_setup_util_ps1.py'
[2.977s] INFO:colcon.colcon_core.shell:Creating prefix chain script '/home/max/github/VisionArm/ROS2/install/setup.ps1'
[2.978s] INFO:colcon.colcon_core.shell:Creating prefix script '/home/max/github/VisionArm/ROS2/install/local_setup.sh'
[2.979s] INFO:colcon.colcon_core.shell:Creating prefix util module '/home/max/github/VisionArm/ROS2/install/_local_setup_util_sh.py'
[2.980s] INFO:colcon.colcon_core.shell:Creating prefix chain script '/home/max/github/VisionArm/ROS2/install/setup.sh'
[2.982s] INFO:colcon.colcon_core.shell:Creating prefix script '/home/max/github/VisionArm/ROS2/install/local_setup.bash'
[2.983s] INFO:colcon.colcon_core.shell:Creating prefix chain script '/home/max/github/VisionArm/ROS2/install/setup.bash'
[2.987s] INFO:colcon.colcon_core.shell:Creating prefix script '/home/max/github/VisionArm/ROS2/install/local_setup.zsh'
[2.988s] INFO:colcon.colcon_core.shell:Creating prefix chain script '/home/max/github/VisionArm/ROS2/install/setup.zsh'
