[0.016s] Invoking command in '/home/max/github/VisionArm/ROS2/build/annin_ar4_moveit_config': CMAKE_PREFIX_PATH=/home/max/github/VisionArm/ROS2/install/annin_ar4_description:/home/max/github/VisionArm/ROS2/install/annin_ar4_moveit_config:/home/max/github/VisionArm/ROS2/install/annin_ar4_gazebo:/home/max/github/VisionArm/ROS2/install/annin_ar4_driver:/opt/ros/jazzy/opt/gz_sim_vendor:/opt/ros/jazzy/opt/gz_sensors_vendor:/opt/ros/jazzy/opt/gz_physics_vendor:/opt/ros/jazzy/opt/sdformat_vendor:/opt/ros/jazzy/opt/gz_gui_vendor:/opt/ros/jazzy/opt/gz_transport_vendor:/opt/ros/jazzy/opt/gz_rendering_vendor:/opt/ros/jazzy/opt/gz_plugin_vendor:/opt/ros/jazzy/opt/gz_fuel_tools_vendor:/opt/ros/jazzy/opt/gz_msgs_vendor:/opt/ros/jazzy/opt/gz_common_vendor:/opt/ros/jazzy/opt/gz_math_vendor:/opt/ros/jazzy/opt/gz_utils_vendor:/opt/ros/jazzy/opt/gz_tools_vendor:/opt/ros/jazzy/opt/gz_ogre_next_vendor:/opt/ros/jazzy/opt/gz_dartsim_vendor:/opt/ros/jazzy/opt/gz_cmake_vendor:/opt/ros/jazzy DEBUGINFOD_URLS=https://debuginfod.ubuntu.com /usr/bin/cmake --build /home/max/github/VisionArm/ROS2/build/annin_ar4_moveit_config -- -j4 -l4
[0.041s] -- Found ament_cmake: 2.5.4 (/opt/ros/jazzy/share/ament_cmake/cmake)
[0.215s] -- Override CMake install command with custom implementation using symlinks instead of copying resources
[0.303s] -- Configuring done (0.3s)
[0.310s] -- Generating done (0.0s)
[0.312s] -- Build files have been written to: /home/max/github/VisionArm/ROS2/build/annin_ar4_moveit_config
[0.334s] Invoked command in '/home/max/github/VisionArm/ROS2/build/annin_ar4_moveit_config' returned '0': CMAKE_PREFIX_PATH=/home/max/github/VisionArm/ROS2/install/annin_ar4_description:/home/max/github/VisionArm/ROS2/install/annin_ar4_moveit_config:/home/max/github/VisionArm/ROS2/install/annin_ar4_gazebo:/home/max/github/VisionArm/ROS2/install/annin_ar4_driver:/opt/ros/jazzy/opt/gz_sim_vendor:/opt/ros/jazzy/opt/gz_sensors_vendor:/opt/ros/jazzy/opt/gz_physics_vendor:/opt/ros/jazzy/opt/sdformat_vendor:/opt/ros/jazzy/opt/gz_gui_vendor:/opt/ros/jazzy/opt/gz_transport_vendor:/opt/ros/jazzy/opt/gz_rendering_vendor:/opt/ros/jazzy/opt/gz_plugin_vendor:/opt/ros/jazzy/opt/gz_fuel_tools_vendor:/opt/ros/jazzy/opt/gz_msgs_vendor:/opt/ros/jazzy/opt/gz_common_vendor:/opt/ros/jazzy/opt/gz_math_vendor:/opt/ros/jazzy/opt/gz_utils_vendor:/opt/ros/jazzy/opt/gz_tools_vendor:/opt/ros/jazzy/opt/gz_ogre_next_vendor:/opt/ros/jazzy/opt/gz_dartsim_vendor:/opt/ros/jazzy/opt/gz_cmake_vendor:/opt/ros/jazzy DEBUGINFOD_URLS=https://debuginfod.ubuntu.com /usr/bin/cmake --build /home/max/github/VisionArm/ROS2/build/annin_ar4_moveit_config -- -j4 -l4
[0.336s] Invoking command in '/home/max/github/VisionArm/ROS2/build/annin_ar4_moveit_config': CMAKE_PREFIX_PATH=/home/max/github/VisionArm/ROS2/install/annin_ar4_description:/home/max/github/VisionArm/ROS2/install/annin_ar4_moveit_config:/home/max/github/VisionArm/ROS2/install/annin_ar4_gazebo:/home/max/github/VisionArm/ROS2/install/annin_ar4_driver:/opt/ros/jazzy/opt/gz_sim_vendor:/opt/ros/jazzy/opt/gz_sensors_vendor:/opt/ros/jazzy/opt/gz_physics_vendor:/opt/ros/jazzy/opt/sdformat_vendor:/opt/ros/jazzy/opt/gz_gui_vendor:/opt/ros/jazzy/opt/gz_transport_vendor:/opt/ros/jazzy/opt/gz_rendering_vendor:/opt/ros/jazzy/opt/gz_plugin_vendor:/opt/ros/jazzy/opt/gz_fuel_tools_vendor:/opt/ros/jazzy/opt/gz_msgs_vendor:/opt/ros/jazzy/opt/gz_common_vendor:/opt/ros/jazzy/opt/gz_math_vendor:/opt/ros/jazzy/opt/gz_utils_vendor:/opt/ros/jazzy/opt/gz_tools_vendor:/opt/ros/jazzy/opt/gz_ogre_next_vendor:/opt/ros/jazzy/opt/gz_dartsim_vendor:/opt/ros/jazzy/opt/gz_cmake_vendor:/opt/ros/jazzy DEBUGINFOD_URLS=https://debuginfod.ubuntu.com /usr/bin/cmake --install /home/max/github/VisionArm/ROS2/build/annin_ar4_moveit_config
[0.345s] -- Install configuration: ""
[0.345s] -- Execute custom install script
[0.346s] -- Up-to-date symlink: /home/max/github/VisionArm/ROS2/install/annin_ar4_moveit_config/share/annin_ar4_moveit_config/config/controllers.yaml
[0.346s] -- Up-to-date symlink: /home/max/github/VisionArm/ROS2/install/annin_ar4_moveit_config/share/annin_ar4_moveit_config/config/joint_limits.yaml
[0.347s] -- Up-to-date symlink: /home/max/github/VisionArm/ROS2/install/annin_ar4_moveit_config/share/annin_ar4_moveit_config/config/kinematics.yaml
[0.347s] -- Up-to-date symlink: /home/max/github/VisionArm/ROS2/install/annin_ar4_moveit_config/share/annin_ar4_moveit_config/config/moveit_servo.yaml
[0.348s] -- Up-to-date symlink: /home/max/github/VisionArm/ROS2/install/annin_ar4_moveit_config/share/annin_ar4_moveit_config/config/ompl_planning.yaml
[0.349s] -- Up-to-date symlink: /home/max/github/VisionArm/ROS2/install/annin_ar4_moveit_config/share/annin_ar4_moveit_config/config/pilz_planning.yaml
[0.349s] -- Up-to-date symlink: /home/max/github/VisionArm/ROS2/install/annin_ar4_moveit_config/share/annin_ar4_moveit_config/launch/demo.launch.py
[0.350s] -- Up-to-date symlink: /home/max/github/VisionArm/ROS2/install/annin_ar4_moveit_config/share/annin_ar4_moveit_config/launch/moveit.launch.py
[0.351s] -- Up-to-date symlink: /home/max/github/VisionArm/ROS2/install/annin_ar4_moveit_config/share/annin_ar4_moveit_config/rviz/moveit.rviz
[0.351s] -- Up-to-date symlink: /home/max/github/VisionArm/ROS2/install/annin_ar4_moveit_config/share/annin_ar4_moveit_config/rviz/moveit_with_camera.rviz
[0.352s] -- Up-to-date symlink: /home/max/github/VisionArm/ROS2/install/annin_ar4_moveit_config/share/annin_ar4_moveit_config/srdf/ar.srdf.xacro
[0.353s] -- Up-to-date symlink: /home/max/github/VisionArm/ROS2/install/annin_ar4_moveit_config/share/annin_ar4_moveit_config/srdf/ar_gripper_macro.srdf.xacro
[0.353s] -- Up-to-date symlink: /home/max/github/VisionArm/ROS2/install/annin_ar4_moveit_config/share/annin_ar4_moveit_config/srdf/ar_macro.srdf.xacro
[0.354s] -- Up-to-date symlink: /home/max/github/VisionArm/ROS2/install/annin_ar4_moveit_config/share/annin_ar4_moveit_config/urdf/fake_ar.urdf.xacro
[0.354s] -- Up-to-date symlink: /home/max/github/VisionArm/ROS2/install/annin_ar4_moveit_config/share/ament_index/resource_index/package_run_dependencies/annin_ar4_moveit_config
[0.355s] -- Up-to-date symlink: /home/max/github/VisionArm/ROS2/install/annin_ar4_moveit_config/share/ament_index/resource_index/parent_prefix_path/annin_ar4_moveit_config
[0.355s] -- Up-to-date symlink: /home/max/github/VisionArm/ROS2/install/annin_ar4_moveit_config/share/annin_ar4_moveit_config/environment/ament_prefix_path.sh
[0.356s] -- Up-to-date symlink: /home/max/github/VisionArm/ROS2/install/annin_ar4_moveit_config/share/annin_ar4_moveit_config/environment/ament_prefix_path.dsv
[0.356s] -- Up-to-date symlink: /home/max/github/VisionArm/ROS2/install/annin_ar4_moveit_config/share/annin_ar4_moveit_config/environment/path.sh
[0.356s] -- Up-to-date symlink: /home/max/github/VisionArm/ROS2/install/annin_ar4_moveit_config/share/annin_ar4_moveit_config/environment/path.dsv
[0.357s] -- Up-to-date symlink: /home/max/github/VisionArm/ROS2/install/annin_ar4_moveit_config/share/annin_ar4_moveit_config/local_setup.bash
[0.357s] -- Up-to-date symlink: /home/max/github/VisionArm/ROS2/install/annin_ar4_moveit_config/share/annin_ar4_moveit_config/local_setup.sh
[0.358s] -- Up-to-date symlink: /home/max/github/VisionArm/ROS2/install/annin_ar4_moveit_config/share/annin_ar4_moveit_config/local_setup.zsh
[0.358s] -- Up-to-date symlink: /home/max/github/VisionArm/ROS2/install/annin_ar4_moveit_config/share/annin_ar4_moveit_config/local_setup.dsv
[0.358s] -- Symlinking: /home/max/github/VisionArm/ROS2/install/annin_ar4_moveit_config/share/annin_ar4_moveit_config/package.dsv
[0.372s] -- Up-to-date symlink: /home/max/github/VisionArm/ROS2/install/annin_ar4_moveit_config/share/ament_index/resource_index/packages/annin_ar4_moveit_config
[0.373s] -- Up-to-date symlink: /home/max/github/VisionArm/ROS2/install/annin_ar4_moveit_config/share/annin_ar4_moveit_config/cmake/annin_ar4_moveit_configConfig.cmake
[0.373s] -- Up-to-date symlink: /home/max/github/VisionArm/ROS2/install/annin_ar4_moveit_config/share/annin_ar4_moveit_config/cmake/annin_ar4_moveit_configConfig-version.cmake
[0.374s] -- Up-to-date symlink: /home/max/github/VisionArm/ROS2/install/annin_ar4_moveit_config/share/annin_ar4_moveit_config/package.xml
[0.377s] Invoked command in '/home/max/github/VisionArm/ROS2/build/annin_ar4_moveit_config' returned '0': CMAKE_PREFIX_PATH=/home/max/github/VisionArm/ROS2/install/annin_ar4_description:/home/max/github/VisionArm/ROS2/install/annin_ar4_moveit_config:/home/max/github/VisionArm/ROS2/install/annin_ar4_gazebo:/home/max/github/VisionArm/ROS2/install/annin_ar4_driver:/opt/ros/jazzy/opt/gz_sim_vendor:/opt/ros/jazzy/opt/gz_sensors_vendor:/opt/ros/jazzy/opt/gz_physics_vendor:/opt/ros/jazzy/opt/sdformat_vendor:/opt/ros/jazzy/opt/gz_gui_vendor:/opt/ros/jazzy/opt/gz_transport_vendor:/opt/ros/jazzy/opt/gz_rendering_vendor:/opt/ros/jazzy/opt/gz_plugin_vendor:/opt/ros/jazzy/opt/gz_fuel_tools_vendor:/opt/ros/jazzy/opt/gz_msgs_vendor:/opt/ros/jazzy/opt/gz_common_vendor:/opt/ros/jazzy/opt/gz_math_vendor:/opt/ros/jazzy/opt/gz_utils_vendor:/opt/ros/jazzy/opt/gz_tools_vendor:/opt/ros/jazzy/opt/gz_ogre_next_vendor:/opt/ros/jazzy/opt/gz_dartsim_vendor:/opt/ros/jazzy/opt/gz_cmake_vendor:/opt/ros/jazzy DEBUGINFOD_URLS=https://debuginfod.ubuntu.com /usr/bin/cmake --install /home/max/github/VisionArm/ROS2/build/annin_ar4_moveit_config
