[01m[K/home/max/github/VisionArm/ROS2/ar4_ros_driver/annin_ar4_driver/src/ar_servo_gripper_hw_interface.cpp:[m[K In member function ‘[01m[Kvirtual hardware_interface::CallbackReturn annin_ar4_driver::ARServoGripperHWInterface::[01;32m[Kon_init[m[K(const hardware_interface::HardwareInfo&)[m[K’:
[01m[K/home/max/github/VisionArm/ROS2/ar4_ros_driver/annin_ar4_driver/src/ar_servo_gripper_hw_interface.cpp:13:51:[m[K [01;35m[Kwarning: [m[K‘[01m[Kvirtual rclcpp_lifecycle::node_interfaces::LifecycleNodeInterface::CallbackReturn hardware_interface::HardwareComponentInterface::[01;32m[Kon_init[m[K(const hardware_interface::HardwareInfo&)[m[K’ is deprecated: Use on_init(const HardwareComponentInterfaceParams & params) instead. [[01;35m[K]8;;https://gcc.gnu.org/onlinedocs/gcc/Warning-Options.html#index-Wdeprecated-declarations-Wdeprecated-declarations]8;;[m[K]
   13 |   if ([01;35m[Khardware_interface::SystemInterface::on_init(info)[m[K !=
      |       [01;35m[K~~~~~~~~~~~~~~~~~~~~~~~~~~~~~~~~~~~~~~~~~~~~^~~~~~[m[K
In file included from [01m[K/opt/ros/jazzy/include/hardware_interface/hardware_interface/system_interface.hpp:18[m[K,
                 from [01m[K/home/max/github/VisionArm/ROS2/ar4_ros_driver/annin_ar4_driver/include/annin_ar4_driver/ar_servo_gripper_hw_interface.hpp:7[m[K,
                 from [01m[K/home/max/github/VisionArm/ROS2/ar4_ros_driver/annin_ar4_driver/src/ar_servo_gripper_hw_interface.cpp:2[m[K:
[01m[K/opt/ros/jazzy/include/hardware_interface/hardware_interface/hardware_component_interface.hpp:235:26:[m[K [01;36m[Knote: [m[Kdeclared here
  235 |   virtual CallbackReturn [01;36m[Kon_init[m[K(const HardwareInfo & hardware_info)
      |                          [01;36m[K^~~~~~~[m[K
[01m[K/home/max/github/VisionArm/ROS2/ar4_ros_driver/annin_ar4_driver/src/ar_hardware_interface.cpp:[m[K In member function ‘[01m[Kvirtual hardware_interface::CallbackReturn annin_ar4_driver::ARHardwareInterface::[01;32m[Kon_init[m[K(const hardware_interface::HardwareInfo&)[m[K’:
[01m[K/home/max/github/VisionArm/ROS2/ar4_ros_driver/annin_ar4_driver/src/ar_hardware_interface.cpp:10:51:[m[K [01;35m[Kwarning: [m[K‘[01m[Kvirtual rclcpp_lifecycle::node_interfaces::LifecycleNodeInterface::CallbackReturn hardware_interface::HardwareComponentInterface::[01;32m[Kon_init[m[K(const hardware_interface::HardwareInfo&)[m[K’ is deprecated: Use on_init(const HardwareComponentInterfaceParams & params) instead. [[01;35m[K]8;;https://gcc.gnu.org/onlinedocs/gcc/Warning-Options.html#index-Wdeprecated-declarations-Wdeprecated-declarations]8;;[m[K]
   10 |   if ([01;35m[Khardware_interface::SystemInterface::on_init(info)[m[K !=
      |       [01;35m[K~~~~~~~~~~~~~~~~~~~~~~~~~~~~~~~~~~~~~~~~~~~~^~~~~~[m[K
In file included from [01m[K/opt/ros/jazzy/include/hardware_interface/hardware_interface/system_interface.hpp:18[m[K,
                 from [01m[K/home/max/github/VisionArm/ROS2/ar4_ros_driver/annin_ar4_driver/include/annin_ar4_driver/ar_hardware_interface.hpp:5[m[K,
                 from [01m[K/home/max/github/VisionArm/ROS2/ar4_ros_driver/annin_ar4_driver/src/ar_hardware_interface.cpp:1[m[K:
[01m[K/opt/ros/jazzy/include/hardware_interface/hardware_interface/hardware_component_interface.hpp:235:26:[m[K [01;36m[Knote: [m[Kdeclared here
  235 |   virtual CallbackReturn [01;36m[Kon_init[m[K(const HardwareInfo & hardware_info)
      |                          [01;36m[K^~~~~~~[m[K
