[0.276s] DEBUG:colcon:Command line arguments: ['/usr/bin/colcon', 'build', '--packages-select', 'cpp_test']
[0.276s] DEBUG:colcon:Parsed command line arguments: Namespace(log_base=None, log_level=None, verb_name='build', build_base='build', install_base='install', merge_install=False, symlink_install=False, test_result_base=None, continue_on_error=False, executor='parallel', parallel_workers=4, event_handlers=None, ignore_user_meta=False, metas=['./colcon.meta'], base_paths=['.'], packages_ignore=None, packages_ignore_regex=None, paths=None, packages_up_to=None, packages_up_to_regex=None, packages_above=None, packages_above_and_dependencies=None, packages_above_depth=None, packages_select_by_dep=None, packages_skip_by_dep=None, packages_skip_up_to=None, packages_select_build_failed=False, packages_skip_build_finished=False, packages_select_test_failures=False, packages_skip_test_passed=False, packages_select=['cpp_test'], packages_skip=None, packages_select_regex=None, packages_skip_regex=None, packages_start=None, packages_end=None, allow_overriding=[], cmake_args=None, cmake_target=None, cmake_target_skip_unavailable=False, cmake_clean_cache=False, cmake_clean_first=False, cmake_force_configure=False, ament_cmake_args=None, catkin_cmake_args=None, catkin_skip_building_tests=False, verb_parser=<colcon_defaults.argument_parser.defaults.DefaultArgumentsDecorator object at 0x73b51ac85d90>, verb_extension=<colcon_core.verb.build.BuildVerb object at 0x73b51ac85ac0>, main=<bound method BuildVerb.main of <colcon_core.verb.build.BuildVerb object at 0x73b51ac85ac0>>)
[0.378s] Level 1:colcon.colcon_core.package_discovery:discover_packages(colcon_meta) check parameters
[0.378s] Level 1:colcon.colcon_core.package_discovery:discover_packages(recursive) check parameters
[0.378s] Level 1:colcon.colcon_core.package_discovery:discover_packages(ignore) check parameters
[0.378s] Level 1:colcon.colcon_core.package_discovery:discover_packages(path) check parameters
[0.378s] Level 1:colcon.colcon_core.package_discovery:discover_packages(colcon_meta) discover
[0.378s] Level 1:colcon.colcon_core.package_discovery:discover_packages(recursive) discover
[0.378s] INFO:colcon.colcon_core.package_discovery:Crawling recursively for packages in '/home/max/github/VisionArm/ROS2'
[0.378s] Level 1:colcon.colcon_core.package_identification:_identify(.) by extensions ['ignore', 'ignore_ament_install']
[0.378s] Level 1:colcon.colcon_core.package_identification:_identify(.) by extension 'ignore'
[0.378s] Level 1:colcon.colcon_core.package_identification:_identify(.) by extension 'ignore_ament_install'
[0.378s] Level 1:colcon.colcon_core.package_identification:_identify(.) by extensions ['colcon_pkg']
[0.378s] Level 1:colcon.colcon_core.package_identification:_identify(.) by extension 'colcon_pkg'
[0.378s] Level 1:colcon.colcon_core.package_identification:_identify(.) by extensions ['colcon_meta']
[0.378s] Level 1:colcon.colcon_core.package_identification:_identify(.) by extension 'colcon_meta'
[0.378s] Level 1:colcon.colcon_core.package_identification:_identify(.) by extensions ['ros']
[0.378s] Level 1:colcon.colcon_core.package_identification:_identify(.) by extension 'ros'
[0.405s] Level 1:colcon.colcon_core.package_identification:_identify(.) by extensions ['cmake', 'python']
[0.405s] Level 1:colcon.colcon_core.package_identification:_identify(.) by extension 'cmake'
[0.405s] Level 1:colcon.colcon_core.package_identification:_identify(.) by extension 'python'
[0.405s] Level 1:colcon.colcon_core.package_identification:_identify(.) by extensions ['python_setup_py']
[0.405s] Level 1:colcon.colcon_core.package_identification:_identify(.) by extension 'python_setup_py'
[0.406s] Level 1:colcon.colcon_core.package_identification:_identify(ar4_ros_driver) by extensions ['ignore', 'ignore_ament_install']
[0.406s] Level 1:colcon.colcon_core.package_identification:_identify(ar4_ros_driver) by extension 'ignore'
[0.406s] Level 1:colcon.colcon_core.package_identification:_identify(ar4_ros_driver) by extension 'ignore_ament_install'
[0.406s] Level 1:colcon.colcon_core.package_identification:_identify(ar4_ros_driver) by extensions ['colcon_pkg']
[0.406s] Level 1:colcon.colcon_core.package_identification:_identify(ar4_ros_driver) by extension 'colcon_pkg'
[0.406s] Level 1:colcon.colcon_core.package_identification:_identify(ar4_ros_driver) by extensions ['colcon_meta']
[0.406s] Level 1:colcon.colcon_core.package_identification:_identify(ar4_ros_driver) by extension 'colcon_meta'
[0.406s] Level 1:colcon.colcon_core.package_identification:_identify(ar4_ros_driver) by extensions ['ros']
[0.406s] Level 1:colcon.colcon_core.package_identification:_identify(ar4_ros_driver) by extension 'ros'
[0.406s] Level 1:colcon.colcon_core.package_identification:_identify(ar4_ros_driver) by extensions ['cmake', 'python']
[0.406s] Level 1:colcon.colcon_core.package_identification:_identify(ar4_ros_driver) by extension 'cmake'
[0.406s] Level 1:colcon.colcon_core.package_identification:_identify(ar4_ros_driver) by extension 'python'
[0.406s] Level 1:colcon.colcon_core.package_identification:_identify(ar4_ros_driver) by extensions ['python_setup_py']
[0.406s] Level 1:colcon.colcon_core.package_identification:_identify(ar4_ros_driver) by extension 'python_setup_py'
[0.406s] Level 1:colcon.colcon_core.package_identification:_identify(ar4_ros_driver/annin_ar4_description) by extensions ['ignore', 'ignore_ament_install']
[0.406s] Level 1:colcon.colcon_core.package_identification:_identify(ar4_ros_driver/annin_ar4_description) by extension 'ignore'
[0.406s] Level 1:colcon.colcon_core.package_identification:_identify(ar4_ros_driver/annin_ar4_description) by extension 'ignore_ament_install'
[0.406s] Level 1:colcon.colcon_core.package_identification:_identify(ar4_ros_driver/annin_ar4_description) by extensions ['colcon_pkg']
[0.406s] Level 1:colcon.colcon_core.package_identification:_identify(ar4_ros_driver/annin_ar4_description) by extension 'colcon_pkg'
[0.406s] Level 1:colcon.colcon_core.package_identification:_identify(ar4_ros_driver/annin_ar4_description) by extensions ['colcon_meta']
[0.406s] Level 1:colcon.colcon_core.package_identification:_identify(ar4_ros_driver/annin_ar4_description) by extension 'colcon_meta'
[0.406s] Level 1:colcon.colcon_core.package_identification:_identify(ar4_ros_driver/annin_ar4_description) by extensions ['ros']
[0.406s] Level 1:colcon.colcon_core.package_identification:_identify(ar4_ros_driver/annin_ar4_description) by extension 'ros'
[0.409s] DEBUG:colcon.colcon_core.package_identification:Package 'ar4_ros_driver/annin_ar4_description' with type 'ros.ament_cmake' and name 'annin_ar4_description'
[0.409s] Level 1:colcon.colcon_core.package_identification:_identify(ar4_ros_driver/annin_ar4_driver) by extensions ['ignore', 'ignore_ament_install']
[0.409s] Level 1:colcon.colcon_core.package_identification:_identify(ar4_ros_driver/annin_ar4_driver) by extension 'ignore'
[0.410s] Level 1:colcon.colcon_core.package_identification:_identify(ar4_ros_driver/annin_ar4_driver) by extension 'ignore_ament_install'
[0.410s] Level 1:colcon.colcon_core.package_identification:_identify(ar4_ros_driver/annin_ar4_driver) by extensions ['colcon_pkg']
[0.410s] Level 1:colcon.colcon_core.package_identification:_identify(ar4_ros_driver/annin_ar4_driver) by extension 'colcon_pkg'
[0.410s] Level 1:colcon.colcon_core.package_identification:_identify(ar4_ros_driver/annin_ar4_driver) by extensions ['colcon_meta']
[0.410s] Level 1:colcon.colcon_core.package_identification:_identify(ar4_ros_driver/annin_ar4_driver) by extension 'colcon_meta'
[0.410s] Level 1:colcon.colcon_core.package_identification:_identify(ar4_ros_driver/annin_ar4_driver) by extensions ['ros']
[0.410s] Level 1:colcon.colcon_core.package_identification:_identify(ar4_ros_driver/annin_ar4_driver) by extension 'ros'
[0.411s] DEBUG:colcon.colcon_core.package_identification:Package 'ar4_ros_driver/annin_ar4_driver' with type 'ros.ament_cmake' and name 'annin_ar4_driver'
[0.411s] Level 1:colcon.colcon_core.package_identification:_identify(ar4_ros_driver/annin_ar4_firmware) by extensions ['ignore', 'ignore_ament_install']
[0.411s] Level 1:colcon.colcon_core.package_identification:_identify(ar4_ros_driver/annin_ar4_firmware) by extension 'ignore'
[0.411s] Level 1:colcon.colcon_core.package_identification:_identify(ar4_ros_driver/annin_ar4_firmware) by extension 'ignore_ament_install'
[0.411s] Level 1:colcon.colcon_core.package_identification:_identify(ar4_ros_driver/annin_ar4_firmware) by extensions ['colcon_pkg']
[0.411s] Level 1:colcon.colcon_core.package_identification:_identify(ar4_ros_driver/annin_ar4_firmware) by extension 'colcon_pkg'
[0.412s] Level 1:colcon.colcon_core.package_identification:_identify(ar4_ros_driver/annin_ar4_firmware) by extensions ['colcon_meta']
[0.412s] Level 1:colcon.colcon_core.package_identification:_identify(ar4_ros_driver/annin_ar4_firmware) by extension 'colcon_meta'
[0.412s] Level 1:colcon.colcon_core.package_identification:_identify(ar4_ros_driver/annin_ar4_firmware) by extensions ['ros']
[0.412s] Level 1:colcon.colcon_core.package_identification:_identify(ar4_ros_driver/annin_ar4_firmware) by extension 'ros'
[0.412s] Level 1:colcon.colcon_core.package_identification:_identify(ar4_ros_driver/annin_ar4_firmware) by extensions ['cmake', 'python']
[0.412s] Level 1:colcon.colcon_core.package_identification:_identify(ar4_ros_driver/annin_ar4_firmware) by extension 'cmake'
[0.412s] Level 1:colcon.colcon_core.package_identification:_identify(ar4_ros_driver/annin_ar4_firmware) by extension 'python'
[0.412s] Level 1:colcon.colcon_core.package_identification:_identify(ar4_ros_driver/annin_ar4_firmware) by extensions ['python_setup_py']
[0.412s] Level 1:colcon.colcon_core.package_identification:_identify(ar4_ros_driver/annin_ar4_firmware) by extension 'python_setup_py'
[0.412s] Level 1:colcon.colcon_core.package_identification:_identify(ar4_ros_driver/annin_ar4_firmware/AR4_nano) by extensions ['ignore', 'ignore_ament_install']
[0.412s] Level 1:colcon.colcon_core.package_identification:_identify(ar4_ros_driver/annin_ar4_firmware/AR4_nano) by extension 'ignore'
[0.412s] Level 1:colcon.colcon_core.package_identification:_identify(ar4_ros_driver/annin_ar4_firmware/AR4_nano) by extension 'ignore_ament_install'
[0.412s] Level 1:colcon.colcon_core.package_identification:_identify(ar4_ros_driver/annin_ar4_firmware/AR4_nano) by extensions ['colcon_pkg']
[0.412s] Level 1:colcon.colcon_core.package_identification:_identify(ar4_ros_driver/annin_ar4_firmware/AR4_nano) by extension 'colcon_pkg'
[0.412s] Level 1:colcon.colcon_core.package_identification:_identify(ar4_ros_driver/annin_ar4_firmware/AR4_nano) by extensions ['colcon_meta']
[0.412s] Level 1:colcon.colcon_core.package_identification:_identify(ar4_ros_driver/annin_ar4_firmware/AR4_nano) by extension 'colcon_meta'
[0.412s] Level 1:colcon.colcon_core.package_identification:_identify(ar4_ros_driver/annin_ar4_firmware/AR4_nano) by extensions ['ros']
[0.412s] Level 1:colcon.colcon_core.package_identification:_identify(ar4_ros_driver/annin_ar4_firmware/AR4_nano) by extension 'ros'
[0.412s] Level 1:colcon.colcon_core.package_identification:_identify(ar4_ros_driver/annin_ar4_firmware/AR4_nano) by extensions ['cmake', 'python']
[0.412s] Level 1:colcon.colcon_core.package_identification:_identify(ar4_ros_driver/annin_ar4_firmware/AR4_nano) by extension 'cmake'
[0.412s] Level 1:colcon.colcon_core.package_identification:_identify(ar4_ros_driver/annin_ar4_firmware/AR4_nano) by extension 'python'
[0.412s] Level 1:colcon.colcon_core.package_identification:_identify(ar4_ros_driver/annin_ar4_firmware/AR4_nano) by extensions ['python_setup_py']
[0.412s] Level 1:colcon.colcon_core.package_identification:_identify(ar4_ros_driver/annin_ar4_firmware/AR4_nano) by extension 'python_setup_py'
[0.412s] Level 1:colcon.colcon_core.package_identification:_identify(ar4_ros_driver/annin_ar4_firmware/AR4_teensy) by extensions ['ignore', 'ignore_ament_install']
[0.413s] Level 1:colcon.colcon_core.package_identification:_identify(ar4_ros_driver/annin_ar4_firmware/AR4_teensy) by extension 'ignore'
[0.413s] Level 1:colcon.colcon_core.package_identification:_identify(ar4_ros_driver/annin_ar4_firmware/AR4_teensy) by extension 'ignore_ament_install'
[0.413s] Level 1:colcon.colcon_core.package_identification:_identify(ar4_ros_driver/annin_ar4_firmware/AR4_teensy) by extensions ['colcon_pkg']
[0.413s] Level 1:colcon.colcon_core.package_identification:_identify(ar4_ros_driver/annin_ar4_firmware/AR4_teensy) by extension 'colcon_pkg'
[0.413s] Level 1:colcon.colcon_core.package_identification:_identify(ar4_ros_driver/annin_ar4_firmware/AR4_teensy) by extensions ['colcon_meta']
[0.413s] Level 1:colcon.colcon_core.package_identification:_identify(ar4_ros_driver/annin_ar4_firmware/AR4_teensy) by extension 'colcon_meta'
[0.413s] Level 1:colcon.colcon_core.package_identification:_identify(ar4_ros_driver/annin_ar4_firmware/AR4_teensy) by extensions ['ros']
[0.413s] Level 1:colcon.colcon_core.package_identification:_identify(ar4_ros_driver/annin_ar4_firmware/AR4_teensy) by extension 'ros'
[0.413s] Level 1:colcon.colcon_core.package_identification:_identify(ar4_ros_driver/annin_ar4_firmware/AR4_teensy) by extensions ['cmake', 'python']
[0.413s] Level 1:colcon.colcon_core.package_identification:_identify(ar4_ros_driver/annin_ar4_firmware/AR4_teensy) by extension 'cmake'
[0.413s] Level 1:colcon.colcon_core.package_identification:_identify(ar4_ros_driver/annin_ar4_firmware/AR4_teensy) by extension 'python'
[0.413s] Level 1:colcon.colcon_core.package_identification:_identify(ar4_ros_driver/annin_ar4_firmware/AR4_teensy) by extensions ['python_setup_py']
[0.413s] Level 1:colcon.colcon_core.package_identification:_identify(ar4_ros_driver/annin_ar4_firmware/AR4_teensy) by extension 'python_setup_py'
[0.413s] Level 1:colcon.colcon_core.package_identification:_identify(ar4_ros_driver/annin_ar4_gazebo) by extensions ['ignore', 'ignore_ament_install']
[0.413s] Level 1:colcon.colcon_core.package_identification:_identify(ar4_ros_driver/annin_ar4_gazebo) by extension 'ignore'
[0.413s] Level 1:colcon.colcon_core.package_identification:_identify(ar4_ros_driver/annin_ar4_gazebo) by extension 'ignore_ament_install'
[0.413s] Level 1:colcon.colcon_core.package_identification:_identify(ar4_ros_driver/annin_ar4_gazebo) by extensions ['colcon_pkg']
[0.413s] Level 1:colcon.colcon_core.package_identification:_identify(ar4_ros_driver/annin_ar4_gazebo) by extension 'colcon_pkg'
[0.413s] Level 1:colcon.colcon_core.package_identification:_identify(ar4_ros_driver/annin_ar4_gazebo) by extensions ['colcon_meta']
[0.413s] Level 1:colcon.colcon_core.package_identification:_identify(ar4_ros_driver/annin_ar4_gazebo) by extension 'colcon_meta'
[0.413s] Level 1:colcon.colcon_core.package_identification:_identify(ar4_ros_driver/annin_ar4_gazebo) by extensions ['ros']
[0.413s] Level 1:colcon.colcon_core.package_identification:_identify(ar4_ros_driver/annin_ar4_gazebo) by extension 'ros'
[0.414s] DEBUG:colcon.colcon_core.package_identification:Package 'ar4_ros_driver/annin_ar4_gazebo' with type 'ros.ament_cmake' and name 'annin_ar4_gazebo'
[0.414s] Level 1:colcon.colcon_core.package_identification:_identify(ar4_ros_driver/annin_ar4_moveit_config) by extensions ['ignore', 'ignore_ament_install']
[0.414s] Level 1:colcon.colcon_core.package_identification:_identify(ar4_ros_driver/annin_ar4_moveit_config) by extension 'ignore'
[0.414s] Level 1:colcon.colcon_core.package_identification:_identify(ar4_ros_driver/annin_ar4_moveit_config) by extension 'ignore_ament_install'
[0.414s] Level 1:colcon.colcon_core.package_identification:_identify(ar4_ros_driver/annin_ar4_moveit_config) by extensions ['colcon_pkg']
[0.414s] Level 1:colcon.colcon_core.package_identification:_identify(ar4_ros_driver/annin_ar4_moveit_config) by extension 'colcon_pkg'
[0.414s] Level 1:colcon.colcon_core.package_identification:_identify(ar4_ros_driver/annin_ar4_moveit_config) by extensions ['colcon_meta']
[0.415s] Level 1:colcon.colcon_core.package_identification:_identify(ar4_ros_driver/annin_ar4_moveit_config) by extension 'colcon_meta'
[0.415s] Level 1:colcon.colcon_core.package_identification:_identify(ar4_ros_driver/annin_ar4_moveit_config) by extensions ['ros']
[0.415s] Level 1:colcon.colcon_core.package_identification:_identify(ar4_ros_driver/annin_ar4_moveit_config) by extension 'ros'
[0.415s] DEBUG:colcon.colcon_core.package_identification:Package 'ar4_ros_driver/annin_ar4_moveit_config' with type 'ros.ament_cmake' and name 'annin_ar4_moveit_config'
[0.416s] Level 1:colcon.colcon_core.package_identification:_identify(ar4_ros_driver/docs) by extensions ['ignore', 'ignore_ament_install']
[0.416s] Level 1:colcon.colcon_core.package_identification:_identify(ar4_ros_driver/docs) by extension 'ignore'
[0.416s] Level 1:colcon.colcon_core.package_identification:_identify(ar4_ros_driver/docs) by extension 'ignore_ament_install'
[0.416s] Level 1:colcon.colcon_core.package_identification:_identify(ar4_ros_driver/docs) by extensions ['colcon_pkg']
[0.416s] Level 1:colcon.colcon_core.package_identification:_identify(ar4_ros_driver/docs) by extension 'colcon_pkg'
[0.416s] Level 1:colcon.colcon_core.package_identification:_identify(ar4_ros_driver/docs) by extensions ['colcon_meta']
[0.416s] Level 1:colcon.colcon_core.package_identification:_identify(ar4_ros_driver/docs) by extension 'colcon_meta'
[0.416s] Level 1:colcon.colcon_core.package_identification:_identify(ar4_ros_driver/docs) by extensions ['ros']
[0.416s] Level 1:colcon.colcon_core.package_identification:_identify(ar4_ros_driver/docs) by extension 'ros'
[0.416s] Level 1:colcon.colcon_core.package_identification:_identify(ar4_ros_driver/docs) by extensions ['cmake', 'python']
[0.416s] Level 1:colcon.colcon_core.package_identification:_identify(ar4_ros_driver/docs) by extension 'cmake'
[0.416s] Level 1:colcon.colcon_core.package_identification:_identify(ar4_ros_driver/docs) by extension 'python'
[0.416s] Level 1:colcon.colcon_core.package_identification:_identify(ar4_ros_driver/docs) by extensions ['python_setup_py']
[0.416s] Level 1:colcon.colcon_core.package_identification:_identify(ar4_ros_driver/docs) by extension 'python_setup_py'
[0.416s] Level 1:colcon.colcon_core.package_identification:_identify(build) by extensions ['ignore', 'ignore_ament_install']
[0.416s] Level 1:colcon.colcon_core.package_identification:_identify(build) by extension 'ignore'
[0.416s] Level 1:colcon.colcon_core.package_identification:_identify(build) ignored
[0.416s] Level 1:colcon.colcon_core.package_identification:_identify(install) by extensions ['ignore', 'ignore_ament_install']
[0.416s] Level 1:colcon.colcon_core.package_identification:_identify(install) by extension 'ignore'
[0.416s] Level 1:colcon.colcon_core.package_identification:_identify(install) ignored
[0.416s] Level 1:colcon.colcon_core.package_identification:_identify(log) by extensions ['ignore', 'ignore_ament_install']
[0.416s] Level 1:colcon.colcon_core.package_identification:_identify(log) by extension 'ignore'
[0.416s] Level 1:colcon.colcon_core.package_identification:_identify(log) ignored
[0.416s] Level 1:colcon.colcon_core.package_identification:_identify(src) by extensions ['ignore', 'ignore_ament_install']
[0.416s] Level 1:colcon.colcon_core.package_identification:_identify(src) by extension 'ignore'
[0.416s] Level 1:colcon.colcon_core.package_identification:_identify(src) by extension 'ignore_ament_install'
[0.417s] Level 1:colcon.colcon_core.package_identification:_identify(src) by extensions ['colcon_pkg']
[0.417s] Level 1:colcon.colcon_core.package_identification:_identify(src) by extension 'colcon_pkg'
[0.417s] Level 1:colcon.colcon_core.package_identification:_identify(src) by extensions ['colcon_meta']
[0.417s] Level 1:colcon.colcon_core.package_identification:_identify(src) by extension 'colcon_meta'
[0.417s] Level 1:colcon.colcon_core.package_identification:_identify(src) by extensions ['ros']
[0.417s] Level 1:colcon.colcon_core.package_identification:_identify(src) by extension 'ros'
[0.417s] Level 1:colcon.colcon_core.package_identification:_identify(src) by extensions ['cmake', 'python']
[0.417s] Level 1:colcon.colcon_core.package_identification:_identify(src) by extension 'cmake'
[0.417s] Level 1:colcon.colcon_core.package_identification:_identify(src) by extension 'python'
[0.417s] Level 1:colcon.colcon_core.package_identification:_identify(src) by extensions ['python_setup_py']
[0.417s] Level 1:colcon.colcon_core.package_identification:_identify(src) by extension 'python_setup_py'
[0.417s] Level 1:colcon.colcon_core.package_identification:_identify(src/cpp_test) by extensions ['ignore', 'ignore_ament_install']
[0.417s] Level 1:colcon.colcon_core.package_identification:_identify(src/cpp_test) by extension 'ignore'
[0.417s] Level 1:colcon.colcon_core.package_identification:_identify(src/cpp_test) by extension 'ignore_ament_install'
[0.418s] Level 1:colcon.colcon_core.package_identification:_identify(src/cpp_test) by extensions ['colcon_pkg']
[0.418s] Level 1:colcon.colcon_core.package_identification:_identify(src/cpp_test) by extension 'colcon_pkg'
[0.418s] Level 1:colcon.colcon_core.package_identification:_identify(src/cpp_test) by extensions ['colcon_meta']
[0.418s] Level 1:colcon.colcon_core.package_identification:_identify(src/cpp_test) by extension 'colcon_meta'
[0.418s] Level 1:colcon.colcon_core.package_identification:_identify(src/cpp_test) by extensions ['ros']
[0.418s] Level 1:colcon.colcon_core.package_identification:_identify(src/cpp_test) by extension 'ros'
[0.418s] DEBUG:colcon.colcon_core.package_identification:Package 'src/cpp_test' with type 'ros.ament_cmake' and name 'cpp_test'
[0.418s] Level 1:colcon.colcon_core.package_discovery:discover_packages(recursive) using defaults
[0.418s] Level 1:colcon.colcon_core.package_discovery:discover_packages(ignore) discover
[0.418s] Level 1:colcon.colcon_core.package_discovery:discover_packages(ignore) using defaults
[0.418s] Level 1:colcon.colcon_core.package_discovery:discover_packages(path) discover
[0.418s] Level 1:colcon.colcon_core.package_discovery:discover_packages(path) using defaults
[0.452s] INFO:colcon.colcon_core.package_selection:Skipping not selected package 'annin_ar4_description' in 'ar4_ros_driver/annin_ar4_description'
[0.452s] INFO:colcon.colcon_core.package_selection:Skipping not selected package 'annin_ar4_driver' in 'ar4_ros_driver/annin_ar4_driver'
[0.452s] INFO:colcon.colcon_core.package_selection:Skipping not selected package 'annin_ar4_moveit_config' in 'ar4_ros_driver/annin_ar4_moveit_config'
[0.452s] INFO:colcon.colcon_core.package_selection:Skipping not selected package 'annin_ar4_gazebo' in 'ar4_ros_driver/annin_ar4_gazebo'
[0.453s] Level 1:colcon.colcon_core.package_discovery:discover_packages(prefix_path) check parameters
[0.453s] Level 1:colcon.colcon_core.package_discovery:discover_packages(prefix_path) discover
[0.460s] DEBUG:colcon.colcon_installed_package_information.package_discovery:Found 404 installed packages in /opt/ros/jazzy
[0.461s] Level 1:colcon.colcon_core.package_discovery:discover_packages(prefix_path) using defaults
[0.573s] Level 5:colcon.colcon_core.verb:set package 'cpp_test' build argument 'cmake_args' from command line to 'None'
[0.573s] Level 5:colcon.colcon_core.verb:set package 'cpp_test' build argument 'cmake_target' from command line to 'None'
[0.573s] Level 5:colcon.colcon_core.verb:set package 'cpp_test' build argument 'cmake_target_skip_unavailable' from command line to 'False'
[0.573s] Level 5:colcon.colcon_core.verb:set package 'cpp_test' build argument 'cmake_clean_cache' from command line to 'False'
[0.573s] Level 5:colcon.colcon_core.verb:set package 'cpp_test' build argument 'cmake_clean_first' from command line to 'False'
[0.573s] Level 5:colcon.colcon_core.verb:set package 'cpp_test' build argument 'cmake_force_configure' from command line to 'False'
[0.573s] Level 5:colcon.colcon_core.verb:set package 'cpp_test' build argument 'ament_cmake_args' from command line to 'None'
[0.573s] Level 5:colcon.colcon_core.verb:set package 'cpp_test' build argument 'catkin_cmake_args' from command line to 'None'
[0.573s] Level 5:colcon.colcon_core.verb:set package 'cpp_test' build argument 'catkin_skip_building_tests' from command line to 'False'
[0.573s] DEBUG:colcon.colcon_core.verb:Building package 'cpp_test' with the following arguments: {'ament_cmake_args': None, 'build_base': '/home/max/github/VisionArm/ROS2/build/cpp_test', 'catkin_cmake_args': None, 'catkin_skip_building_tests': False, 'cmake_args': None, 'cmake_clean_cache': False, 'cmake_clean_first': False, 'cmake_force_configure': False, 'cmake_target': None, 'cmake_target_skip_unavailable': False, 'install_base': '/home/max/github/VisionArm/ROS2/install/cpp_test', 'merge_install': False, 'path': '/home/max/github/VisionArm/ROS2/src/cpp_test', 'symlink_install': False, 'test_result_base': None}
[0.574s] INFO:colcon.colcon_core.executor:Executing jobs using 'parallel' executor
[0.575s] DEBUG:colcon.colcon_parallel_executor.executor.parallel:run_until_complete
[0.575s] INFO:colcon.colcon_ros.task.ament_cmake.build:Building ROS package in '/home/max/github/VisionArm/ROS2/src/cpp_test' with build type 'ament_cmake'
[0.575s] INFO:colcon.colcon_cmake.task.cmake.build:Building CMake package in '/home/max/github/VisionArm/ROS2/src/cpp_test'
[0.588s] INFO:colcon.colcon_core.plugin_system:Skipping extension 'colcon_core.shell.bat': Not used on non-Windows systems
[0.588s] INFO:colcon.colcon_core.shell:Skip shell extension 'powershell' for command environment: Not usable outside of PowerShell
[0.588s] DEBUG:colcon.colcon_core.shell:Skip shell extension 'dsv' for command environment
[0.599s] DEBUG:colcon.colcon_core.event_handler.log_command:Invoking command in '/home/max/github/VisionArm/ROS2/build/cpp_test': CMAKE_PREFIX_PATH=${CMAKE_PREFIX_PATH}:/opt/ros/jazzy DEBUGINFOD_URLS=https://debuginfod.ubuntu.com /usr/bin/cmake /home/max/github/VisionArm/ROS2/src/cpp_test -DCMAKE_INSTALL_PREFIX=/home/max/github/VisionArm/ROS2/install/cpp_test
[2.558s] DEBUG:colcon.colcon_core.event_handler.log_command:Invoked command in '/home/max/github/VisionArm/ROS2/build/cpp_test' returned '0': CMAKE_PREFIX_PATH=${CMAKE_PREFIX_PATH}:/opt/ros/jazzy DEBUGINFOD_URLS=https://debuginfod.ubuntu.com /usr/bin/cmake /home/max/github/VisionArm/ROS2/src/cpp_test -DCMAKE_INSTALL_PREFIX=/home/max/github/VisionArm/ROS2/install/cpp_test
[2.559s] DEBUG:colcon.colcon_core.event_handler.log_command:Invoking command in '/home/max/github/VisionArm/ROS2/build/cpp_test': CMAKE_PREFIX_PATH=${CMAKE_PREFIX_PATH}:/opt/ros/jazzy DEBUGINFOD_URLS=https://debuginfod.ubuntu.com /usr/bin/cmake --build /home/max/github/VisionArm/ROS2/build/cpp_test -- -j4 -l4
[8.721s] DEBUG:colcon.colcon_core.event_handler.log_command:Invoked command in '/home/max/github/VisionArm/ROS2/build/cpp_test' returned '0': CMAKE_PREFIX_PATH=${CMAKE_PREFIX_PATH}:/opt/ros/jazzy DEBUGINFOD_URLS=https://debuginfod.ubuntu.com /usr/bin/cmake --build /home/max/github/VisionArm/ROS2/build/cpp_test -- -j4 -l4
[8.734s] DEBUG:colcon.colcon_core.event_handler.log_command:Invoking command in '/home/max/github/VisionArm/ROS2/build/cpp_test': CMAKE_PREFIX_PATH=${CMAKE_PREFIX_PATH}:/opt/ros/jazzy DEBUGINFOD_URLS=https://debuginfod.ubuntu.com /usr/bin/cmake --install /home/max/github/VisionArm/ROS2/build/cpp_test
[8.746s] Level 1:colcon.colcon_core.environment:create_environment_scripts_only(cpp_test)
[8.747s] DEBUG:colcon.colcon_core.event_handler.log_command:Invoked command in '/home/max/github/VisionArm/ROS2/build/cpp_test' returned '0': CMAKE_PREFIX_PATH=${CMAKE_PREFIX_PATH}:/opt/ros/jazzy DEBUGINFOD_URLS=https://debuginfod.ubuntu.com /usr/bin/cmake --install /home/max/github/VisionArm/ROS2/build/cpp_test
[8.759s] Level 1:colcon.colcon_core.environment:checking '/home/max/github/VisionArm/ROS2/install/cpp_test' for CMake module files
[8.760s] Level 1:colcon.colcon_core.environment:checking '/home/max/github/VisionArm/ROS2/install/cpp_test' for CMake config files
[8.760s] Level 1:colcon.colcon_core.shell:create_environment_hook('cpp_test', 'cmake_prefix_path')
[8.760s] INFO:colcon.colcon_core.shell:Creating environment hook '/home/max/github/VisionArm/ROS2/install/cpp_test/share/cpp_test/hook/cmake_prefix_path.ps1'
[8.762s] INFO:colcon.colcon_core.shell:Creating environment descriptor '/home/max/github/VisionArm/ROS2/install/cpp_test/share/cpp_test/hook/cmake_prefix_path.dsv'
[8.762s] INFO:colcon.colcon_core.shell:Creating environment hook '/home/max/github/VisionArm/ROS2/install/cpp_test/share/cpp_test/hook/cmake_prefix_path.sh'
[8.764s] Level 1:colcon.colcon_core.environment:checking '/home/max/github/VisionArm/ROS2/install/cpp_test/lib'
[8.764s] Level 1:colcon.colcon_core.environment:checking '/home/max/github/VisionArm/ROS2/install/cpp_test/bin'
[8.764s] Level 1:colcon.colcon_core.environment:checking '/home/max/github/VisionArm/ROS2/install/cpp_test/lib/pkgconfig/cpp_test.pc'
[8.764s] Level 1:colcon.colcon_core.environment:checking '/home/max/github/VisionArm/ROS2/install/cpp_test/lib/python3.12/site-packages'
[8.764s] Level 1:colcon.colcon_core.environment:checking '/home/max/github/VisionArm/ROS2/install/cpp_test/bin'
[8.765s] INFO:colcon.colcon_core.shell:Creating package script '/home/max/github/VisionArm/ROS2/install/cpp_test/share/cpp_test/package.ps1'
[8.766s] INFO:colcon.colcon_core.shell:Creating package descriptor '/home/max/github/VisionArm/ROS2/install/cpp_test/share/cpp_test/package.dsv'
[8.767s] INFO:colcon.colcon_core.shell:Creating package script '/home/max/github/VisionArm/ROS2/install/cpp_test/share/cpp_test/package.sh'
[8.768s] INFO:colcon.colcon_core.shell:Creating package script '/home/max/github/VisionArm/ROS2/install/cpp_test/share/cpp_test/package.bash'
[8.769s] INFO:colcon.colcon_core.shell:Creating package script '/home/max/github/VisionArm/ROS2/install/cpp_test/share/cpp_test/package.zsh'
[8.770s] Level 1:colcon.colcon_core.environment:create_file_with_runtime_dependencies(/home/max/github/VisionArm/ROS2/install/cpp_test/share/colcon-core/packages/cpp_test)
[8.771s] Level 1:colcon.colcon_core.environment:create_environment_scripts_only(cpp_test)
[8.771s] Level 1:colcon.colcon_core.environment:checking '/home/max/github/VisionArm/ROS2/install/cpp_test' for CMake module files
[8.771s] Level 1:colcon.colcon_core.environment:checking '/home/max/github/VisionArm/ROS2/install/cpp_test' for CMake config files
[8.772s] Level 1:colcon.colcon_core.shell:create_environment_hook('cpp_test', 'cmake_prefix_path')
[8.772s] INFO:colcon.colcon_core.shell:Creating environment hook '/home/max/github/VisionArm/ROS2/install/cpp_test/share/cpp_test/hook/cmake_prefix_path.ps1'
[8.772s] INFO:colcon.colcon_core.shell:Creating environment descriptor '/home/max/github/VisionArm/ROS2/install/cpp_test/share/cpp_test/hook/cmake_prefix_path.dsv'
[8.772s] INFO:colcon.colcon_core.shell:Creating environment hook '/home/max/github/VisionArm/ROS2/install/cpp_test/share/cpp_test/hook/cmake_prefix_path.sh'
[8.773s] Level 1:colcon.colcon_core.environment:checking '/home/max/github/VisionArm/ROS2/install/cpp_test/lib'
[8.773s] Level 1:colcon.colcon_core.environment:checking '/home/max/github/VisionArm/ROS2/install/cpp_test/bin'
[8.773s] Level 1:colcon.colcon_core.environment:checking '/home/max/github/VisionArm/ROS2/install/cpp_test/lib/pkgconfig/cpp_test.pc'
[8.773s] Level 1:colcon.colcon_core.environment:checking '/home/max/github/VisionArm/ROS2/install/cpp_test/lib/python3.12/site-packages'
[8.773s] Level 1:colcon.colcon_core.environment:checking '/home/max/github/VisionArm/ROS2/install/cpp_test/bin'
[8.774s] INFO:colcon.colcon_core.shell:Creating package script '/home/max/github/VisionArm/ROS2/install/cpp_test/share/cpp_test/package.ps1'
[8.774s] INFO:colcon.colcon_core.shell:Creating package descriptor '/home/max/github/VisionArm/ROS2/install/cpp_test/share/cpp_test/package.dsv'
[8.775s] INFO:colcon.colcon_core.shell:Creating package script '/home/max/github/VisionArm/ROS2/install/cpp_test/share/cpp_test/package.sh'
[8.775s] INFO:colcon.colcon_core.shell:Creating package script '/home/max/github/VisionArm/ROS2/install/cpp_test/share/cpp_test/package.bash'
[8.775s] INFO:colcon.colcon_core.shell:Creating package script '/home/max/github/VisionArm/ROS2/install/cpp_test/share/cpp_test/package.zsh'
[8.776s] Level 1:colcon.colcon_core.environment:create_file_with_runtime_dependencies(/home/max/github/VisionArm/ROS2/install/cpp_test/share/colcon-core/packages/cpp_test)
[8.776s] DEBUG:colcon.colcon_parallel_executor.executor.parallel:closing loop
[8.776s] DEBUG:colcon.colcon_parallel_executor.executor.parallel:loop closed
[8.777s] DEBUG:colcon.colcon_parallel_executor.executor.parallel:run_until_complete finished with '0'
[8.777s] DEBUG:colcon.colcon_core.event_reactor:joining thread
[8.792s] INFO:colcon.colcon_core.plugin_system:Skipping extension 'colcon_notification.desktop_notification.terminal_notifier': Not used on non-Darwin systems
[8.792s] INFO:colcon.colcon_core.plugin_system:Skipping extension 'colcon_notification.desktop_notification.win32': Not used on non-Windows systems
[8.792s] INFO:colcon.colcon_notification.desktop_notification:Sending desktop notification using 'notify2'
[8.808s] DEBUG:colcon.colcon_core.event_reactor:joined thread
[8.809s] INFO:colcon.colcon_core.shell:Creating prefix script '/home/max/github/VisionArm/ROS2/install/local_setup.ps1'
[8.810s] INFO:colcon.colcon_core.shell:Creating prefix util module '/home/max/github/VisionArm/ROS2/install/_local_setup_util_ps1.py'
[8.813s] INFO:colcon.colcon_core.shell:Creating prefix chain script '/home/max/github/VisionArm/ROS2/install/setup.ps1'
[8.816s] INFO:colcon.colcon_core.shell:Creating prefix script '/home/max/github/VisionArm/ROS2/install/local_setup.sh'
[8.818s] INFO:colcon.colcon_core.shell:Creating prefix util module '/home/max/github/VisionArm/ROS2/install/_local_setup_util_sh.py'
[8.819s] INFO:colcon.colcon_core.shell:Creating prefix chain script '/home/max/github/VisionArm/ROS2/install/setup.sh'
[8.820s] INFO:colcon.colcon_core.shell:Creating prefix script '/home/max/github/VisionArm/ROS2/install/local_setup.bash'
[8.821s] INFO:colcon.colcon_core.shell:Creating prefix chain script '/home/max/github/VisionArm/ROS2/install/setup.bash'
[8.823s] INFO:colcon.colcon_core.shell:Creating prefix script '/home/max/github/VisionArm/ROS2/install/local_setup.zsh'
[8.824s] INFO:colcon.colcon_core.shell:Creating prefix chain script '/home/max/github/VisionArm/ROS2/install/setup.zsh'
