[0.014s] Invoking command in '/home/max/github/VisionArm/ROS2/build/annin_ar4_gazebo': AMENT_PREFIX_PATH=/home/max/github/VisionArm/ROS2/install/annin_ar4_driver:/home/max/github/VisionArm/ROS2/install/annin_ar4_description:${AMENT_PREFIX_PATH} CMAKE_PREFIX_PATH=/home/max/github/VisionArm/ROS2/install/annin_ar4_driver:/home/max/github/VisionArm/ROS2/install/annin_ar4_description:/opt/ros/jazzy/opt/gz_sim_vendor:/opt/ros/jazzy/opt/gz_sensors_vendor:/opt/ros/jazzy/opt/gz_physics_vendor:/opt/ros/jazzy/opt/sdformat_vendor:/opt/ros/jazzy/opt/gz_gui_vendor:/opt/ros/jazzy/opt/gz_transport_vendor:/opt/ros/jazzy/opt/gz_rendering_vendor:/opt/ros/jazzy/opt/gz_plugin_vendor:/opt/ros/jazzy/opt/gz_fuel_tools_vendor:/opt/ros/jazzy/opt/gz_msgs_vendor:/opt/ros/jazzy/opt/gz_common_vendor:/opt/ros/jazzy/opt/gz_math_vendor:/opt/ros/jazzy/opt/gz_utils_vendor:/opt/ros/jazzy/opt/gz_tools_vendor:/opt/ros/jazzy/opt/gz_ogre_next_vendor:/opt/ros/jazzy/opt/gz_dartsim_vendor:/opt/ros/jazzy/opt/gz_cmake_vendor:/opt/ros/jazzy DEBUGINFOD_URLS=https://debuginfod.ubuntu.com LD_LIBRARY_PATH=/home/max/github/VisionArm/ROS2/install/annin_ar4_driver/lib:${LD_LIBRARY_PATH} /usr/bin/cmake /home/max/github/VisionArm/ROS2/ar4_ros_driver/annin_ar4_gazebo -DAMENT_CMAKE_SYMLINK_INSTALL=1 -DCMAKE_INSTALL_PREFIX=/home/max/github/VisionArm/ROS2/install/annin_ar4_gazebo
[0.076s] -- The C compiler identification is GNU 13.3.0
[0.124s] -- The CXX compiler identification is GNU 13.3.0
[0.140s] -- Detecting C compiler ABI info
[0.217s] -- Detecting C compiler ABI info - done
[0.223s] -- Check for working C compiler: /usr/bin/cc - skipped
[0.224s] -- Detecting C compile features
[0.224s] -- Detecting C compile features - done
[0.233s] -- Detecting CXX compiler ABI info
[0.320s] -- Detecting CXX compiler ABI info - done
[0.325s] -- Check for working CXX compiler: /usr/bin/c++ - skipped
[0.325s] -- Detecting CXX compile features
[0.326s] -- Detecting CXX compile features - done
[0.332s] -- Found ament_cmake: 2.5.4 (/opt/ros/jazzy/share/ament_cmake/cmake)
[0.458s] -- Found Python3: /usr/bin/python3 (found version "3.12.3") found components: Interpreter 
[0.516s] -- Override CMake install command with custom implementation using symlinks instead of copying resources
[0.638s] -- Configuring done (0.6s)
[0.642s] -- Generating done (0.0s)
[0.642s] -- Build files have been written to: /home/max/github/VisionArm/ROS2/build/annin_ar4_gazebo
[0.646s] Invoked command in '/home/max/github/VisionArm/ROS2/build/annin_ar4_gazebo' returned '0': AMENT_PREFIX_PATH=/home/max/github/VisionArm/ROS2/install/annin_ar4_driver:/home/max/github/VisionArm/ROS2/install/annin_ar4_description:${AMENT_PREFIX_PATH} CMAKE_PREFIX_PATH=/home/max/github/VisionArm/ROS2/install/annin_ar4_driver:/home/max/github/VisionArm/ROS2/install/annin_ar4_description:/opt/ros/jazzy/opt/gz_sim_vendor:/opt/ros/jazzy/opt/gz_sensors_vendor:/opt/ros/jazzy/opt/gz_physics_vendor:/opt/ros/jazzy/opt/sdformat_vendor:/opt/ros/jazzy/opt/gz_gui_vendor:/opt/ros/jazzy/opt/gz_transport_vendor:/opt/ros/jazzy/opt/gz_rendering_vendor:/opt/ros/jazzy/opt/gz_plugin_vendor:/opt/ros/jazzy/opt/gz_fuel_tools_vendor:/opt/ros/jazzy/opt/gz_msgs_vendor:/opt/ros/jazzy/opt/gz_common_vendor:/opt/ros/jazzy/opt/gz_math_vendor:/opt/ros/jazzy/opt/gz_utils_vendor:/opt/ros/jazzy/opt/gz_tools_vendor:/opt/ros/jazzy/opt/gz_ogre_next_vendor:/opt/ros/jazzy/opt/gz_dartsim_vendor:/opt/ros/jazzy/opt/gz_cmake_vendor:/opt/ros/jazzy DEBUGINFOD_URLS=https://debuginfod.ubuntu.com LD_LIBRARY_PATH=/home/max/github/VisionArm/ROS2/install/annin_ar4_driver/lib:${LD_LIBRARY_PATH} /usr/bin/cmake /home/max/github/VisionArm/ROS2/ar4_ros_driver/annin_ar4_gazebo -DAMENT_CMAKE_SYMLINK_INSTALL=1 -DCMAKE_INSTALL_PREFIX=/home/max/github/VisionArm/ROS2/install/annin_ar4_gazebo
[0.647s] Invoking command in '/home/max/github/VisionArm/ROS2/build/annin_ar4_gazebo': AMENT_PREFIX_PATH=/home/max/github/VisionArm/ROS2/install/annin_ar4_driver:/home/max/github/VisionArm/ROS2/install/annin_ar4_description:${AMENT_PREFIX_PATH} CMAKE_PREFIX_PATH=/home/max/github/VisionArm/ROS2/install/annin_ar4_driver:/home/max/github/VisionArm/ROS2/install/annin_ar4_description:/opt/ros/jazzy/opt/gz_sim_vendor:/opt/ros/jazzy/opt/gz_sensors_vendor:/opt/ros/jazzy/opt/gz_physics_vendor:/opt/ros/jazzy/opt/sdformat_vendor:/opt/ros/jazzy/opt/gz_gui_vendor:/opt/ros/jazzy/opt/gz_transport_vendor:/opt/ros/jazzy/opt/gz_rendering_vendor:/opt/ros/jazzy/opt/gz_plugin_vendor:/opt/ros/jazzy/opt/gz_fuel_tools_vendor:/opt/ros/jazzy/opt/gz_msgs_vendor:/opt/ros/jazzy/opt/gz_common_vendor:/opt/ros/jazzy/opt/gz_math_vendor:/opt/ros/jazzy/opt/gz_utils_vendor:/opt/ros/jazzy/opt/gz_tools_vendor:/opt/ros/jazzy/opt/gz_ogre_next_vendor:/opt/ros/jazzy/opt/gz_dartsim_vendor:/opt/ros/jazzy/opt/gz_cmake_vendor:/opt/ros/jazzy DEBUGINFOD_URLS=https://debuginfod.ubuntu.com LD_LIBRARY_PATH=/home/max/github/VisionArm/ROS2/install/annin_ar4_driver/lib:${LD_LIBRARY_PATH} /usr/bin/cmake --build /home/max/github/VisionArm/ROS2/build/annin_ar4_gazebo -- -j4 -l4
[0.685s] Invoked command in '/home/max/github/VisionArm/ROS2/build/annin_ar4_gazebo' returned '0': AMENT_PREFIX_PATH=/home/max/github/VisionArm/ROS2/install/annin_ar4_driver:/home/max/github/VisionArm/ROS2/install/annin_ar4_description:${AMENT_PREFIX_PATH} CMAKE_PREFIX_PATH=/home/max/github/VisionArm/ROS2/install/annin_ar4_driver:/home/max/github/VisionArm/ROS2/install/annin_ar4_description:/opt/ros/jazzy/opt/gz_sim_vendor:/opt/ros/jazzy/opt/gz_sensors_vendor:/opt/ros/jazzy/opt/gz_physics_vendor:/opt/ros/jazzy/opt/sdformat_vendor:/opt/ros/jazzy/opt/gz_gui_vendor:/opt/ros/jazzy/opt/gz_transport_vendor:/opt/ros/jazzy/opt/gz_rendering_vendor:/opt/ros/jazzy/opt/gz_plugin_vendor:/opt/ros/jazzy/opt/gz_fuel_tools_vendor:/opt/ros/jazzy/opt/gz_msgs_vendor:/opt/ros/jazzy/opt/gz_common_vendor:/opt/ros/jazzy/opt/gz_math_vendor:/opt/ros/jazzy/opt/gz_utils_vendor:/opt/ros/jazzy/opt/gz_tools_vendor:/opt/ros/jazzy/opt/gz_ogre_next_vendor:/opt/ros/jazzy/opt/gz_dartsim_vendor:/opt/ros/jazzy/opt/gz_cmake_vendor:/opt/ros/jazzy DEBUGINFOD_URLS=https://debuginfod.ubuntu.com LD_LIBRARY_PATH=/home/max/github/VisionArm/ROS2/install/annin_ar4_driver/lib:${LD_LIBRARY_PATH} /usr/bin/cmake --build /home/max/github/VisionArm/ROS2/build/annin_ar4_gazebo -- -j4 -l4
[0.686s] Invoking command in '/home/max/github/VisionArm/ROS2/build/annin_ar4_gazebo': AMENT_PREFIX_PATH=/home/max/github/VisionArm/ROS2/install/annin_ar4_driver:/home/max/github/VisionArm/ROS2/install/annin_ar4_description:${AMENT_PREFIX_PATH} CMAKE_PREFIX_PATH=/home/max/github/VisionArm/ROS2/install/annin_ar4_driver:/home/max/github/VisionArm/ROS2/install/annin_ar4_description:/opt/ros/jazzy/opt/gz_sim_vendor:/opt/ros/jazzy/opt/gz_sensors_vendor:/opt/ros/jazzy/opt/gz_physics_vendor:/opt/ros/jazzy/opt/sdformat_vendor:/opt/ros/jazzy/opt/gz_gui_vendor:/opt/ros/jazzy/opt/gz_transport_vendor:/opt/ros/jazzy/opt/gz_rendering_vendor:/opt/ros/jazzy/opt/gz_plugin_vendor:/opt/ros/jazzy/opt/gz_fuel_tools_vendor:/opt/ros/jazzy/opt/gz_msgs_vendor:/opt/ros/jazzy/opt/gz_common_vendor:/opt/ros/jazzy/opt/gz_math_vendor:/opt/ros/jazzy/opt/gz_utils_vendor:/opt/ros/jazzy/opt/gz_tools_vendor:/opt/ros/jazzy/opt/gz_ogre_next_vendor:/opt/ros/jazzy/opt/gz_dartsim_vendor:/opt/ros/jazzy/opt/gz_cmake_vendor:/opt/ros/jazzy DEBUGINFOD_URLS=https://debuginfod.ubuntu.com LD_LIBRARY_PATH=/home/max/github/VisionArm/ROS2/install/annin_ar4_driver/lib:${LD_LIBRARY_PATH} /usr/bin/cmake --install /home/max/github/VisionArm/ROS2/build/annin_ar4_gazebo
[0.694s] -- Install configuration: ""
[0.694s] -- Execute custom install script
[0.695s] -- Symlinking: /home/max/github/VisionArm/ROS2/install/annin_ar4_gazebo/share/annin_ar4_gazebo/launch/gazebo.launch.py
[0.703s] -- Symlinking: /home/max/github/VisionArm/ROS2/install/annin_ar4_gazebo/share/annin_ar4_gazebo/worlds/empty.world
[0.711s] -- Symlinking: /home/max/github/VisionArm/ROS2/install/annin_ar4_gazebo/share/ament_index/resource_index/package_run_dependencies/annin_ar4_gazebo
[0.719s] -- Symlinking: /home/max/github/VisionArm/ROS2/install/annin_ar4_gazebo/share/ament_index/resource_index/parent_prefix_path/annin_ar4_gazebo
[0.726s] -- Symlinking: /home/max/github/VisionArm/ROS2/install/annin_ar4_gazebo/share/annin_ar4_gazebo/environment/ament_prefix_path.sh
[0.733s] -- Symlinking: /home/max/github/VisionArm/ROS2/install/annin_ar4_gazebo/share/annin_ar4_gazebo/environment/ament_prefix_path.dsv
[0.741s] -- Symlinking: /home/max/github/VisionArm/ROS2/install/annin_ar4_gazebo/share/annin_ar4_gazebo/environment/path.sh
[0.749s] -- Symlinking: /home/max/github/VisionArm/ROS2/install/annin_ar4_gazebo/share/annin_ar4_gazebo/environment/path.dsv
[0.758s] -- Symlinking: /home/max/github/VisionArm/ROS2/install/annin_ar4_gazebo/share/annin_ar4_gazebo/local_setup.bash
[0.766s] -- Symlinking: /home/max/github/VisionArm/ROS2/install/annin_ar4_gazebo/share/annin_ar4_gazebo/local_setup.sh
[0.775s] -- Symlinking: /home/max/github/VisionArm/ROS2/install/annin_ar4_gazebo/share/annin_ar4_gazebo/local_setup.zsh
[0.784s] -- Symlinking: /home/max/github/VisionArm/ROS2/install/annin_ar4_gazebo/share/annin_ar4_gazebo/local_setup.dsv
[0.795s] -- Symlinking: /home/max/github/VisionArm/ROS2/install/annin_ar4_gazebo/share/annin_ar4_gazebo/package.dsv
[0.806s] -- Symlinking: /home/max/github/VisionArm/ROS2/install/annin_ar4_gazebo/share/ament_index/resource_index/packages/annin_ar4_gazebo
[0.817s] -- Symlinking: /home/max/github/VisionArm/ROS2/install/annin_ar4_gazebo/share/annin_ar4_gazebo/cmake/annin_ar4_gazeboConfig.cmake
[0.826s] -- Symlinking: /home/max/github/VisionArm/ROS2/install/annin_ar4_gazebo/share/annin_ar4_gazebo/cmake/annin_ar4_gazeboConfig-version.cmake
[0.835s] -- Symlinking: /home/max/github/VisionArm/ROS2/install/annin_ar4_gazebo/share/annin_ar4_gazebo/package.xml
[0.846s] Invoked command in '/home/max/github/VisionArm/ROS2/build/annin_ar4_gazebo' returned '0': AMENT_PREFIX_PATH=/home/max/github/VisionArm/ROS2/install/annin_ar4_driver:/home/max/github/VisionArm/ROS2/install/annin_ar4_description:${AMENT_PREFIX_PATH} CMAKE_PREFIX_PATH=/home/max/github/VisionArm/ROS2/install/annin_ar4_driver:/home/max/github/VisionArm/ROS2/install/annin_ar4_description:/opt/ros/jazzy/opt/gz_sim_vendor:/opt/ros/jazzy/opt/gz_sensors_vendor:/opt/ros/jazzy/opt/gz_physics_vendor:/opt/ros/jazzy/opt/sdformat_vendor:/opt/ros/jazzy/opt/gz_gui_vendor:/opt/ros/jazzy/opt/gz_transport_vendor:/opt/ros/jazzy/opt/gz_rendering_vendor:/opt/ros/jazzy/opt/gz_plugin_vendor:/opt/ros/jazzy/opt/gz_fuel_tools_vendor:/opt/ros/jazzy/opt/gz_msgs_vendor:/opt/ros/jazzy/opt/gz_common_vendor:/opt/ros/jazzy/opt/gz_math_vendor:/opt/ros/jazzy/opt/gz_utils_vendor:/opt/ros/jazzy/opt/gz_tools_vendor:/opt/ros/jazzy/opt/gz_ogre_next_vendor:/opt/ros/jazzy/opt/gz_dartsim_vendor:/opt/ros/jazzy/opt/gz_cmake_vendor:/opt/ros/jazzy DEBUGINFOD_URLS=https://debuginfod.ubuntu.com LD_LIBRARY_PATH=/home/max/github/VisionArm/ROS2/install/annin_ar4_driver/lib:${LD_LIBRARY_PATH} /usr/bin/cmake --install /home/max/github/VisionArm/ROS2/build/annin_ar4_gazebo
